[2026-01-06T12:02:20.860+0000] {taskinstance.py:1956} INFO - Dependencies all met for dep_context=non-requeueable deps ti=<TaskInstance: co2_emissions_databricks_etl.check_emission_alerts manual__2026-01-06T11:58:58.132575+00:00 [queued]>
[2026-01-06T12:02:20.871+0000] {taskinstance.py:1956} INFO - Dependencies all met for dep_context=requeueable deps ti=<TaskInstance: co2_emissions_databricks_etl.check_emission_alerts manual__2026-01-06T11:58:58.132575+00:00 [queued]>
[2026-01-06T12:02:20.872+0000] {taskinstance.py:2170} INFO - Starting attempt 1 of 3
[2026-01-06T12:02:20.889+0000] {taskinstance.py:2191} INFO - Executing <Task(ShortCircuitOperator): check_emission_alerts> on 2026-01-06 11:58:58.132575+00:00
[2026-01-06T12:02:20.895+0000] {standard_task_runner.py:60} INFO - Started process 3995 to run task
[2026-01-06T12:02:20.899+0000] {standard_task_runner.py:87} INFO - Running: ['***', 'tasks', 'run', 'co2_emissions_databricks_etl', 'check_emission_alerts', 'manual__2026-01-06T11:58:58.132575+00:00', '--job-id', '36', '--raw', '--subdir', 'DAGS_FOLDER/co2_emissions.py', '--cfg-path', '/tmp/tmphr0ohs2i']
[2026-01-06T12:02:20.902+0000] {standard_task_runner.py:88} INFO - Job 36: Subtask check_emission_alerts
[2026-01-06T12:02:20.982+0000] {task_command.py:423} INFO - Running <TaskInstance: co2_emissions_databricks_etl.check_emission_alerts manual__2026-01-06T11:58:58.132575+00:00 [running]> on host f2fb2b408209
[2026-01-06T12:02:21.075+0000] {taskinstance.py:2480} INFO - Exporting env vars: AIRFLOW_CTX_DAG_OWNER='Nikhitha' AIRFLOW_CTX_DAG_ID='co2_emissions_databricks_etl' AIRFLOW_CTX_TASK_ID='check_emission_alerts' AIRFLOW_CTX_EXECUTION_DATE='2026-01-06T11:58:58.132575+00:00' AIRFLOW_CTX_TRY_NUMBER='1' AIRFLOW_CTX_DAG_RUN_ID='manual__2026-01-06T11:58:58.132575+00:00'
[2026-01-06T12:02:21.077+0000] {co2_emissions.py:33} INFO - 🔍 Checking CO₂ emission alerts in GOLD table...
[2026-01-06T12:02:21.103+0000] {base.py:83} INFO - Using connection ID 'databricks_default' for task execution.
[2026-01-06T12:02:25.585+0000] {client.py:200} INFO - Successfully opened session 01f0eaf7-8fe5-1100-af76-a7fcf39dd245
[2026-01-06T12:02:25.588+0000] {sql.py:450} INFO - Running statement: SELECT COUNT(*)
    FROM co2_emissions.default.gold_emission_alerts
    WHERE alert_status = 'ALERT', parameters: None
[2026-01-06T12:02:50.663+0000] {client.py:258} INFO - Closing session 01f0eaf7-8fe5-1100-af76-a7fcf39dd245
[2026-01-06T12:02:50.997+0000] {co2_emissions.py:47} INFO - 🚨 Alert count: 17
[2026-01-06T12:02:50.999+0000] {python.py:201} INFO - Done. Returned value was: True
[2026-01-06T12:02:51.001+0000] {python.py:268} INFO - Condition result is True
[2026-01-06T12:02:51.002+0000] {python.py:271} INFO - Proceeding with downstream tasks...
[2026-01-06T12:02:51.054+0000] {taskinstance.py:1138} INFO - Marking task as SUCCESS. dag_id=co2_emissions_databricks_etl, task_id=check_emission_alerts, execution_date=20260106T115858, start_date=20260106T120220, end_date=20260106T120251
[2026-01-06T12:02:51.056+0000] {co2_emissions.py:136} INFO - ✅ Pipeline completed in 30.193113s
[2026-01-06T12:02:51.093+0000] {local_task_job_runner.py:234} INFO - Task exited with return code 0
[2026-01-06T12:02:51.129+0000] {taskinstance.py:3280} INFO - 1 downstream tasks scheduled from follow-on schedule check
