[2026-01-06T06:49:40.765+0000] {taskinstance.py:1956} INFO - Dependencies all met for dep_context=non-requeueable deps ti=<TaskInstance: co2_emissions_databricks_etl.check_emission_alerts manual__2026-01-06T06:46:19.684381+00:00 [queued]>
[2026-01-06T06:49:40.774+0000] {taskinstance.py:1956} INFO - Dependencies all met for dep_context=requeueable deps ti=<TaskInstance: co2_emissions_databricks_etl.check_emission_alerts manual__2026-01-06T06:46:19.684381+00:00 [queued]>
[2026-01-06T06:49:40.775+0000] {taskinstance.py:2170} INFO - Starting attempt 1 of 3
[2026-01-06T06:49:40.791+0000] {taskinstance.py:2191} INFO - Executing <Task(ShortCircuitOperator): check_emission_alerts> on 2026-01-06 06:46:19.684381+00:00
[2026-01-06T06:49:40.803+0000] {standard_task_runner.py:60} INFO - Started process 858 to run task
[2026-01-06T06:49:40.806+0000] {standard_task_runner.py:87} INFO - Running: ['***', 'tasks', 'run', 'co2_emissions_databricks_etl', 'check_emission_alerts', 'manual__2026-01-06T06:46:19.684381+00:00', '--job-id', '17', '--raw', '--subdir', 'DAGS_FOLDER/co2_emissions.py', '--cfg-path', '/tmp/tmp_siwqlfi']
[2026-01-06T06:49:40.809+0000] {standard_task_runner.py:88} INFO - Job 17: Subtask check_emission_alerts
[2026-01-06T06:49:40.871+0000] {task_command.py:423} INFO - Running <TaskInstance: co2_emissions_databricks_etl.check_emission_alerts manual__2026-01-06T06:46:19.684381+00:00 [running]> on host f2fb2b408209
[2026-01-06T06:49:40.960+0000] {taskinstance.py:2480} INFO - Exporting env vars: AIRFLOW_CTX_DAG_OWNER='Nikhitha' AIRFLOW_CTX_DAG_ID='co2_emissions_databricks_etl' AIRFLOW_CTX_TASK_ID='check_emission_alerts' AIRFLOW_CTX_EXECUTION_DATE='2026-01-06T06:46:19.684381+00:00' AIRFLOW_CTX_TRY_NUMBER='1' AIRFLOW_CTX_DAG_RUN_ID='manual__2026-01-06T06:46:19.684381+00:00'
[2026-01-06T06:49:40.962+0000] {co2_emissions.py:33} INFO - 🔍 Checking CO₂ emission alerts in GOLD table...
[2026-01-06T06:49:41.011+0000] {base.py:83} INFO - Using connection ID 'databricks_default' for task execution.
[2026-01-06T06:49:41.023+0000] {taskinstance.py:2698} ERROR - Task failed with exception
Traceback (most recent call last):
  File "/home/airflow/.local/lib/python3.8/site-packages/airflow/models/taskinstance.py", line 433, in _execute_task
    result = execute_callable(context=context, **execute_callable_kwargs)
  File "/home/airflow/.local/lib/python3.8/site-packages/airflow/operators/python.py", line 267, in execute
    condition = super().execute(context)
  File "/home/airflow/.local/lib/python3.8/site-packages/airflow/operators/python.py", line 199, in execute
    return_value = self.execute_callable()
  File "/home/airflow/.local/lib/python3.8/site-packages/airflow/operators/python.py", line 216, in execute_callable
    return self.python_callable(*self.op_args, **self.op_kwargs)
  File "/opt/airflow/dags/co2_emissions.py", line 45, in check_emission_alerts
    alert_count = hook.get_first(sql)[0]
  File "/home/airflow/.local/lib/python3.8/site-packages/airflow/providers/common/sql/hooks/sql.py", line 270, in get_first
    return self.run(sql=sql, parameters=parameters, handler=fetch_one_handler)
  File "/home/airflow/.local/lib/python3.8/site-packages/airflow/providers/databricks/hooks/databricks_sql.py", line 246, in run
    conn = self.get_conn()
  File "/home/airflow/.local/lib/python3.8/site-packages/airflow/providers/databricks/hooks/databricks_sql.py", line 142, in get_conn
    raise AirflowException(
airflow.exceptions.AirflowException: http_path should be provided either explicitly, or in extra parameter of Databricks connection, or sql_endpoint_name should be specified
[2026-01-06T06:49:41.039+0000] {taskinstance.py:1138} INFO - Marking task as UP_FOR_RETRY. dag_id=co2_emissions_databricks_etl, task_id=check_emission_alerts, execution_date=20260106T064619, start_date=20260106T064940, end_date=20260106T064941
[2026-01-06T06:49:41.058+0000] {standard_task_runner.py:107} ERROR - Failed to execute job 17 for task check_emission_alerts (http_path should be provided either explicitly, or in extra parameter of Databricks connection, or sql_endpoint_name should be specified; 858)
[2026-01-06T06:49:41.102+0000] {local_task_job_runner.py:234} INFO - Task exited with return code 1
[2026-01-06T06:49:41.129+0000] {taskinstance.py:3280} INFO - 0 downstream tasks scheduled from follow-on schedule check
