[2026-01-05T14:36:05.446+0000] {taskinstance.py:1956} INFO - Dependencies all met for dep_context=non-requeueable deps ti=<TaskInstance: co2_emissions_databricks_etl.run_co2_emissions_serverless_job manual__2026-01-05T14:35:59.066320+00:00 [queued]>
[2026-01-05T14:36:05.476+0000] {taskinstance.py:1956} INFO - Dependencies all met for dep_context=requeueable deps ti=<TaskInstance: co2_emissions_databricks_etl.run_co2_emissions_serverless_job manual__2026-01-05T14:35:59.066320+00:00 [queued]>
[2026-01-05T14:36:05.477+0000] {taskinstance.py:2170} INFO - Starting attempt 1 of 2
[2026-01-05T14:36:05.515+0000] {taskinstance.py:2191} INFO - Executing <Task(DatabricksRunNowOperator): run_co2_emissions_serverless_job> on 2026-01-05 14:35:59.066320+00:00
[2026-01-05T14:36:05.528+0000] {standard_task_runner.py:60} INFO - Started process 203 to run task
[2026-01-05T14:36:05.534+0000] {standard_task_runner.py:87} INFO - Running: ['***', 'tasks', 'run', 'co2_emissions_databricks_etl', 'run_co2_emissions_serverless_job', 'manual__2026-01-05T14:35:59.066320+00:00', '--job-id', '2', '--raw', '--subdir', 'DAGS_FOLDER/co2_emissions.py', '--cfg-path', '/tmp/tmpe0kp8z0w']
[2026-01-05T14:36:05.538+0000] {standard_task_runner.py:88} INFO - Job 2: Subtask run_co2_emissions_serverless_job
[2026-01-05T14:36:05.662+0000] {task_command.py:423} INFO - Running <TaskInstance: co2_emissions_databricks_etl.run_co2_emissions_serverless_job manual__2026-01-05T14:35:59.066320+00:00 [running]> on host d169264715c1
[2026-01-05T14:36:05.858+0000] {taskinstance.py:2480} INFO - Exporting env vars: AIRFLOW_CTX_DAG_OWNER='Nikhitha' AIRFLOW_CTX_DAG_ID='co2_emissions_databricks_etl' AIRFLOW_CTX_TASK_ID='run_co2_emissions_serverless_job' AIRFLOW_CTX_EXECUTION_DATE='2026-01-05T14:35:59.066320+00:00' AIRFLOW_CTX_TRY_NUMBER='1' AIRFLOW_CTX_DAG_RUN_ID='manual__2026-01-05T14:35:59.066320+00:00'
[2026-01-05T14:36:05.910+0000] {base.py:83} INFO - Using connection ID 'databricks_default' for task execution.
[2026-01-05T14:36:07.869+0000] {databricks.py:66} INFO - Run submitted with run_id: 606919504605232
[2026-01-05T14:36:10.222+0000] {databricks.py:128} INFO - run_co2_emissions_serverless_job in run state: {'life_cycle_state': 'RUNNING', 'result_state': '', 'state_message': ''}
[2026-01-05T14:36:10.224+0000] {databricks.py:129} INFO - View run status, Spark UI, and logs at https://dbc-389d0d10-a61e.cloud.databricks.com/?o=4190360109511435#job/166685760796878/run/606919504605232
[2026-01-05T14:36:10.224+0000] {databricks.py:130} INFO - Sleeping for 30 seconds.
[2026-01-05T14:36:41.326+0000] {databricks.py:128} INFO - run_co2_emissions_serverless_job in run state: {'life_cycle_state': 'RUNNING', 'result_state': '', 'state_message': ''}
[2026-01-05T14:36:41.328+0000] {databricks.py:129} INFO - View run status, Spark UI, and logs at https://dbc-389d0d10-a61e.cloud.databricks.com/?o=4190360109511435#job/166685760796878/run/606919504605232
[2026-01-05T14:36:41.328+0000] {databricks.py:130} INFO - Sleeping for 30 seconds.
[2026-01-05T14:37:12.419+0000] {databricks.py:128} INFO - run_co2_emissions_serverless_job in run state: {'life_cycle_state': 'RUNNING', 'result_state': '', 'state_message': ''}
[2026-01-05T14:37:12.421+0000] {databricks.py:129} INFO - View run status, Spark UI, and logs at https://dbc-389d0d10-a61e.cloud.databricks.com/?o=4190360109511435#job/166685760796878/run/606919504605232
[2026-01-05T14:37:12.422+0000] {databricks.py:130} INFO - Sleeping for 30 seconds.
[2026-01-05T14:37:43.630+0000] {databricks.py:128} INFO - run_co2_emissions_serverless_job in run state: {'life_cycle_state': 'RUNNING', 'result_state': '', 'state_message': ''}
[2026-01-05T14:37:43.633+0000] {databricks.py:129} INFO - View run status, Spark UI, and logs at https://dbc-389d0d10-a61e.cloud.databricks.com/?o=4190360109511435#job/166685760796878/run/606919504605232
[2026-01-05T14:37:43.634+0000] {databricks.py:130} INFO - Sleeping for 30 seconds.
[2026-01-05T14:38:15.065+0000] {databricks.py:128} INFO - run_co2_emissions_serverless_job in run state: {'life_cycle_state': 'RUNNING', 'result_state': '', 'state_message': ''}
[2026-01-05T14:38:15.067+0000] {databricks.py:129} INFO - View run status, Spark UI, and logs at https://dbc-389d0d10-a61e.cloud.databricks.com/?o=4190360109511435#job/166685760796878/run/606919504605232
[2026-01-05T14:38:15.069+0000] {databricks.py:130} INFO - Sleeping for 30 seconds.
[2026-01-05T14:38:46.233+0000] {databricks.py:128} INFO - run_co2_emissions_serverless_job in run state: {'life_cycle_state': 'RUNNING', 'result_state': '', 'state_message': ''}
[2026-01-05T14:38:46.235+0000] {databricks.py:129} INFO - View run status, Spark UI, and logs at https://dbc-389d0d10-a61e.cloud.databricks.com/?o=4190360109511435#job/166685760796878/run/606919504605232
[2026-01-05T14:38:46.236+0000] {databricks.py:130} INFO - Sleeping for 30 seconds.
[2026-01-05T14:39:17.489+0000] {databricks.py:77} INFO - run_co2_emissions_serverless_job completed successfully.
[2026-01-05T14:39:17.491+0000] {databricks.py:78} INFO - View run status, Spark UI, and logs at https://dbc-389d0d10-a61e.cloud.databricks.com/?o=4190360109511435#job/166685760796878/run/606919504605232
[2026-01-05T14:39:17.818+0000] {taskinstance.py:1138} INFO - Marking task as SUCCESS. dag_id=co2_emissions_databricks_etl, task_id=run_co2_emissions_serverless_job, execution_date=20260105T143559, start_date=20260105T143605, end_date=20260105T143917
[2026-01-05T14:39:18.029+0000] {local_task_job_runner.py:234} INFO - Task exited with return code 0
[2026-01-05T14:39:18.199+0000] {taskinstance.py:3280} INFO - 0 downstream tasks scheduled from follow-on schedule check
