[2026-01-06T05:24:36.583+0000] {taskinstance.py:1956} INFO - Dependencies all met for dep_context=non-requeueable deps ti=<TaskInstance: co2_emissions_databricks_etl.send_emission_alert_email manual__2026-01-06T05:11:11.094382+00:00 [queued]>
[2026-01-06T05:24:36.599+0000] {taskinstance.py:1956} INFO - Dependencies all met for dep_context=requeueable deps ti=<TaskInstance: co2_emissions_databricks_etl.send_emission_alert_email manual__2026-01-06T05:11:11.094382+00:00 [queued]>
[2026-01-06T05:24:36.601+0000] {taskinstance.py:2170} INFO - Starting attempt 3 of 3
[2026-01-06T05:24:36.616+0000] {taskinstance.py:2191} INFO - Executing <Task(EmailOperator): send_emission_alert_email> on 2026-01-06 05:11:11.094382+00:00
[2026-01-06T05:24:36.623+0000] {standard_task_runner.py:60} INFO - Started process 325 to run task
[2026-01-06T05:24:36.627+0000] {standard_task_runner.py:87} INFO - Running: ['***', 'tasks', 'run', 'co2_emissions_databricks_etl', 'send_emission_alert_email', 'manual__2026-01-06T05:11:11.094382+00:00', '--job-id', '12', '--raw', '--subdir', 'DAGS_FOLDER/co2_emissions.py', '--cfg-path', '/tmp/tmpvrg0hotc']
[2026-01-06T05:24:36.630+0000] {standard_task_runner.py:88} INFO - Job 12: Subtask send_emission_alert_email
[2026-01-06T05:24:36.719+0000] {task_command.py:423} INFO - Running <TaskInstance: co2_emissions_databricks_etl.send_emission_alert_email manual__2026-01-06T05:11:11.094382+00:00 [running]> on host e80096be5062
[2026-01-06T05:24:36.814+0000] {taskinstance.py:2480} INFO - Exporting env vars: AIRFLOW_CTX_DAG_OWNER='Nikhitha' AIRFLOW_CTX_DAG_ID='co2_emissions_databricks_etl' AIRFLOW_CTX_TASK_ID='send_emission_alert_email' AIRFLOW_CTX_EXECUTION_DATE='2026-01-06T05:11:11.094382+00:00' AIRFLOW_CTX_TRY_NUMBER='3' AIRFLOW_CTX_DAG_RUN_ID='manual__2026-01-06T05:11:11.094382+00:00'
[2026-01-06T05:24:36.832+0000] {logging_mixin.py:188} WARNING - /home/***/.local/lib/python3.8/site-packages/***/utils/email.py:154 RemovedInAirflow3Warning: Fetching SMTP credentials from configuration variables will be deprecated in a future release. Please set credentials using a connection instead.
[2026-01-06T05:24:36.833+0000] {configuration.py:1046} WARNING - section/key [smtp/smtp_user] not found in config
[2026-01-06T05:24:36.835+0000] {email.py:270} INFO - Email alerting: attempt 1
[2026-01-06T05:24:36.838+0000] {taskinstance.py:2698} ERROR - Task failed with exception
Traceback (most recent call last):
  File "/home/airflow/.local/lib/python3.8/site-packages/airflow/models/taskinstance.py", line 433, in _execute_task
    result = execute_callable(context=context, **execute_callable_kwargs)
  File "/home/airflow/.local/lib/python3.8/site-packages/airflow/operators/email.py", line 79, in execute
    send_email(
  File "/home/airflow/.local/lib/python3.8/site-packages/airflow/utils/email.py", line 80, in send_email
    return backend(
  File "/home/airflow/.local/lib/python3.8/site-packages/airflow/utils/email.py", line 154, in send_email_smtp
    send_mime_email(e_from=mail_from, e_to=recipients, mime_msg=msg, conn_id=conn_id, dryrun=dryrun)
  File "/home/airflow/.local/lib/python3.8/site-packages/airflow/utils/email.py", line 272, in send_mime_email
    smtp_conn = _get_smtp_connection(smtp_host, smtp_port, smtp_timeout, smtp_ssl)
  File "/home/airflow/.local/lib/python3.8/site-packages/airflow/utils/email.py", line 316, in _get_smtp_connection
    return smtplib.SMTP(host=host, port=port, timeout=timeout)
  File "/usr/local/lib/python3.8/smtplib.py", line 255, in __init__
    (code, msg) = self.connect(host, port)
  File "/usr/local/lib/python3.8/smtplib.py", line 339, in connect
    self.sock = self._get_socket(host, port, self.timeout)
  File "/usr/local/lib/python3.8/smtplib.py", line 310, in _get_socket
    return socket.create_connection((host, port), timeout,
  File "/usr/local/lib/python3.8/socket.py", line 808, in create_connection
    raise err
  File "/usr/local/lib/python3.8/socket.py", line 796, in create_connection
    sock.connect(sa)
ConnectionRefusedError: [Errno 111] Connection refused
[2026-01-06T05:24:36.849+0000] {taskinstance.py:1138} INFO - Marking task as FAILED. dag_id=co2_emissions_databricks_etl, task_id=send_emission_alert_email, execution_date=20260106T051111, start_date=20260106T052436, end_date=20260106T052436
[2026-01-06T05:24:36.850+0000] {co2_emissions.py:44} ERROR - ❌ Task failed: send_emission_alert_email
[2026-01-06T05:24:36.865+0000] {standard_task_runner.py:107} ERROR - Failed to execute job 12 for task send_emission_alert_email ([Errno 111] Connection refused; 325)
[2026-01-06T05:24:36.883+0000] {local_task_job_runner.py:234} INFO - Task exited with return code 1
[2026-01-06T05:24:36.906+0000] {taskinstance.py:3280} INFO - 0 downstream tasks scheduled from follow-on schedule check
