[2026-01-05T16:10:18.211+0000] {taskinstance.py:1956} INFO - Dependencies all met for dep_context=non-requeueable deps ti=<TaskInstance: co2_emissions_databricks_etl.run_co2_emissions_serverless_job manual__2026-01-05T16:10:13.973572+00:00 [queued]>
[2026-01-05T16:10:18.224+0000] {taskinstance.py:1956} INFO - Dependencies all met for dep_context=requeueable deps ti=<TaskInstance: co2_emissions_databricks_etl.run_co2_emissions_serverless_job manual__2026-01-05T16:10:13.973572+00:00 [queued]>
[2026-01-05T16:10:18.225+0000] {taskinstance.py:2170} INFO - Starting attempt 1 of 3
[2026-01-05T16:10:18.243+0000] {taskinstance.py:2191} INFO - Executing <Task(DatabricksRunNowOperator): run_co2_emissions_serverless_job> on 2026-01-05 16:10:13.973572+00:00
[2026-01-05T16:10:18.252+0000] {standard_task_runner.py:60} INFO - Started process 189 to run task
[2026-01-05T16:10:18.257+0000] {standard_task_runner.py:87} INFO - Running: ['***', 'tasks', 'run', 'co2_emissions_databricks_etl', 'run_co2_emissions_serverless_job', 'manual__2026-01-05T16:10:13.973572+00:00', '--job-id', '3', '--raw', '--subdir', 'DAGS_FOLDER/co2_emissions.py', '--cfg-path', '/tmp/tmp7a2z9d0x']
[2026-01-05T16:10:18.261+0000] {standard_task_runner.py:88} INFO - Job 3: Subtask run_co2_emissions_serverless_job
[2026-01-05T16:10:18.376+0000] {task_command.py:423} INFO - Running <TaskInstance: co2_emissions_databricks_etl.run_co2_emissions_serverless_job manual__2026-01-05T16:10:13.973572+00:00 [running]> on host e80096be5062
[2026-01-05T16:10:18.464+0000] {taskinstance.py:2480} INFO - Exporting env vars: AIRFLOW_CTX_DAG_OWNER='Nikhitha' AIRFLOW_CTX_DAG_ID='co2_emissions_databricks_etl' AIRFLOW_CTX_TASK_ID='run_co2_emissions_serverless_job' AIRFLOW_CTX_EXECUTION_DATE='2026-01-05T16:10:13.973572+00:00' AIRFLOW_CTX_TRY_NUMBER='1' AIRFLOW_CTX_DAG_RUN_ID='manual__2026-01-05T16:10:13.973572+00:00'
[2026-01-05T16:10:18.493+0000] {base.py:83} INFO - Using connection ID 'databricks_default' for task execution.
[2026-01-05T16:10:20.835+0000] {databricks.py:66} INFO - Run submitted with run_id: 287279950048971
[2026-01-05T16:10:24.148+0000] {databricks.py:128} INFO - run_co2_emissions_serverless_job in run state: {'life_cycle_state': 'RUNNING', 'result_state': '', 'state_message': ''}
[2026-01-05T16:10:24.149+0000] {databricks.py:129} INFO - View run status, Spark UI, and logs at https://dbc-389d0d10-a61e.cloud.databricks.com/?o=4190360109511435#job/166685760796878/run/287279950048971
[2026-01-05T16:10:24.150+0000] {databricks.py:130} INFO - Sleeping for 30 seconds.
[2026-01-05T16:10:55.441+0000] {databricks.py:128} INFO - run_co2_emissions_serverless_job in run state: {'life_cycle_state': 'RUNNING', 'result_state': '', 'state_message': ''}
[2026-01-05T16:10:55.444+0000] {databricks.py:129} INFO - View run status, Spark UI, and logs at https://dbc-389d0d10-a61e.cloud.databricks.com/?o=4190360109511435#job/166685760796878/run/287279950048971
[2026-01-05T16:10:55.445+0000] {databricks.py:130} INFO - Sleeping for 30 seconds.
[2026-01-05T16:11:26.737+0000] {databricks.py:128} INFO - run_co2_emissions_serverless_job in run state: {'life_cycle_state': 'RUNNING', 'result_state': '', 'state_message': ''}
[2026-01-05T16:11:26.739+0000] {databricks.py:129} INFO - View run status, Spark UI, and logs at https://dbc-389d0d10-a61e.cloud.databricks.com/?o=4190360109511435#job/166685760796878/run/287279950048971
[2026-01-05T16:11:26.740+0000] {databricks.py:130} INFO - Sleeping for 30 seconds.
[2026-01-05T16:11:58.024+0000] {databricks.py:128} INFO - run_co2_emissions_serverless_job in run state: {'life_cycle_state': 'RUNNING', 'result_state': '', 'state_message': ''}
[2026-01-05T16:11:58.027+0000] {databricks.py:129} INFO - View run status, Spark UI, and logs at https://dbc-389d0d10-a61e.cloud.databricks.com/?o=4190360109511435#job/166685760796878/run/287279950048971
[2026-01-05T16:11:58.028+0000] {databricks.py:130} INFO - Sleeping for 30 seconds.
[2026-01-05T16:12:29.333+0000] {databricks.py:128} INFO - run_co2_emissions_serverless_job in run state: {'life_cycle_state': 'RUNNING', 'result_state': '', 'state_message': ''}
[2026-01-05T16:12:29.335+0000] {databricks.py:129} INFO - View run status, Spark UI, and logs at https://dbc-389d0d10-a61e.cloud.databricks.com/?o=4190360109511435#job/166685760796878/run/287279950048971
[2026-01-05T16:12:29.337+0000] {databricks.py:130} INFO - Sleeping for 30 seconds.
[2026-01-05T16:13:00.849+0000] {databricks.py:128} INFO - run_co2_emissions_serverless_job in run state: {'life_cycle_state': 'RUNNING', 'result_state': '', 'state_message': ''}
[2026-01-05T16:13:00.851+0000] {databricks.py:129} INFO - View run status, Spark UI, and logs at https://dbc-389d0d10-a61e.cloud.databricks.com/?o=4190360109511435#job/166685760796878/run/287279950048971
[2026-01-05T16:13:00.852+0000] {databricks.py:130} INFO - Sleeping for 30 seconds.
[2026-01-05T16:13:32.265+0000] {databricks.py:77} INFO - run_co2_emissions_serverless_job completed successfully.
[2026-01-05T16:13:32.267+0000] {databricks.py:78} INFO - View run status, Spark UI, and logs at https://dbc-389d0d10-a61e.cloud.databricks.com/?o=4190360109511435#job/166685760796878/run/287279950048971
[2026-01-05T16:13:32.460+0000] {taskinstance.py:1138} INFO - Marking task as SUCCESS. dag_id=co2_emissions_databricks_etl, task_id=run_co2_emissions_serverless_job, execution_date=20260105T161013, start_date=20260105T161018, end_date=20260105T161332
[2026-01-05T16:13:32.463+0000] {co2_emissions.py:29} INFO - ✅ Pipeline completed in 194.243649s
[2026-01-05T16:13:32.577+0000] {local_task_job_runner.py:234} INFO - Task exited with return code 0
[2026-01-05T16:13:32.681+0000] {taskinstance.py:3280} INFO - 1 downstream tasks scheduled from follow-on schedule check
