[2026-01-06T05:11:14.424+0000] {taskinstance.py:1956} INFO - Dependencies all met for dep_context=non-requeueable deps ti=<TaskInstance: co2_emissions_databricks_etl.run_co2_emissions_serverless_job manual__2026-01-06T05:11:11.094382+00:00 [queued]>
[2026-01-06T05:11:14.442+0000] {taskinstance.py:1956} INFO - Dependencies all met for dep_context=requeueable deps ti=<TaskInstance: co2_emissions_databricks_etl.run_co2_emissions_serverless_job manual__2026-01-06T05:11:11.094382+00:00 [queued]>
[2026-01-06T05:11:14.444+0000] {taskinstance.py:2170} INFO - Starting attempt 1 of 3
[2026-01-06T05:11:14.468+0000] {taskinstance.py:2191} INFO - Executing <Task(DatabricksRunNowOperator): run_co2_emissions_serverless_job> on 2026-01-06 05:11:11.094382+00:00
[2026-01-06T05:11:14.475+0000] {standard_task_runner.py:60} INFO - Started process 180 to run task
[2026-01-06T05:11:14.480+0000] {standard_task_runner.py:87} INFO - Running: ['***', 'tasks', 'run', 'co2_emissions_databricks_etl', 'run_co2_emissions_serverless_job', 'manual__2026-01-06T05:11:11.094382+00:00', '--job-id', '7', '--raw', '--subdir', 'DAGS_FOLDER/co2_emissions.py', '--cfg-path', '/tmp/tmp3my4oiei']
[2026-01-06T05:11:14.484+0000] {standard_task_runner.py:88} INFO - Job 7: Subtask run_co2_emissions_serverless_job
[2026-01-06T05:11:14.603+0000] {task_command.py:423} INFO - Running <TaskInstance: co2_emissions_databricks_etl.run_co2_emissions_serverless_job manual__2026-01-06T05:11:11.094382+00:00 [running]> on host e80096be5062
[2026-01-06T05:11:14.708+0000] {taskinstance.py:2480} INFO - Exporting env vars: AIRFLOW_CTX_DAG_OWNER='Nikhitha' AIRFLOW_CTX_DAG_ID='co2_emissions_databricks_etl' AIRFLOW_CTX_TASK_ID='run_co2_emissions_serverless_job' AIRFLOW_CTX_EXECUTION_DATE='2026-01-06T05:11:11.094382+00:00' AIRFLOW_CTX_TRY_NUMBER='1' AIRFLOW_CTX_DAG_RUN_ID='manual__2026-01-06T05:11:11.094382+00:00'
[2026-01-06T05:11:14.742+0000] {base.py:83} INFO - Using connection ID 'databricks_default' for task execution.
[2026-01-06T05:11:17.566+0000] {databricks.py:66} INFO - Run submitted with run_id: 282085447571
[2026-01-06T05:11:20.683+0000] {databricks.py:128} INFO - run_co2_emissions_serverless_job in run state: {'life_cycle_state': 'RUNNING', 'result_state': '', 'state_message': ''}
[2026-01-06T05:11:20.684+0000] {databricks.py:129} INFO - View run status, Spark UI, and logs at https://dbc-389d0d10-a61e.cloud.databricks.com/?o=4190360109511435#job/166685760796878/run/282085447571
[2026-01-06T05:11:20.685+0000] {databricks.py:130} INFO - Sleeping for 30 seconds.
[2026-01-06T05:11:51.957+0000] {databricks.py:128} INFO - run_co2_emissions_serverless_job in run state: {'life_cycle_state': 'RUNNING', 'result_state': '', 'state_message': ''}
[2026-01-06T05:11:51.960+0000] {databricks.py:129} INFO - View run status, Spark UI, and logs at https://dbc-389d0d10-a61e.cloud.databricks.com/?o=4190360109511435#job/166685760796878/run/282085447571
[2026-01-06T05:11:51.961+0000] {databricks.py:130} INFO - Sleeping for 30 seconds.
[2026-01-06T05:12:23.797+0000] {databricks.py:128} INFO - run_co2_emissions_serverless_job in run state: {'life_cycle_state': 'RUNNING', 'result_state': '', 'state_message': ''}
[2026-01-06T05:12:23.798+0000] {databricks.py:129} INFO - View run status, Spark UI, and logs at https://dbc-389d0d10-a61e.cloud.databricks.com/?o=4190360109511435#job/166685760796878/run/282085447571
[2026-01-06T05:12:23.799+0000] {databricks.py:130} INFO - Sleeping for 30 seconds.
[2026-01-06T05:12:55.631+0000] {databricks.py:128} INFO - run_co2_emissions_serverless_job in run state: {'life_cycle_state': 'RUNNING', 'result_state': '', 'state_message': ''}
[2026-01-06T05:12:55.632+0000] {databricks.py:129} INFO - View run status, Spark UI, and logs at https://dbc-389d0d10-a61e.cloud.databricks.com/?o=4190360109511435#job/166685760796878/run/282085447571
[2026-01-06T05:12:55.633+0000] {databricks.py:130} INFO - Sleeping for 30 seconds.
[2026-01-06T05:13:27.076+0000] {databricks.py:128} INFO - run_co2_emissions_serverless_job in run state: {'life_cycle_state': 'RUNNING', 'result_state': '', 'state_message': ''}
[2026-01-06T05:13:27.078+0000] {databricks.py:129} INFO - View run status, Spark UI, and logs at https://dbc-389d0d10-a61e.cloud.databricks.com/?o=4190360109511435#job/166685760796878/run/282085447571
[2026-01-06T05:13:27.079+0000] {databricks.py:130} INFO - Sleeping for 30 seconds.
[2026-01-06T05:13:59.297+0000] {databricks.py:128} INFO - run_co2_emissions_serverless_job in run state: {'life_cycle_state': 'RUNNING', 'result_state': '', 'state_message': ''}
[2026-01-06T05:13:59.299+0000] {databricks.py:129} INFO - View run status, Spark UI, and logs at https://dbc-389d0d10-a61e.cloud.databricks.com/?o=4190360109511435#job/166685760796878/run/282085447571
[2026-01-06T05:13:59.300+0000] {databricks.py:130} INFO - Sleeping for 30 seconds.
[2026-01-06T05:14:31.213+0000] {databricks.py:77} INFO - run_co2_emissions_serverless_job completed successfully.
[2026-01-06T05:14:31.216+0000] {databricks.py:78} INFO - View run status, Spark UI, and logs at https://dbc-389d0d10-a61e.cloud.databricks.com/?o=4190360109511435#job/166685760796878/run/282085447571
[2026-01-06T05:14:31.228+0000] {taskinstance.py:1138} INFO - Marking task as SUCCESS. dag_id=co2_emissions_databricks_etl, task_id=run_co2_emissions_serverless_job, execution_date=20260106T051111, start_date=20260106T051114, end_date=20260106T051431
[2026-01-06T05:14:31.229+0000] {co2_emissions.py:47} INFO - ✅ Pipeline completed in 196.802994s
[2026-01-06T05:14:31.292+0000] {local_task_job_runner.py:234} INFO - Task exited with return code 0
[2026-01-06T05:14:31.324+0000] {taskinstance.py:3280} INFO - 1 downstream tasks scheduled from follow-on schedule check
