[2026-01-06T06:53:59.325+0000] {taskinstance.py:1956} INFO - Dependencies all met for dep_context=non-requeueable deps ti=<TaskInstance: co2_emissions_databricks_etl.run_co2_emissions_serverless_job manual__2026-01-06T06:53:57.325367+00:00 [queued]>
[2026-01-06T06:53:59.339+0000] {taskinstance.py:1956} INFO - Dependencies all met for dep_context=requeueable deps ti=<TaskInstance: co2_emissions_databricks_etl.run_co2_emissions_serverless_job manual__2026-01-06T06:53:57.325367+00:00 [queued]>
[2026-01-06T06:53:59.340+0000] {taskinstance.py:2170} INFO - Starting attempt 1 of 3
[2026-01-06T06:53:59.363+0000] {taskinstance.py:2191} INFO - Executing <Task(DatabricksRunNowOperator): run_co2_emissions_serverless_job> on 2026-01-06 06:53:57.325367+00:00
[2026-01-06T06:53:59.373+0000] {standard_task_runner.py:60} INFO - Started process 902 to run task
[2026-01-06T06:53:59.377+0000] {standard_task_runner.py:87} INFO - Running: ['***', 'tasks', 'run', 'co2_emissions_databricks_etl', 'run_co2_emissions_serverless_job', 'manual__2026-01-06T06:53:57.325367+00:00', '--job-id', '19', '--raw', '--subdir', 'DAGS_FOLDER/co2_emissions.py', '--cfg-path', '/tmp/tmp_in21egj']
[2026-01-06T06:53:59.380+0000] {standard_task_runner.py:88} INFO - Job 19: Subtask run_co2_emissions_serverless_job
[2026-01-06T06:53:59.462+0000] {task_command.py:423} INFO - Running <TaskInstance: co2_emissions_databricks_etl.run_co2_emissions_serverless_job manual__2026-01-06T06:53:57.325367+00:00 [running]> on host f2fb2b408209
[2026-01-06T06:53:59.546+0000] {taskinstance.py:2480} INFO - Exporting env vars: AIRFLOW_CTX_DAG_OWNER='Nikhitha' AIRFLOW_CTX_DAG_ID='co2_emissions_databricks_etl' AIRFLOW_CTX_TASK_ID='run_co2_emissions_serverless_job' AIRFLOW_CTX_EXECUTION_DATE='2026-01-06T06:53:57.325367+00:00' AIRFLOW_CTX_TRY_NUMBER='1' AIRFLOW_CTX_DAG_RUN_ID='manual__2026-01-06T06:53:57.325367+00:00'
[2026-01-06T06:53:59.572+0000] {base.py:83} INFO - Using connection ID 'databricks_default' for task execution.
[2026-01-06T06:54:01.567+0000] {databricks.py:66} INFO - Run submitted with run_id: 447380783091679
[2026-01-06T06:54:03.822+0000] {databricks.py:128} INFO - run_co2_emissions_serverless_job in run state: {'life_cycle_state': 'RUNNING', 'result_state': '', 'state_message': ''}
[2026-01-06T06:54:03.823+0000] {databricks.py:129} INFO - View run status, Spark UI, and logs at https://dbc-389d0d10-a61e.cloud.databricks.com/?o=4190360109511435#job/166685760796878/run/447380783091679
[2026-01-06T06:54:03.824+0000] {databricks.py:130} INFO - Sleeping for 30 seconds.
[2026-01-06T06:54:35.067+0000] {databricks.py:128} INFO - run_co2_emissions_serverless_job in run state: {'life_cycle_state': 'RUNNING', 'result_state': '', 'state_message': ''}
[2026-01-06T06:54:35.069+0000] {databricks.py:129} INFO - View run status, Spark UI, and logs at https://dbc-389d0d10-a61e.cloud.databricks.com/?o=4190360109511435#job/166685760796878/run/447380783091679
[2026-01-06T06:54:35.069+0000] {databricks.py:130} INFO - Sleeping for 30 seconds.
[2026-01-06T06:55:06.255+0000] {databricks.py:128} INFO - run_co2_emissions_serverless_job in run state: {'life_cycle_state': 'RUNNING', 'result_state': '', 'state_message': ''}
[2026-01-06T06:55:06.258+0000] {databricks.py:129} INFO - View run status, Spark UI, and logs at https://dbc-389d0d10-a61e.cloud.databricks.com/?o=4190360109511435#job/166685760796878/run/447380783091679
[2026-01-06T06:55:06.259+0000] {databricks.py:130} INFO - Sleeping for 30 seconds.
[2026-01-06T06:55:37.422+0000] {databricks.py:128} INFO - run_co2_emissions_serverless_job in run state: {'life_cycle_state': 'RUNNING', 'result_state': '', 'state_message': ''}
[2026-01-06T06:55:37.424+0000] {databricks.py:129} INFO - View run status, Spark UI, and logs at https://dbc-389d0d10-a61e.cloud.databricks.com/?o=4190360109511435#job/166685760796878/run/447380783091679
[2026-01-06T06:55:37.425+0000] {databricks.py:130} INFO - Sleeping for 30 seconds.
[2026-01-06T06:56:08.614+0000] {databricks.py:77} INFO - run_co2_emissions_serverless_job completed successfully.
[2026-01-06T06:56:08.616+0000] {databricks.py:78} INFO - View run status, Spark UI, and logs at https://dbc-389d0d10-a61e.cloud.databricks.com/?o=4190360109511435#job/166685760796878/run/447380783091679
[2026-01-06T06:56:08.807+0000] {taskinstance.py:1138} INFO - Marking task as SUCCESS. dag_id=co2_emissions_databricks_etl, task_id=run_co2_emissions_serverless_job, execution_date=20260106T065357, start_date=20260106T065359, end_date=20260106T065608
[2026-01-06T06:56:08.811+0000] {co2_emissions.py:130} INFO - ✅ Pipeline completed in 129.47912s
[2026-01-06T06:56:08.936+0000] {local_task_job_runner.py:234} INFO - Task exited with return code 0
[2026-01-06T06:56:09.076+0000] {taskinstance.py:3280} INFO - 0 downstream tasks scheduled from follow-on schedule check
