[2026-01-06T05:52:12.599+0000] {taskinstance.py:1956} INFO - Dependencies all met for dep_context=non-requeueable deps ti=<TaskInstance: co2_emissions_databricks_etl.run_co2_emissions_serverless_job manual__2026-01-06T05:47:04.568653+00:00 [queued]>
[2026-01-06T05:52:12.612+0000] {taskinstance.py:1956} INFO - Dependencies all met for dep_context=requeueable deps ti=<TaskInstance: co2_emissions_databricks_etl.run_co2_emissions_serverless_job manual__2026-01-06T05:47:04.568653+00:00 [queued]>
[2026-01-06T05:52:12.614+0000] {taskinstance.py:2170} INFO - Starting attempt 2 of 3
[2026-01-06T05:52:12.630+0000] {taskinstance.py:2191} INFO - Executing <Task(DatabricksRunNowOperator): run_co2_emissions_serverless_job> on 2026-01-06 05:47:04.568653+00:00
[2026-01-06T05:52:12.636+0000] {standard_task_runner.py:60} INFO - Started process 257 to run task
[2026-01-06T05:52:12.643+0000] {standard_task_runner.py:87} INFO - Running: ['***', 'tasks', 'run', 'co2_emissions_databricks_etl', 'run_co2_emissions_serverless_job', 'manual__2026-01-06T05:47:04.568653+00:00', '--job-id', '4', '--raw', '--subdir', 'DAGS_FOLDER/co2_emissions.py', '--cfg-path', '/tmp/tmpxcj2_zrw']
[2026-01-06T05:52:12.647+0000] {standard_task_runner.py:88} INFO - Job 4: Subtask run_co2_emissions_serverless_job
[2026-01-06T05:52:12.791+0000] {task_command.py:423} INFO - Running <TaskInstance: co2_emissions_databricks_etl.run_co2_emissions_serverless_job manual__2026-01-06T05:47:04.568653+00:00 [running]> on host f2fb2b408209
[2026-01-06T05:52:12.880+0000] {taskinstance.py:2480} INFO - Exporting env vars: AIRFLOW_CTX_DAG_OWNER='Nikhitha' AIRFLOW_CTX_DAG_ID='co2_emissions_databricks_etl' AIRFLOW_CTX_TASK_ID='run_co2_emissions_serverless_job' AIRFLOW_CTX_EXECUTION_DATE='2026-01-06T05:47:04.568653+00:00' AIRFLOW_CTX_TRY_NUMBER='2' AIRFLOW_CTX_DAG_RUN_ID='manual__2026-01-06T05:47:04.568653+00:00'
[2026-01-06T05:52:12.895+0000] {base.py:83} INFO - Using connection ID 'databricks_default' for task execution.
[2026-01-06T05:52:14.937+0000] {databricks.py:66} INFO - Run submitted with run_id: 578433757762646
[2026-01-06T05:52:17.700+0000] {databricks.py:128} INFO - run_co2_emissions_serverless_job in run state: {'life_cycle_state': 'RUNNING', 'result_state': '', 'state_message': ''}
[2026-01-06T05:52:17.702+0000] {databricks.py:129} INFO - View run status, Spark UI, and logs at https://dbc-389d0d10-a61e.cloud.databricks.com/?o=4190360109511435#job/166685760796878/run/578433757762646
[2026-01-06T05:52:17.702+0000] {databricks.py:130} INFO - Sleeping for 30 seconds.
[2026-01-06T05:52:48.880+0000] {databricks.py:128} INFO - run_co2_emissions_serverless_job in run state: {'life_cycle_state': 'RUNNING', 'result_state': '', 'state_message': ''}
[2026-01-06T05:52:48.882+0000] {databricks.py:129} INFO - View run status, Spark UI, and logs at https://dbc-389d0d10-a61e.cloud.databricks.com/?o=4190360109511435#job/166685760796878/run/578433757762646
[2026-01-06T05:52:48.883+0000] {databricks.py:130} INFO - Sleeping for 30 seconds.
[2026-01-06T05:53:20.174+0000] {databricks.py:128} INFO - run_co2_emissions_serverless_job in run state: {'life_cycle_state': 'RUNNING', 'result_state': '', 'state_message': ''}
[2026-01-06T05:53:20.175+0000] {databricks.py:129} INFO - View run status, Spark UI, and logs at https://dbc-389d0d10-a61e.cloud.databricks.com/?o=4190360109511435#job/166685760796878/run/578433757762646
[2026-01-06T05:53:20.176+0000] {databricks.py:130} INFO - Sleeping for 30 seconds.
[2026-01-06T05:53:55.887+0000] {databricks.py:128} INFO - run_co2_emissions_serverless_job in run state: {'life_cycle_state': 'RUNNING', 'result_state': '', 'state_message': ''}
[2026-01-06T05:53:55.890+0000] {databricks.py:129} INFO - View run status, Spark UI, and logs at https://dbc-389d0d10-a61e.cloud.databricks.com/?o=4190360109511435#job/166685760796878/run/578433757762646
[2026-01-06T05:53:55.891+0000] {databricks.py:130} INFO - Sleeping for 30 seconds.
[2026-01-06T05:54:27.116+0000] {databricks.py:128} INFO - run_co2_emissions_serverless_job in run state: {'life_cycle_state': 'RUNNING', 'result_state': '', 'state_message': ''}
[2026-01-06T05:54:27.119+0000] {databricks.py:129} INFO - View run status, Spark UI, and logs at https://dbc-389d0d10-a61e.cloud.databricks.com/?o=4190360109511435#job/166685760796878/run/578433757762646
[2026-01-06T05:54:27.121+0000] {databricks.py:130} INFO - Sleeping for 30 seconds.
[2026-01-06T05:54:58.406+0000] {databricks.py:77} INFO - run_co2_emissions_serverless_job completed successfully.
[2026-01-06T05:54:58.407+0000] {databricks.py:78} INFO - View run status, Spark UI, and logs at https://dbc-389d0d10-a61e.cloud.databricks.com/?o=4190360109511435#job/166685760796878/run/578433757762646
[2026-01-06T05:54:58.420+0000] {taskinstance.py:1138} INFO - Marking task as SUCCESS. dag_id=co2_emissions_databricks_etl, task_id=run_co2_emissions_serverless_job, execution_date=20260106T054704, start_date=20260106T055212, end_date=20260106T055458
[2026-01-06T05:54:58.421+0000] {co2_emissions.py:47} INFO - ✅ Pipeline completed in 165.819093s
[2026-01-06T05:54:58.464+0000] {local_task_job_runner.py:234} INFO - Task exited with return code 0
[2026-01-06T05:54:58.495+0000] {taskinstance.py:3280} INFO - 1 downstream tasks scheduled from follow-on schedule check
