[2026-01-06T06:00:11.190+0000] {taskinstance.py:1956} INFO - Dependencies all met for dep_context=non-requeueable deps ti=<TaskInstance: co2_emissions_databricks_etl.run_co2_emissions_serverless_job manual__2026-01-06T06:00:08.706331+00:00 [queued]>
[2026-01-06T06:00:11.203+0000] {taskinstance.py:1956} INFO - Dependencies all met for dep_context=requeueable deps ti=<TaskInstance: co2_emissions_databricks_etl.run_co2_emissions_serverless_job manual__2026-01-06T06:00:08.706331+00:00 [queued]>
[2026-01-06T06:00:11.205+0000] {taskinstance.py:2170} INFO - Starting attempt 1 of 3
[2026-01-06T06:00:11.221+0000] {taskinstance.py:2191} INFO - Executing <Task(DatabricksRunNowOperator): run_co2_emissions_serverless_job> on 2026-01-06 06:00:08.706331+00:00
[2026-01-06T06:00:11.228+0000] {standard_task_runner.py:60} INFO - Started process 349 to run task
[2026-01-06T06:00:11.233+0000] {standard_task_runner.py:87} INFO - Running: ['***', 'tasks', 'run', 'co2_emissions_databricks_etl', 'run_co2_emissions_serverless_job', 'manual__2026-01-06T06:00:08.706331+00:00', '--job-id', '10', '--raw', '--subdir', 'DAGS_FOLDER/co2_emissions.py', '--cfg-path', '/tmp/tmpg66vn5in']
[2026-01-06T06:00:11.237+0000] {standard_task_runner.py:88} INFO - Job 10: Subtask run_co2_emissions_serverless_job
[2026-01-06T06:00:11.348+0000] {task_command.py:423} INFO - Running <TaskInstance: co2_emissions_databricks_etl.run_co2_emissions_serverless_job manual__2026-01-06T06:00:08.706331+00:00 [running]> on host f2fb2b408209
[2026-01-06T06:00:11.461+0000] {taskinstance.py:2480} INFO - Exporting env vars: AIRFLOW_CTX_DAG_OWNER='Nikhitha' AIRFLOW_CTX_DAG_ID='co2_emissions_databricks_etl' AIRFLOW_CTX_TASK_ID='run_co2_emissions_serverless_job' AIRFLOW_CTX_EXECUTION_DATE='2026-01-06T06:00:08.706331+00:00' AIRFLOW_CTX_TRY_NUMBER='1' AIRFLOW_CTX_DAG_RUN_ID='manual__2026-01-06T06:00:08.706331+00:00'
[2026-01-06T06:00:11.477+0000] {base.py:83} INFO - Using connection ID 'databricks_default' for task execution.
[2026-01-06T06:00:13.065+0000] {databricks.py:66} INFO - Run submitted with run_id: 273720072348045
[2026-01-06T06:00:17.002+0000] {databricks.py:128} INFO - run_co2_emissions_serverless_job in run state: {'life_cycle_state': 'RUNNING', 'result_state': '', 'state_message': ''}
[2026-01-06T06:00:17.003+0000] {databricks.py:129} INFO - View run status, Spark UI, and logs at https://dbc-389d0d10-a61e.cloud.databricks.com/?o=4190360109511435#job/166685760796878/run/273720072348045
[2026-01-06T06:00:17.004+0000] {databricks.py:130} INFO - Sleeping for 30 seconds.
[2026-01-06T06:00:48.137+0000] {databricks.py:128} INFO - run_co2_emissions_serverless_job in run state: {'life_cycle_state': 'RUNNING', 'result_state': '', 'state_message': ''}
[2026-01-06T06:00:48.139+0000] {databricks.py:129} INFO - View run status, Spark UI, and logs at https://dbc-389d0d10-a61e.cloud.databricks.com/?o=4190360109511435#job/166685760796878/run/273720072348045
[2026-01-06T06:00:48.140+0000] {databricks.py:130} INFO - Sleeping for 30 seconds.
[2026-01-06T06:01:19.368+0000] {databricks.py:128} INFO - run_co2_emissions_serverless_job in run state: {'life_cycle_state': 'RUNNING', 'result_state': '', 'state_message': ''}
[2026-01-06T06:01:19.371+0000] {databricks.py:129} INFO - View run status, Spark UI, and logs at https://dbc-389d0d10-a61e.cloud.databricks.com/?o=4190360109511435#job/166685760796878/run/273720072348045
[2026-01-06T06:01:19.373+0000] {databricks.py:130} INFO - Sleeping for 30 seconds.
[2026-01-06T06:01:50.912+0000] {databricks.py:128} INFO - run_co2_emissions_serverless_job in run state: {'life_cycle_state': 'RUNNING', 'result_state': '', 'state_message': ''}
[2026-01-06T06:01:50.913+0000] {databricks.py:129} INFO - View run status, Spark UI, and logs at https://dbc-389d0d10-a61e.cloud.databricks.com/?o=4190360109511435#job/166685760796878/run/273720072348045
[2026-01-06T06:01:50.914+0000] {databricks.py:130} INFO - Sleeping for 30 seconds.
[2026-01-06T06:02:22.501+0000] {databricks.py:77} INFO - run_co2_emissions_serverless_job completed successfully.
[2026-01-06T06:02:22.503+0000] {databricks.py:78} INFO - View run status, Spark UI, and logs at https://dbc-389d0d10-a61e.cloud.databricks.com/?o=4190360109511435#job/166685760796878/run/273720072348045
[2026-01-06T06:02:22.518+0000] {taskinstance.py:1138} INFO - Marking task as SUCCESS. dag_id=co2_emissions_databricks_etl, task_id=run_co2_emissions_serverless_job, execution_date=20260106T060008, start_date=20260106T060011, end_date=20260106T060222
[2026-01-06T06:02:22.518+0000] {co2_emissions.py:47} INFO - ✅ Pipeline completed in 131.326398s
[2026-01-06T06:02:22.562+0000] {local_task_job_runner.py:234} INFO - Task exited with return code 0
[2026-01-06T06:02:22.593+0000] {taskinstance.py:3280} INFO - 1 downstream tasks scheduled from follow-on schedule check
