[2026-01-06T06:46:24.377+0000] {taskinstance.py:1956} INFO - Dependencies all met for dep_context=non-requeueable deps ti=<TaskInstance: co2_emissions_databricks_etl.run_co2_emissions_serverless_job manual__2026-01-06T06:46:19.684381+00:00 [queued]>
[2026-01-06T06:46:24.390+0000] {taskinstance.py:1956} INFO - Dependencies all met for dep_context=requeueable deps ti=<TaskInstance: co2_emissions_databricks_etl.run_co2_emissions_serverless_job manual__2026-01-06T06:46:19.684381+00:00 [queued]>
[2026-01-06T06:46:24.392+0000] {taskinstance.py:2170} INFO - Starting attempt 1 of 3
[2026-01-06T06:46:24.412+0000] {taskinstance.py:2191} INFO - Executing <Task(DatabricksRunNowOperator): run_co2_emissions_serverless_job> on 2026-01-06 06:46:19.684381+00:00
[2026-01-06T06:46:24.434+0000] {standard_task_runner.py:60} INFO - Started process 819 to run task
[2026-01-06T06:46:24.437+0000] {standard_task_runner.py:87} INFO - Running: ['***', 'tasks', 'run', 'co2_emissions_databricks_etl', 'run_co2_emissions_serverless_job', 'manual__2026-01-06T06:46:19.684381+00:00', '--job-id', '15', '--raw', '--subdir', 'DAGS_FOLDER/co2_emissions.py', '--cfg-path', '/tmp/tmp2bwdj30l']
[2026-01-06T06:46:24.439+0000] {standard_task_runner.py:88} INFO - Job 15: Subtask run_co2_emissions_serverless_job
[2026-01-06T06:46:24.613+0000] {task_command.py:423} INFO - Running <TaskInstance: co2_emissions_databricks_etl.run_co2_emissions_serverless_job manual__2026-01-06T06:46:19.684381+00:00 [running]> on host f2fb2b408209
[2026-01-06T06:46:24.760+0000] {taskinstance.py:2480} INFO - Exporting env vars: AIRFLOW_CTX_DAG_OWNER='Nikhitha' AIRFLOW_CTX_DAG_ID='co2_emissions_databricks_etl' AIRFLOW_CTX_TASK_ID='run_co2_emissions_serverless_job' AIRFLOW_CTX_EXECUTION_DATE='2026-01-06T06:46:19.684381+00:00' AIRFLOW_CTX_TRY_NUMBER='1' AIRFLOW_CTX_DAG_RUN_ID='manual__2026-01-06T06:46:19.684381+00:00'
[2026-01-06T06:46:24.817+0000] {base.py:83} INFO - Using connection ID 'databricks_default' for task execution.
[2026-01-06T06:46:26.868+0000] {databricks.py:66} INFO - Run submitted with run_id: 896627342269035
[2026-01-06T06:46:29.044+0000] {databricks.py:128} INFO - run_co2_emissions_serverless_job in run state: {'life_cycle_state': 'RUNNING', 'result_state': '', 'state_message': ''}
[2026-01-06T06:46:29.045+0000] {databricks.py:129} INFO - View run status, Spark UI, and logs at https://dbc-389d0d10-a61e.cloud.databricks.com/?o=4190360109511435#job/166685760796878/run/896627342269035
[2026-01-06T06:46:29.046+0000] {databricks.py:130} INFO - Sleeping for 30 seconds.
[2026-01-06T06:47:00.322+0000] {databricks.py:128} INFO - run_co2_emissions_serverless_job in run state: {'life_cycle_state': 'RUNNING', 'result_state': '', 'state_message': ''}
[2026-01-06T06:47:00.342+0000] {databricks.py:129} INFO - View run status, Spark UI, and logs at https://dbc-389d0d10-a61e.cloud.databricks.com/?o=4190360109511435#job/166685760796878/run/896627342269035
[2026-01-06T06:47:00.343+0000] {databricks.py:130} INFO - Sleeping for 30 seconds.
[2026-01-06T06:47:31.799+0000] {databricks.py:128} INFO - run_co2_emissions_serverless_job in run state: {'life_cycle_state': 'RUNNING', 'result_state': '', 'state_message': ''}
[2026-01-06T06:47:31.801+0000] {databricks.py:129} INFO - View run status, Spark UI, and logs at https://dbc-389d0d10-a61e.cloud.databricks.com/?o=4190360109511435#job/166685760796878/run/896627342269035
[2026-01-06T06:47:31.801+0000] {databricks.py:130} INFO - Sleeping for 30 seconds.
[2026-01-06T06:48:02.993+0000] {databricks.py:128} INFO - run_co2_emissions_serverless_job in run state: {'life_cycle_state': 'RUNNING', 'result_state': '', 'state_message': ''}
[2026-01-06T06:48:02.995+0000] {databricks.py:129} INFO - View run status, Spark UI, and logs at https://dbc-389d0d10-a61e.cloud.databricks.com/?o=4190360109511435#job/166685760796878/run/896627342269035
[2026-01-06T06:48:02.996+0000] {databricks.py:130} INFO - Sleeping for 30 seconds.
[2026-01-06T06:48:34.171+0000] {databricks.py:128} INFO - run_co2_emissions_serverless_job in run state: {'life_cycle_state': 'RUNNING', 'result_state': '', 'state_message': ''}
[2026-01-06T06:48:34.173+0000] {databricks.py:129} INFO - View run status, Spark UI, and logs at https://dbc-389d0d10-a61e.cloud.databricks.com/?o=4190360109511435#job/166685760796878/run/896627342269035
[2026-01-06T06:48:34.175+0000] {databricks.py:130} INFO - Sleeping for 30 seconds.
[2026-01-06T06:49:05.288+0000] {databricks.py:128} INFO - run_co2_emissions_serverless_job in run state: {'life_cycle_state': 'RUNNING', 'result_state': '', 'state_message': ''}
[2026-01-06T06:49:05.293+0000] {databricks.py:129} INFO - View run status, Spark UI, and logs at https://dbc-389d0d10-a61e.cloud.databricks.com/?o=4190360109511435#job/166685760796878/run/896627342269035
[2026-01-06T06:49:05.294+0000] {databricks.py:130} INFO - Sleeping for 30 seconds.
[2026-01-06T06:49:36.409+0000] {databricks.py:77} INFO - run_co2_emissions_serverless_job completed successfully.
[2026-01-06T06:49:36.410+0000] {databricks.py:78} INFO - View run status, Spark UI, and logs at https://dbc-389d0d10-a61e.cloud.databricks.com/?o=4190360109511435#job/166685760796878/run/896627342269035
[2026-01-06T06:49:36.938+0000] {taskinstance.py:1138} INFO - Marking task as SUCCESS. dag_id=co2_emissions_databricks_etl, task_id=run_co2_emissions_serverless_job, execution_date=20260106T064619, start_date=20260106T064624, end_date=20260106T064936
[2026-01-06T06:49:36.944+0000] {co2_emissions.py:130} INFO - ✅ Pipeline completed in 192.548921s
[2026-01-06T06:49:37.185+0000] {local_task_job_runner.py:234} INFO - Task exited with return code 0
[2026-01-06T06:49:37.516+0000] {taskinstance.py:3280} INFO - 1 downstream tasks scheduled from follow-on schedule check
