[2026-01-06T06:56:11.414+0000] {taskinstance.py:1956} INFO - Dependencies all met for dep_context=non-requeueable deps ti=<TaskInstance: co2_emissions_databricks_etl.check_emission_alerts manual__2026-01-06T06:53:57.325367+00:00 [queued]>
[2026-01-06T06:56:11.424+0000] {taskinstance.py:1956} INFO - Dependencies all met for dep_context=requeueable deps ti=<TaskInstance: co2_emissions_databricks_etl.check_emission_alerts manual__2026-01-06T06:53:57.325367+00:00 [queued]>
[2026-01-06T06:56:11.426+0000] {taskinstance.py:2170} INFO - Starting attempt 1 of 3
[2026-01-06T06:56:11.443+0000] {taskinstance.py:2191} INFO - Executing <Task(ShortCircuitOperator): check_emission_alerts> on 2026-01-06 06:53:57.325367+00:00
[2026-01-06T06:56:11.458+0000] {standard_task_runner.py:60} INFO - Started process 931 to run task
[2026-01-06T06:56:11.464+0000] {standard_task_runner.py:87} INFO - Running: ['***', 'tasks', 'run', 'co2_emissions_databricks_etl', 'check_emission_alerts', 'manual__2026-01-06T06:53:57.325367+00:00', '--job-id', '21', '--raw', '--subdir', 'DAGS_FOLDER/co2_emissions.py', '--cfg-path', '/tmp/tmpku39idro']
[2026-01-06T06:56:11.467+0000] {standard_task_runner.py:88} INFO - Job 21: Subtask check_emission_alerts
[2026-01-06T06:56:11.593+0000] {task_command.py:423} INFO - Running <TaskInstance: co2_emissions_databricks_etl.check_emission_alerts manual__2026-01-06T06:53:57.325367+00:00 [running]> on host f2fb2b408209
[2026-01-06T06:56:11.693+0000] {taskinstance.py:2480} INFO - Exporting env vars: AIRFLOW_CTX_DAG_OWNER='Nikhitha' AIRFLOW_CTX_DAG_ID='co2_emissions_databricks_etl' AIRFLOW_CTX_TASK_ID='check_emission_alerts' AIRFLOW_CTX_EXECUTION_DATE='2026-01-06T06:53:57.325367+00:00' AIRFLOW_CTX_TRY_NUMBER='1' AIRFLOW_CTX_DAG_RUN_ID='manual__2026-01-06T06:53:57.325367+00:00'
[2026-01-06T06:56:11.695+0000] {co2_emissions.py:33} INFO - 🔍 Checking CO₂ emission alerts in GOLD table...
[2026-01-06T06:56:11.751+0000] {base.py:83} INFO - Using connection ID 'databricks_default' for task execution.
[2026-01-06T06:56:19.987+0000] {client.py:200} INFO - Successfully opened session 01f0eacc-cd1f-1fe8-9ac5-54bc5644952f
[2026-01-06T06:56:19.989+0000] {sql.py:450} INFO - Running statement: SELECT COUNT(*)
        FROM gold_emission_alerts
        WHERE alert_status = 'ALERT', parameters: None
[2026-01-06T06:56:36.112+0000] {taskinstance.py:2698} ERROR - Task failed with exception
Traceback (most recent call last):
  File "/home/airflow/.local/lib/python3.8/site-packages/airflow/models/taskinstance.py", line 433, in _execute_task
    result = execute_callable(context=context, **execute_callable_kwargs)
  File "/home/airflow/.local/lib/python3.8/site-packages/airflow/operators/python.py", line 267, in execute
    condition = super().execute(context)
  File "/home/airflow/.local/lib/python3.8/site-packages/airflow/operators/python.py", line 199, in execute
    return_value = self.execute_callable()
  File "/home/airflow/.local/lib/python3.8/site-packages/airflow/operators/python.py", line 216, in execute_callable
    return self.python_callable(*self.op_args, **self.op_kwargs)
  File "/opt/airflow/dags/co2_emissions.py", line 45, in check_emission_alerts
    alert_count = hook.get_first(sql)[0]
  File "/home/airflow/.local/lib/python3.8/site-packages/airflow/providers/common/sql/hooks/sql.py", line 270, in get_first
    return self.run(sql=sql, parameters=parameters, handler=fetch_one_handler)
  File "/home/airflow/.local/lib/python3.8/site-packages/airflow/providers/databricks/hooks/databricks_sql.py", line 251, in run
    self._run_command(cur, sql_statement, parameters)  # type: ignore[attr-defined]
  File "/home/airflow/.local/lib/python3.8/site-packages/airflow/providers/common/sql/hooks/sql.py", line 455, in _run_command
    cur.execute(sql_statement)
  File "/home/airflow/.local/lib/python3.8/site-packages/databricks/sql/client.py", line 503, in execute
    execute_response = self.thrift_backend.execute_command(
  File "/home/airflow/.local/lib/python3.8/site-packages/databricks/sql/thrift_backend.py", line 854, in execute_command
    return self._handle_execute_response(resp, cursor)
  File "/home/airflow/.local/lib/python3.8/site-packages/databricks/sql/thrift_backend.py", line 947, in _handle_execute_response
    final_operation_state = self._wait_until_command_done(
  File "/home/airflow/.local/lib/python3.8/site-packages/databricks/sql/thrift_backend.py", line 790, in _wait_until_command_done
    self._check_command_not_in_error_or_closed_state(op_handle, poll_resp)
  File "/home/airflow/.local/lib/python3.8/site-packages/databricks/sql/thrift_backend.py", line 579, in _check_command_not_in_error_or_closed_state
    raise ServerOperationError(
databricks.sql.exc.ServerOperationError: [TABLE_OR_VIEW_NOT_FOUND] The table or view `gold_emission_alerts` cannot be found. Verify the spelling and correctness of the schema and catalog.
If you did not qualify the name with a schema, verify the current_schema() output, or qualify the name with the correct schema and catalog.
To tolerate the error on drop use DROP VIEW IF EXISTS or DROP TABLE IF EXISTS. SQLSTATE: 42P01; line 2 pos 13
[2026-01-06T06:56:36.175+0000] {taskinstance.py:1138} INFO - Marking task as UP_FOR_RETRY. dag_id=co2_emissions_databricks_etl, task_id=check_emission_alerts, execution_date=20260106T065357, start_date=20260106T065611, end_date=20260106T065636
[2026-01-06T06:56:36.213+0000] {standard_task_runner.py:107} ERROR - Failed to execute job 21 for task check_emission_alerts ([TABLE_OR_VIEW_NOT_FOUND] The table or view `gold_emission_alerts` cannot be found. Verify the spelling and correctness of the schema and catalog.
If you did not qualify the name with a schema, verify the current_schema() output, or qualify the name with the correct schema and catalog.
To tolerate the error on drop use DROP VIEW IF EXISTS or DROP TABLE IF EXISTS. SQLSTATE: 42P01; line 2 pos 13; 931)
[2026-01-06T06:56:36.280+0000] {local_task_job_runner.py:234} INFO - Task exited with return code 1
[2026-01-06T06:56:36.384+0000] {taskinstance.py:3280} INFO - 0 downstream tasks scheduled from follow-on schedule check
