[2026-01-06T07:15:27.410+0000] {taskinstance.py:1956} INFO - Dependencies all met for dep_context=non-requeueable deps ti=<TaskInstance: co2_emissions_databricks_etl.check_emission_alerts manual__2026-01-06T06:53:57.325367+00:00 [queued]>
[2026-01-06T07:15:27.427+0000] {taskinstance.py:1956} INFO - Dependencies all met for dep_context=requeueable deps ti=<TaskInstance: co2_emissions_databricks_etl.check_emission_alerts manual__2026-01-06T06:53:57.325367+00:00 [queued]>
[2026-01-06T07:15:27.428+0000] {taskinstance.py:2170} INFO - Starting attempt 4 of 6
[2026-01-06T07:15:27.454+0000] {taskinstance.py:2191} INFO - Executing <Task(ShortCircuitOperator): check_emission_alerts> on 2026-01-06 06:53:57.325367+00:00
[2026-01-06T07:15:27.462+0000] {standard_task_runner.py:60} INFO - Started process 1130 to run task
[2026-01-06T07:15:27.466+0000] {standard_task_runner.py:87} INFO - Running: ['***', 'tasks', 'run', 'co2_emissions_databricks_etl', 'check_emission_alerts', 'manual__2026-01-06T06:53:57.325367+00:00', '--job-id', '24', '--raw', '--subdir', 'DAGS_FOLDER/co2_emissions.py', '--cfg-path', '/tmp/tmpyui314dg']
[2026-01-06T07:15:27.469+0000] {standard_task_runner.py:88} INFO - Job 24: Subtask check_emission_alerts
[2026-01-06T07:15:27.576+0000] {task_command.py:423} INFO - Running <TaskInstance: co2_emissions_databricks_etl.check_emission_alerts manual__2026-01-06T06:53:57.325367+00:00 [running]> on host f2fb2b408209
[2026-01-06T07:15:27.702+0000] {taskinstance.py:2480} INFO - Exporting env vars: AIRFLOW_CTX_DAG_OWNER='Nikhitha' AIRFLOW_CTX_DAG_ID='co2_emissions_databricks_etl' AIRFLOW_CTX_TASK_ID='check_emission_alerts' AIRFLOW_CTX_EXECUTION_DATE='2026-01-06T06:53:57.325367+00:00' AIRFLOW_CTX_TRY_NUMBER='4' AIRFLOW_CTX_DAG_RUN_ID='manual__2026-01-06T06:53:57.325367+00:00'
[2026-01-06T07:15:27.706+0000] {co2_emissions.py:33} INFO - 🔍 Checking CO₂ emission alerts in GOLD table...
[2026-01-06T07:15:27.776+0000] {base.py:83} INFO - Using connection ID 'databricks_default' for task execution.
[2026-01-06T07:15:32.728+0000] {client.py:200} INFO - Successfully opened session 01f0eacf-7c47-1abd-8d34-c7e04d50c5ea
[2026-01-06T07:15:32.729+0000] {sql.py:450} INFO - Running statement: SELECT COUNT(*)
    FROM co2_emissions.default.gold_emission_alerts
    WHERE alert_status = 'ALERT', parameters: None
[2026-01-06T07:15:36.425+0000] {client.py:258} INFO - Closing session 01f0eacf-7c47-1abd-8d34-c7e04d50c5ea
[2026-01-06T07:15:36.717+0000] {co2_emissions.py:47} INFO - 🚨 Alert count: 17
[2026-01-06T07:15:36.718+0000] {python.py:201} INFO - Done. Returned value was: True
[2026-01-06T07:15:36.720+0000] {python.py:268} INFO - Condition result is True
[2026-01-06T07:15:36.721+0000] {python.py:271} INFO - Proceeding with downstream tasks...
[2026-01-06T07:15:36.750+0000] {taskinstance.py:1138} INFO - Marking task as SUCCESS. dag_id=co2_emissions_databricks_etl, task_id=check_emission_alerts, execution_date=20260106T065357, start_date=20260106T071527, end_date=20260106T071536
[2026-01-06T07:15:36.751+0000] {co2_emissions.py:130} INFO - ✅ Pipeline completed in 9.33968s
[2026-01-06T07:15:36.800+0000] {local_task_job_runner.py:234} INFO - Task exited with return code 0
[2026-01-06T07:15:36.827+0000] {taskinstance.py:3280} INFO - 1 downstream tasks scheduled from follow-on schedule check
