[2026-01-06T07:01:38.270+0000] {taskinstance.py:1956} INFO - Dependencies all met for dep_context=non-requeueable deps ti=<TaskInstance: co2_emissions_databricks_etl.check_emission_alerts manual__2026-01-06T06:53:57.325367+00:00 [queued]>
[2026-01-06T07:01:38.292+0000] {taskinstance.py:1956} INFO - Dependencies all met for dep_context=requeueable deps ti=<TaskInstance: co2_emissions_databricks_etl.check_emission_alerts manual__2026-01-06T06:53:57.325367+00:00 [queued]>
[2026-01-06T07:01:38.293+0000] {taskinstance.py:2170} INFO - Starting attempt 2 of 3
[2026-01-06T07:01:38.332+0000] {taskinstance.py:2191} INFO - Executing <Task(ShortCircuitOperator): check_emission_alerts> on 2026-01-06 06:53:57.325367+00:00
[2026-01-06T07:01:38.350+0000] {standard_task_runner.py:60} INFO - Started process 984 to run task
[2026-01-06T07:01:38.356+0000] {standard_task_runner.py:87} INFO - Running: ['***', 'tasks', 'run', 'co2_emissions_databricks_etl', 'check_emission_alerts', 'manual__2026-01-06T06:53:57.325367+00:00', '--job-id', '22', '--raw', '--subdir', 'DAGS_FOLDER/co2_emissions.py', '--cfg-path', '/tmp/tmp1_660q9_']
[2026-01-06T07:01:38.361+0000] {standard_task_runner.py:88} INFO - Job 22: Subtask check_emission_alerts
[2026-01-06T07:01:38.471+0000] {task_command.py:423} INFO - Running <TaskInstance: co2_emissions_databricks_etl.check_emission_alerts manual__2026-01-06T06:53:57.325367+00:00 [running]> on host f2fb2b408209
[2026-01-06T07:01:38.628+0000] {taskinstance.py:2480} INFO - Exporting env vars: AIRFLOW_CTX_DAG_OWNER='Nikhitha' AIRFLOW_CTX_DAG_ID='co2_emissions_databricks_etl' AIRFLOW_CTX_TASK_ID='check_emission_alerts' AIRFLOW_CTX_EXECUTION_DATE='2026-01-06T06:53:57.325367+00:00' AIRFLOW_CTX_TRY_NUMBER='2' AIRFLOW_CTX_DAG_RUN_ID='manual__2026-01-06T06:53:57.325367+00:00'
[2026-01-06T07:01:38.631+0000] {co2_emissions.py:33} INFO - 🔍 Checking CO₂ emission alerts in GOLD table...
[2026-01-06T07:01:38.673+0000] {base.py:83} INFO - Using connection ID 'databricks_default' for task execution.
[2026-01-06T07:01:42.818+0000] {client.py:200} INFO - Successfully opened session 01f0eacd-8d9c-101b-aad4-523bce106202
[2026-01-06T07:01:42.819+0000] {sql.py:450} INFO - Running statement: SELECT COUNT(*)
        FROM gold_emission_alerts
        WHERE alert_status = 'ALERT', parameters: None
[2026-01-06T07:01:44.147+0000] {taskinstance.py:2698} ERROR - Task failed with exception
Traceback (most recent call last):
  File "/home/airflow/.local/lib/python3.8/site-packages/airflow/models/taskinstance.py", line 433, in _execute_task
    result = execute_callable(context=context, **execute_callable_kwargs)
  File "/home/airflow/.local/lib/python3.8/site-packages/airflow/operators/python.py", line 267, in execute
    condition = super().execute(context)
  File "/home/airflow/.local/lib/python3.8/site-packages/airflow/operators/python.py", line 199, in execute
    return_value = self.execute_callable()
  File "/home/airflow/.local/lib/python3.8/site-packages/airflow/operators/python.py", line 216, in execute_callable
    return self.python_callable(*self.op_args, **self.op_kwargs)
  File "/opt/airflow/dags/co2_emissions.py", line 45, in check_emission_alerts
    alert_count = hook.get_first(sql)[0]
  File "/home/airflow/.local/lib/python3.8/site-packages/airflow/providers/common/sql/hooks/sql.py", line 270, in get_first
    return self.run(sql=sql, parameters=parameters, handler=fetch_one_handler)
  File "/home/airflow/.local/lib/python3.8/site-packages/airflow/providers/databricks/hooks/databricks_sql.py", line 251, in run
    self._run_command(cur, sql_statement, parameters)  # type: ignore[attr-defined]
  File "/home/airflow/.local/lib/python3.8/site-packages/airflow/providers/common/sql/hooks/sql.py", line 455, in _run_command
    cur.execute(sql_statement)
  File "/home/airflow/.local/lib/python3.8/site-packages/databricks/sql/client.py", line 503, in execute
    execute_response = self.thrift_backend.execute_command(
  File "/home/airflow/.local/lib/python3.8/site-packages/databricks/sql/thrift_backend.py", line 854, in execute_command
    return self._handle_execute_response(resp, cursor)
  File "/home/airflow/.local/lib/python3.8/site-packages/databricks/sql/thrift_backend.py", line 947, in _handle_execute_response
    final_operation_state = self._wait_until_command_done(
  File "/home/airflow/.local/lib/python3.8/site-packages/databricks/sql/thrift_backend.py", line 777, in _wait_until_command_done
    self._check_command_not_in_error_or_closed_state(
  File "/home/airflow/.local/lib/python3.8/site-packages/databricks/sql/thrift_backend.py", line 579, in _check_command_not_in_error_or_closed_state
    raise ServerOperationError(
databricks.sql.exc.ServerOperationError: [TABLE_OR_VIEW_NOT_FOUND] The table or view `gold_emission_alerts` cannot be found. Verify the spelling and correctness of the schema and catalog.
If you did not qualify the name with a schema, verify the current_schema() output, or qualify the name with the correct schema and catalog.
To tolerate the error on drop use DROP VIEW IF EXISTS or DROP TABLE IF EXISTS. SQLSTATE: 42P01; line 2 pos 13
[2026-01-06T07:01:44.181+0000] {taskinstance.py:1138} INFO - Marking task as UP_FOR_RETRY. dag_id=co2_emissions_databricks_etl, task_id=check_emission_alerts, execution_date=20260106T065357, start_date=20260106T070138, end_date=20260106T070144
[2026-01-06T07:01:44.206+0000] {standard_task_runner.py:107} ERROR - Failed to execute job 22 for task check_emission_alerts ([TABLE_OR_VIEW_NOT_FOUND] The table or view `gold_emission_alerts` cannot be found. Verify the spelling and correctness of the schema and catalog.
If you did not qualify the name with a schema, verify the current_schema() output, or qualify the name with the correct schema and catalog.
To tolerate the error on drop use DROP VIEW IF EXISTS or DROP TABLE IF EXISTS. SQLSTATE: 42P01; line 2 pos 13; 984)
[2026-01-06T07:01:44.252+0000] {local_task_job_runner.py:234} INFO - Task exited with return code 1
[2026-01-06T07:01:44.274+0000] {taskinstance.py:3280} INFO - 0 downstream tasks scheduled from follow-on schedule check
