[2026-01-05T14:32:47.565+0000] {processor.py:161} INFO - Started process (PID=167) to work on /opt/airflow/dags/co2_emissions.py
[2026-01-05T14:32:47.568+0000] {processor.py:830} INFO - Processing file /opt/airflow/dags/co2_emissions.py for tasks to queue
[2026-01-05T14:32:47.570+0000] {logging_mixin.py:188} INFO - [2026-01-05T14:32:47.570+0000] {dagbag.py:538} INFO - Filling up the DagBag from /opt/airflow/dags/co2_emissions.py
[2026-01-05T14:32:47.617+0000] {processor.py:840} INFO - DAG(s) 'co2_emissions_databricks_etl' retrieved from /opt/airflow/dags/co2_emissions.py
[2026-01-05T14:32:47.882+0000] {logging_mixin.py:188} INFO - [2026-01-05T14:32:47.881+0000] {override.py:1769} INFO - Created Permission View: can read on DAG:co2_emissions_databricks_etl
[2026-01-05T14:32:47.896+0000] {logging_mixin.py:188} INFO - [2026-01-05T14:32:47.895+0000] {override.py:1769} INFO - Created Permission View: can delete on DAG:co2_emissions_databricks_etl
[2026-01-05T14:32:47.905+0000] {logging_mixin.py:188} INFO - [2026-01-05T14:32:47.904+0000] {override.py:1769} INFO - Created Permission View: can edit on DAG:co2_emissions_databricks_etl
[2026-01-05T14:32:47.906+0000] {logging_mixin.py:188} INFO - [2026-01-05T14:32:47.905+0000] {dag.py:3036} INFO - Sync 1 DAGs
[2026-01-05T14:32:47.920+0000] {logging_mixin.py:188} INFO - [2026-01-05T14:32:47.920+0000] {dag.py:3058} INFO - Creating ORM DAG for co2_emissions_databricks_etl
[2026-01-05T14:32:47.922+0000] {logging_mixin.py:188} INFO - [2026-01-05T14:32:47.922+0000] {dag.py:3823} INFO - Setting next_dagrun for co2_emissions_databricks_etl to None, run_after=None
[2026-01-05T14:32:47.955+0000] {processor.py:183} INFO - Processing /opt/airflow/dags/co2_emissions.py took 0.404 seconds
[2026-01-05T14:33:18.281+0000] {processor.py:161} INFO - Started process (PID=172) to work on /opt/airflow/dags/co2_emissions.py
[2026-01-05T14:33:18.285+0000] {processor.py:830} INFO - Processing file /opt/airflow/dags/co2_emissions.py for tasks to queue
[2026-01-05T14:33:18.289+0000] {logging_mixin.py:188} INFO - [2026-01-05T14:33:18.287+0000] {dagbag.py:538} INFO - Filling up the DagBag from /opt/airflow/dags/co2_emissions.py
[2026-01-05T14:33:18.344+0000] {processor.py:840} INFO - DAG(s) 'co2_emissions_databricks_etl' retrieved from /opt/airflow/dags/co2_emissions.py
[2026-01-05T14:33:18.462+0000] {logging_mixin.py:188} INFO - [2026-01-05T14:33:18.461+0000] {dag.py:3036} INFO - Sync 1 DAGs
[2026-01-05T14:33:18.511+0000] {logging_mixin.py:188} INFO - [2026-01-05T14:33:18.511+0000] {dag.py:3823} INFO - Setting next_dagrun for co2_emissions_databricks_etl to None, run_after=None
[2026-01-05T14:33:18.557+0000] {processor.py:183} INFO - Processing /opt/airflow/dags/co2_emissions.py took 0.287 seconds
[2026-01-05T14:33:48.926+0000] {processor.py:161} INFO - Started process (PID=177) to work on /opt/airflow/dags/co2_emissions.py
[2026-01-05T14:33:48.932+0000] {processor.py:830} INFO - Processing file /opt/airflow/dags/co2_emissions.py for tasks to queue
[2026-01-05T14:33:48.935+0000] {logging_mixin.py:188} INFO - [2026-01-05T14:33:48.934+0000] {dagbag.py:538} INFO - Filling up the DagBag from /opt/airflow/dags/co2_emissions.py
[2026-01-05T14:33:48.983+0000] {processor.py:840} INFO - DAG(s) 'co2_emissions_databricks_etl' retrieved from /opt/airflow/dags/co2_emissions.py
[2026-01-05T14:33:49.112+0000] {logging_mixin.py:188} INFO - [2026-01-05T14:33:49.111+0000] {dag.py:3036} INFO - Sync 1 DAGs
[2026-01-05T14:33:49.209+0000] {logging_mixin.py:188} INFO - [2026-01-05T14:33:49.209+0000] {dag.py:3823} INFO - Setting next_dagrun for co2_emissions_databricks_etl to None, run_after=None
[2026-01-05T14:33:49.296+0000] {processor.py:183} INFO - Processing /opt/airflow/dags/co2_emissions.py took 0.395 seconds
[2026-01-05T14:34:20.206+0000] {processor.py:161} INFO - Started process (PID=182) to work on /opt/airflow/dags/co2_emissions.py
[2026-01-05T14:34:20.209+0000] {processor.py:830} INFO - Processing file /opt/airflow/dags/co2_emissions.py for tasks to queue
[2026-01-05T14:34:20.212+0000] {logging_mixin.py:188} INFO - [2026-01-05T14:34:20.211+0000] {dagbag.py:538} INFO - Filling up the DagBag from /opt/airflow/dags/co2_emissions.py
[2026-01-05T14:34:20.343+0000] {processor.py:840} INFO - DAG(s) 'co2_emissions_databricks_etl' retrieved from /opt/airflow/dags/co2_emissions.py
[2026-01-05T14:34:20.429+0000] {logging_mixin.py:188} INFO - [2026-01-05T14:34:20.429+0000] {dag.py:3036} INFO - Sync 1 DAGs
[2026-01-05T14:34:20.463+0000] {logging_mixin.py:188} INFO - [2026-01-05T14:34:20.462+0000] {dag.py:3823} INFO - Setting next_dagrun for co2_emissions_databricks_etl to None, run_after=None
[2026-01-05T14:34:20.499+0000] {processor.py:183} INFO - Processing /opt/airflow/dags/co2_emissions.py took 0.304 seconds
[2026-01-05T14:34:50.706+0000] {processor.py:161} INFO - Started process (PID=187) to work on /opt/airflow/dags/co2_emissions.py
[2026-01-05T14:34:50.709+0000] {processor.py:830} INFO - Processing file /opt/airflow/dags/co2_emissions.py for tasks to queue
[2026-01-05T14:34:50.711+0000] {logging_mixin.py:188} INFO - [2026-01-05T14:34:50.710+0000] {dagbag.py:538} INFO - Filling up the DagBag from /opt/airflow/dags/co2_emissions.py
[2026-01-05T14:34:50.748+0000] {processor.py:840} INFO - DAG(s) 'co2_emissions_databricks_etl' retrieved from /opt/airflow/dags/co2_emissions.py
[2026-01-05T14:34:50.844+0000] {logging_mixin.py:188} INFO - [2026-01-05T14:34:50.844+0000] {dag.py:3036} INFO - Sync 1 DAGs
[2026-01-05T14:34:50.943+0000] {logging_mixin.py:188} INFO - [2026-01-05T14:34:50.943+0000] {dag.py:3823} INFO - Setting next_dagrun for co2_emissions_databricks_etl to None, run_after=None
[2026-01-05T14:34:51.049+0000] {processor.py:183} INFO - Processing /opt/airflow/dags/co2_emissions.py took 0.353 seconds
[2026-01-05T14:35:21.366+0000] {processor.py:161} INFO - Started process (PID=192) to work on /opt/airflow/dags/co2_emissions.py
[2026-01-05T14:35:21.370+0000] {processor.py:830} INFO - Processing file /opt/airflow/dags/co2_emissions.py for tasks to queue
[2026-01-05T14:35:21.375+0000] {logging_mixin.py:188} INFO - [2026-01-05T14:35:21.373+0000] {dagbag.py:538} INFO - Filling up the DagBag from /opt/airflow/dags/co2_emissions.py
[2026-01-05T14:35:21.414+0000] {processor.py:840} INFO - DAG(s) 'co2_emissions_databricks_etl' retrieved from /opt/airflow/dags/co2_emissions.py
[2026-01-05T14:35:21.460+0000] {logging_mixin.py:188} INFO - [2026-01-05T14:35:21.459+0000] {dag.py:3036} INFO - Sync 1 DAGs
[2026-01-05T14:35:21.479+0000] {logging_mixin.py:188} INFO - [2026-01-05T14:35:21.479+0000] {dag.py:3823} INFO - Setting next_dagrun for co2_emissions_databricks_etl to None, run_after=None
[2026-01-05T14:35:21.506+0000] {processor.py:183} INFO - Processing /opt/airflow/dags/co2_emissions.py took 0.147 seconds
[2026-01-05T14:35:51.723+0000] {processor.py:161} INFO - Started process (PID=197) to work on /opt/airflow/dags/co2_emissions.py
[2026-01-05T14:35:51.725+0000] {processor.py:830} INFO - Processing file /opt/airflow/dags/co2_emissions.py for tasks to queue
[2026-01-05T14:35:51.727+0000] {logging_mixin.py:188} INFO - [2026-01-05T14:35:51.726+0000] {dagbag.py:538} INFO - Filling up the DagBag from /opt/airflow/dags/co2_emissions.py
[2026-01-05T14:35:51.773+0000] {processor.py:840} INFO - DAG(s) 'co2_emissions_databricks_etl' retrieved from /opt/airflow/dags/co2_emissions.py
[2026-01-05T14:35:51.820+0000] {logging_mixin.py:188} INFO - [2026-01-05T14:35:51.820+0000] {dag.py:3036} INFO - Sync 1 DAGs
[2026-01-05T14:35:51.841+0000] {logging_mixin.py:188} INFO - [2026-01-05T14:35:51.841+0000] {dag.py:3823} INFO - Setting next_dagrun for co2_emissions_databricks_etl to None, run_after=None
[2026-01-05T14:35:51.876+0000] {processor.py:183} INFO - Processing /opt/airflow/dags/co2_emissions.py took 0.156 seconds
[2026-01-05T14:36:22.116+0000] {processor.py:161} INFO - Started process (PID=204) to work on /opt/airflow/dags/co2_emissions.py
[2026-01-05T14:36:22.118+0000] {processor.py:830} INFO - Processing file /opt/airflow/dags/co2_emissions.py for tasks to queue
[2026-01-05T14:36:22.120+0000] {logging_mixin.py:188} INFO - [2026-01-05T14:36:22.120+0000] {dagbag.py:538} INFO - Filling up the DagBag from /opt/airflow/dags/co2_emissions.py
[2026-01-05T14:36:22.152+0000] {processor.py:840} INFO - DAG(s) 'co2_emissions_databricks_etl' retrieved from /opt/airflow/dags/co2_emissions.py
[2026-01-05T14:36:22.202+0000] {logging_mixin.py:188} INFO - [2026-01-05T14:36:22.202+0000] {dag.py:3036} INFO - Sync 1 DAGs
[2026-01-05T14:36:22.228+0000] {logging_mixin.py:188} INFO - [2026-01-05T14:36:22.227+0000] {dag.py:3823} INFO - Setting next_dagrun for co2_emissions_databricks_etl to None, run_after=None
[2026-01-05T14:36:22.266+0000] {processor.py:183} INFO - Processing /opt/airflow/dags/co2_emissions.py took 0.158 seconds
[2026-01-05T14:36:52.439+0000] {processor.py:161} INFO - Started process (PID=209) to work on /opt/airflow/dags/co2_emissions.py
[2026-01-05T14:36:52.441+0000] {processor.py:830} INFO - Processing file /opt/airflow/dags/co2_emissions.py for tasks to queue
[2026-01-05T14:36:52.443+0000] {logging_mixin.py:188} INFO - [2026-01-05T14:36:52.442+0000] {dagbag.py:538} INFO - Filling up the DagBag from /opt/airflow/dags/co2_emissions.py
[2026-01-05T14:36:52.478+0000] {processor.py:840} INFO - DAG(s) 'co2_emissions_databricks_etl' retrieved from /opt/airflow/dags/co2_emissions.py
[2026-01-05T14:36:52.551+0000] {logging_mixin.py:188} INFO - [2026-01-05T14:36:52.551+0000] {dag.py:3036} INFO - Sync 1 DAGs
[2026-01-05T14:36:52.567+0000] {logging_mixin.py:188} INFO - [2026-01-05T14:36:52.566+0000] {dag.py:3823} INFO - Setting next_dagrun for co2_emissions_databricks_etl to None, run_after=None
[2026-01-05T14:36:52.592+0000] {processor.py:183} INFO - Processing /opt/airflow/dags/co2_emissions.py took 0.157 seconds
[2026-01-05T14:37:22.842+0000] {processor.py:161} INFO - Started process (PID=214) to work on /opt/airflow/dags/co2_emissions.py
[2026-01-05T14:37:22.843+0000] {processor.py:830} INFO - Processing file /opt/airflow/dags/co2_emissions.py for tasks to queue
[2026-01-05T14:37:22.845+0000] {logging_mixin.py:188} INFO - [2026-01-05T14:37:22.845+0000] {dagbag.py:538} INFO - Filling up the DagBag from /opt/airflow/dags/co2_emissions.py
[2026-01-05T14:37:22.873+0000] {processor.py:840} INFO - DAG(s) 'co2_emissions_databricks_etl' retrieved from /opt/airflow/dags/co2_emissions.py
[2026-01-05T14:37:22.907+0000] {logging_mixin.py:188} INFO - [2026-01-05T14:37:22.906+0000] {dag.py:3036} INFO - Sync 1 DAGs
[2026-01-05T14:37:22.920+0000] {logging_mixin.py:188} INFO - [2026-01-05T14:37:22.920+0000] {dag.py:3823} INFO - Setting next_dagrun for co2_emissions_databricks_etl to None, run_after=None
[2026-01-05T14:37:22.956+0000] {processor.py:183} INFO - Processing /opt/airflow/dags/co2_emissions.py took 0.133 seconds
[2026-01-05T14:37:53.224+0000] {processor.py:161} INFO - Started process (PID=219) to work on /opt/airflow/dags/co2_emissions.py
[2026-01-05T14:37:53.225+0000] {processor.py:830} INFO - Processing file /opt/airflow/dags/co2_emissions.py for tasks to queue
[2026-01-05T14:37:53.227+0000] {logging_mixin.py:188} INFO - [2026-01-05T14:37:53.227+0000] {dagbag.py:538} INFO - Filling up the DagBag from /opt/airflow/dags/co2_emissions.py
[2026-01-05T14:37:53.267+0000] {processor.py:840} INFO - DAG(s) 'co2_emissions_databricks_etl' retrieved from /opt/airflow/dags/co2_emissions.py
[2026-01-05T14:37:53.307+0000] {logging_mixin.py:188} INFO - [2026-01-05T14:37:53.306+0000] {dag.py:3036} INFO - Sync 1 DAGs
[2026-01-05T14:37:53.331+0000] {logging_mixin.py:188} INFO - [2026-01-05T14:37:53.331+0000] {dag.py:3823} INFO - Setting next_dagrun for co2_emissions_databricks_etl to None, run_after=None
[2026-01-05T14:37:53.360+0000] {processor.py:183} INFO - Processing /opt/airflow/dags/co2_emissions.py took 0.140 seconds
[2026-01-05T14:38:23.621+0000] {processor.py:161} INFO - Started process (PID=224) to work on /opt/airflow/dags/co2_emissions.py
[2026-01-05T14:38:23.623+0000] {processor.py:830} INFO - Processing file /opt/airflow/dags/co2_emissions.py for tasks to queue
[2026-01-05T14:38:23.625+0000] {logging_mixin.py:188} INFO - [2026-01-05T14:38:23.624+0000] {dagbag.py:538} INFO - Filling up the DagBag from /opt/airflow/dags/co2_emissions.py
[2026-01-05T14:38:23.670+0000] {processor.py:840} INFO - DAG(s) 'co2_emissions_databricks_etl' retrieved from /opt/airflow/dags/co2_emissions.py
[2026-01-05T14:38:23.716+0000] {logging_mixin.py:188} INFO - [2026-01-05T14:38:23.715+0000] {dag.py:3036} INFO - Sync 1 DAGs
[2026-01-05T14:38:23.730+0000] {logging_mixin.py:188} INFO - [2026-01-05T14:38:23.730+0000] {dag.py:3823} INFO - Setting next_dagrun for co2_emissions_databricks_etl to None, run_after=None
[2026-01-05T14:38:23.760+0000] {processor.py:183} INFO - Processing /opt/airflow/dags/co2_emissions.py took 0.143 seconds
[2026-01-05T14:38:53.884+0000] {processor.py:161} INFO - Started process (PID=229) to work on /opt/airflow/dags/co2_emissions.py
[2026-01-05T14:38:53.885+0000] {processor.py:830} INFO - Processing file /opt/airflow/dags/co2_emissions.py for tasks to queue
[2026-01-05T14:38:53.887+0000] {logging_mixin.py:188} INFO - [2026-01-05T14:38:53.886+0000] {dagbag.py:538} INFO - Filling up the DagBag from /opt/airflow/dags/co2_emissions.py
[2026-01-05T14:38:53.911+0000] {processor.py:840} INFO - DAG(s) 'co2_emissions_databricks_etl' retrieved from /opt/airflow/dags/co2_emissions.py
[2026-01-05T14:38:53.942+0000] {logging_mixin.py:188} INFO - [2026-01-05T14:38:53.941+0000] {dag.py:3036} INFO - Sync 1 DAGs
[2026-01-05T14:38:53.959+0000] {logging_mixin.py:188} INFO - [2026-01-05T14:38:53.958+0000] {dag.py:3823} INFO - Setting next_dagrun for co2_emissions_databricks_etl to None, run_after=None
[2026-01-05T14:38:53.989+0000] {processor.py:183} INFO - Processing /opt/airflow/dags/co2_emissions.py took 0.109 seconds
[2026-01-05T14:39:24.236+0000] {processor.py:161} INFO - Started process (PID=234) to work on /opt/airflow/dags/co2_emissions.py
[2026-01-05T14:39:24.238+0000] {processor.py:830} INFO - Processing file /opt/airflow/dags/co2_emissions.py for tasks to queue
[2026-01-05T14:39:24.241+0000] {logging_mixin.py:188} INFO - [2026-01-05T14:39:24.240+0000] {dagbag.py:538} INFO - Filling up the DagBag from /opt/airflow/dags/co2_emissions.py
[2026-01-05T14:39:24.299+0000] {processor.py:840} INFO - DAG(s) 'co2_emissions_databricks_etl' retrieved from /opt/airflow/dags/co2_emissions.py
[2026-01-05T14:39:24.387+0000] {logging_mixin.py:188} INFO - [2026-01-05T14:39:24.387+0000] {dag.py:3036} INFO - Sync 1 DAGs
[2026-01-05T14:39:24.416+0000] {logging_mixin.py:188} INFO - [2026-01-05T14:39:24.416+0000] {dag.py:3823} INFO - Setting next_dagrun for co2_emissions_databricks_etl to None, run_after=None
[2026-01-05T14:39:24.447+0000] {processor.py:183} INFO - Processing /opt/airflow/dags/co2_emissions.py took 0.245 seconds
[2026-01-05T14:39:54.628+0000] {processor.py:161} INFO - Started process (PID=239) to work on /opt/airflow/dags/co2_emissions.py
[2026-01-05T14:39:54.631+0000] {processor.py:830} INFO - Processing file /opt/airflow/dags/co2_emissions.py for tasks to queue
[2026-01-05T14:39:54.632+0000] {logging_mixin.py:188} INFO - [2026-01-05T14:39:54.632+0000] {dagbag.py:538} INFO - Filling up the DagBag from /opt/airflow/dags/co2_emissions.py
[2026-01-05T14:39:54.666+0000] {processor.py:840} INFO - DAG(s) 'co2_emissions_databricks_etl' retrieved from /opt/airflow/dags/co2_emissions.py
[2026-01-05T14:39:54.729+0000] {logging_mixin.py:188} INFO - [2026-01-05T14:39:54.729+0000] {dag.py:3036} INFO - Sync 1 DAGs
[2026-01-05T14:39:54.755+0000] {logging_mixin.py:188} INFO - [2026-01-05T14:39:54.755+0000] {dag.py:3823} INFO - Setting next_dagrun for co2_emissions_databricks_etl to None, run_after=None
[2026-01-05T14:39:54.791+0000] {processor.py:183} INFO - Processing /opt/airflow/dags/co2_emissions.py took 0.171 seconds
[2026-01-05T14:40:25.013+0000] {processor.py:161} INFO - Started process (PID=244) to work on /opt/airflow/dags/co2_emissions.py
[2026-01-05T14:40:25.014+0000] {processor.py:830} INFO - Processing file /opt/airflow/dags/co2_emissions.py for tasks to queue
[2026-01-05T14:40:25.016+0000] {logging_mixin.py:188} INFO - [2026-01-05T14:40:25.015+0000] {dagbag.py:538} INFO - Filling up the DagBag from /opt/airflow/dags/co2_emissions.py
[2026-01-05T14:40:25.043+0000] {processor.py:840} INFO - DAG(s) 'co2_emissions_databricks_etl' retrieved from /opt/airflow/dags/co2_emissions.py
[2026-01-05T14:40:25.097+0000] {logging_mixin.py:188} INFO - [2026-01-05T14:40:25.097+0000] {dag.py:3036} INFO - Sync 1 DAGs
[2026-01-05T14:40:25.118+0000] {logging_mixin.py:188} INFO - [2026-01-05T14:40:25.117+0000] {dag.py:3823} INFO - Setting next_dagrun for co2_emissions_databricks_etl to None, run_after=None
[2026-01-05T14:40:25.150+0000] {processor.py:183} INFO - Processing /opt/airflow/dags/co2_emissions.py took 0.142 seconds
[2026-01-05T14:40:55.353+0000] {processor.py:161} INFO - Started process (PID=249) to work on /opt/airflow/dags/co2_emissions.py
[2026-01-05T14:40:55.355+0000] {processor.py:830} INFO - Processing file /opt/airflow/dags/co2_emissions.py for tasks to queue
[2026-01-05T14:40:55.356+0000] {logging_mixin.py:188} INFO - [2026-01-05T14:40:55.356+0000] {dagbag.py:538} INFO - Filling up the DagBag from /opt/airflow/dags/co2_emissions.py
[2026-01-05T14:40:55.385+0000] {processor.py:840} INFO - DAG(s) 'co2_emissions_databricks_etl' retrieved from /opt/airflow/dags/co2_emissions.py
[2026-01-05T14:40:55.416+0000] {logging_mixin.py:188} INFO - [2026-01-05T14:40:55.416+0000] {dag.py:3036} INFO - Sync 1 DAGs
[2026-01-05T14:40:55.430+0000] {logging_mixin.py:188} INFO - [2026-01-05T14:40:55.430+0000] {dag.py:3823} INFO - Setting next_dagrun for co2_emissions_databricks_etl to None, run_after=None
[2026-01-05T14:40:55.453+0000] {processor.py:183} INFO - Processing /opt/airflow/dags/co2_emissions.py took 0.104 seconds
[2026-01-05T14:41:25.685+0000] {processor.py:161} INFO - Started process (PID=254) to work on /opt/airflow/dags/co2_emissions.py
[2026-01-05T14:41:25.687+0000] {processor.py:830} INFO - Processing file /opt/airflow/dags/co2_emissions.py for tasks to queue
[2026-01-05T14:41:25.689+0000] {logging_mixin.py:188} INFO - [2026-01-05T14:41:25.689+0000] {dagbag.py:538} INFO - Filling up the DagBag from /opt/airflow/dags/co2_emissions.py
[2026-01-05T14:41:25.725+0000] {processor.py:840} INFO - DAG(s) 'co2_emissions_databricks_etl' retrieved from /opt/airflow/dags/co2_emissions.py
[2026-01-05T14:41:25.775+0000] {logging_mixin.py:188} INFO - [2026-01-05T14:41:25.774+0000] {dag.py:3036} INFO - Sync 1 DAGs
[2026-01-05T14:41:25.791+0000] {logging_mixin.py:188} INFO - [2026-01-05T14:41:25.791+0000] {dag.py:3823} INFO - Setting next_dagrun for co2_emissions_databricks_etl to None, run_after=None
[2026-01-05T14:41:25.826+0000] {processor.py:183} INFO - Processing /opt/airflow/dags/co2_emissions.py took 0.144 seconds
[2026-01-05T14:41:55.975+0000] {processor.py:161} INFO - Started process (PID=259) to work on /opt/airflow/dags/co2_emissions.py
[2026-01-05T14:41:55.977+0000] {processor.py:830} INFO - Processing file /opt/airflow/dags/co2_emissions.py for tasks to queue
[2026-01-05T14:41:55.978+0000] {logging_mixin.py:188} INFO - [2026-01-05T14:41:55.978+0000] {dagbag.py:538} INFO - Filling up the DagBag from /opt/airflow/dags/co2_emissions.py
[2026-01-05T14:41:56.012+0000] {processor.py:840} INFO - DAG(s) 'co2_emissions_databricks_etl' retrieved from /opt/airflow/dags/co2_emissions.py
[2026-01-05T14:41:56.055+0000] {logging_mixin.py:188} INFO - [2026-01-05T14:41:56.054+0000] {dag.py:3036} INFO - Sync 1 DAGs
[2026-01-05T14:41:56.072+0000] {logging_mixin.py:188} INFO - [2026-01-05T14:41:56.071+0000] {dag.py:3823} INFO - Setting next_dagrun for co2_emissions_databricks_etl to None, run_after=None
[2026-01-05T14:41:56.098+0000] {processor.py:183} INFO - Processing /opt/airflow/dags/co2_emissions.py took 0.129 seconds
[2026-01-05T14:42:26.356+0000] {processor.py:161} INFO - Started process (PID=264) to work on /opt/airflow/dags/co2_emissions.py
[2026-01-05T14:42:26.358+0000] {processor.py:830} INFO - Processing file /opt/airflow/dags/co2_emissions.py for tasks to queue
[2026-01-05T14:42:26.359+0000] {logging_mixin.py:188} INFO - [2026-01-05T14:42:26.359+0000] {dagbag.py:538} INFO - Filling up the DagBag from /opt/airflow/dags/co2_emissions.py
[2026-01-05T14:42:26.376+0000] {processor.py:840} INFO - DAG(s) 'co2_emissions_databricks_etl' retrieved from /opt/airflow/dags/co2_emissions.py
[2026-01-05T14:42:26.417+0000] {logging_mixin.py:188} INFO - [2026-01-05T14:42:26.416+0000] {dag.py:3036} INFO - Sync 1 DAGs
[2026-01-05T14:42:26.438+0000] {logging_mixin.py:188} INFO - [2026-01-05T14:42:26.437+0000] {dag.py:3823} INFO - Setting next_dagrun for co2_emissions_databricks_etl to None, run_after=None
[2026-01-05T14:42:26.472+0000] {processor.py:183} INFO - Processing /opt/airflow/dags/co2_emissions.py took 0.121 seconds
[2026-01-05T14:42:47.601+0000] {processor.py:161} INFO - Started process (PID=269) to work on /opt/airflow/dags/co2_emissions.py
[2026-01-05T14:42:47.603+0000] {processor.py:830} INFO - Processing file /opt/airflow/dags/co2_emissions.py for tasks to queue
[2026-01-05T14:42:47.604+0000] {logging_mixin.py:188} INFO - [2026-01-05T14:42:47.604+0000] {dagbag.py:538} INFO - Filling up the DagBag from /opt/airflow/dags/co2_emissions.py
[2026-01-05T14:42:47.670+0000] {processor.py:840} INFO - DAG(s) 'co2_emissions_databricks_etl' retrieved from /opt/airflow/dags/co2_emissions.py
[2026-01-05T14:42:47.707+0000] {logging_mixin.py:188} INFO - [2026-01-05T14:42:47.707+0000] {dag.py:3036} INFO - Sync 1 DAGs
[2026-01-05T14:42:47.722+0000] {logging_mixin.py:188} INFO - [2026-01-05T14:42:47.722+0000] {dag.py:3823} INFO - Setting next_dagrun for co2_emissions_databricks_etl to None, run_after=None
[2026-01-05T14:42:47.760+0000] {processor.py:183} INFO - Processing /opt/airflow/dags/co2_emissions.py took 0.167 seconds
[2026-01-05T14:43:02.939+0000] {processor.py:161} INFO - Started process (PID=274) to work on /opt/airflow/dags/co2_emissions.py
[2026-01-05T14:43:02.943+0000] {processor.py:830} INFO - Processing file /opt/airflow/dags/co2_emissions.py for tasks to queue
[2026-01-05T14:43:02.945+0000] {logging_mixin.py:188} INFO - [2026-01-05T14:43:02.945+0000] {dagbag.py:538} INFO - Filling up the DagBag from /opt/airflow/dags/co2_emissions.py
[2026-01-05T14:43:02.997+0000] {processor.py:840} INFO - DAG(s) 'co2_emissions_databricks_etl' retrieved from /opt/airflow/dags/co2_emissions.py
[2026-01-05T14:43:03.373+0000] {logging_mixin.py:188} INFO - [2026-01-05T14:43:03.373+0000] {dag.py:3036} INFO - Sync 1 DAGs
[2026-01-05T14:43:03.384+0000] {logging_mixin.py:188} INFO - [2026-01-05T14:43:03.384+0000] {dag.py:3823} INFO - Setting next_dagrun for co2_emissions_databricks_etl to None, run_after=None
[2026-01-05T14:43:03.421+0000] {processor.py:183} INFO - Processing /opt/airflow/dags/co2_emissions.py took 0.489 seconds
[2026-01-05T14:43:33.745+0000] {processor.py:161} INFO - Started process (PID=279) to work on /opt/airflow/dags/co2_emissions.py
[2026-01-05T14:43:33.746+0000] {processor.py:830} INFO - Processing file /opt/airflow/dags/co2_emissions.py for tasks to queue
[2026-01-05T14:43:33.748+0000] {logging_mixin.py:188} INFO - [2026-01-05T14:43:33.748+0000] {dagbag.py:538} INFO - Filling up the DagBag from /opt/airflow/dags/co2_emissions.py
[2026-01-05T14:43:33.782+0000] {processor.py:840} INFO - DAG(s) 'co2_emissions_databricks_etl' retrieved from /opt/airflow/dags/co2_emissions.py
[2026-01-05T14:43:33.828+0000] {logging_mixin.py:188} INFO - [2026-01-05T14:43:33.827+0000] {dag.py:3036} INFO - Sync 1 DAGs
[2026-01-05T14:43:33.859+0000] {logging_mixin.py:188} INFO - [2026-01-05T14:43:33.858+0000] {dag.py:3823} INFO - Setting next_dagrun for co2_emissions_databricks_etl to None, run_after=None
[2026-01-05T14:43:33.895+0000] {processor.py:183} INFO - Processing /opt/airflow/dags/co2_emissions.py took 0.155 seconds
[2026-01-05T14:44:02.192+0000] {processor.py:161} INFO - Started process (PID=284) to work on /opt/airflow/dags/co2_emissions.py
[2026-01-05T14:44:02.194+0000] {processor.py:830} INFO - Processing file /opt/airflow/dags/co2_emissions.py for tasks to queue
[2026-01-05T14:44:02.195+0000] {logging_mixin.py:188} INFO - [2026-01-05T14:44:02.195+0000] {dagbag.py:538} INFO - Filling up the DagBag from /opt/airflow/dags/co2_emissions.py
[2026-01-05T14:44:02.256+0000] {processor.py:840} INFO - DAG(s) 'co2_emissions_databricks_etl' retrieved from /opt/airflow/dags/co2_emissions.py
[2026-01-05T14:44:02.293+0000] {logging_mixin.py:188} INFO - [2026-01-05T14:44:02.293+0000] {dag.py:3036} INFO - Sync 1 DAGs
[2026-01-05T14:44:02.307+0000] {logging_mixin.py:188} INFO - [2026-01-05T14:44:02.307+0000] {dag.py:3823} INFO - Setting next_dagrun for co2_emissions_databricks_etl to None, run_after=None
[2026-01-05T14:44:02.341+0000] {processor.py:183} INFO - Processing /opt/airflow/dags/co2_emissions.py took 0.153 seconds
[2026-01-05T16:08:46.174+0000] {processor.py:161} INFO - Started process (PID=168) to work on /opt/airflow/dags/co2_emissions.py
[2026-01-05T16:08:46.176+0000] {processor.py:830} INFO - Processing file /opt/airflow/dags/co2_emissions.py for tasks to queue
[2026-01-05T16:08:46.179+0000] {logging_mixin.py:188} INFO - [2026-01-05T16:08:46.178+0000] {dagbag.py:538} INFO - Filling up the DagBag from /opt/airflow/dags/co2_emissions.py
[2026-01-05T16:08:46.235+0000] {processor.py:840} INFO - DAG(s) 'co2_emissions_databricks_etl' retrieved from /opt/airflow/dags/co2_emissions.py
[2026-01-05T16:08:46.517+0000] {logging_mixin.py:188} INFO - [2026-01-05T16:08:46.516+0000] {override.py:1769} INFO - Created Permission View: can read on DAG:co2_emissions_databricks_etl
[2026-01-05T16:08:46.532+0000] {logging_mixin.py:188} INFO - [2026-01-05T16:08:46.532+0000] {override.py:1769} INFO - Created Permission View: can edit on DAG:co2_emissions_databricks_etl
[2026-01-05T16:08:46.542+0000] {logging_mixin.py:188} INFO - [2026-01-05T16:08:46.542+0000] {override.py:1769} INFO - Created Permission View: can delete on DAG:co2_emissions_databricks_etl
[2026-01-05T16:08:46.543+0000] {logging_mixin.py:188} INFO - [2026-01-05T16:08:46.543+0000] {dag.py:3036} INFO - Sync 1 DAGs
[2026-01-05T16:08:46.568+0000] {logging_mixin.py:188} INFO - [2026-01-05T16:08:46.567+0000] {dag.py:3058} INFO - Creating ORM DAG for co2_emissions_databricks_etl
[2026-01-05T16:08:46.570+0000] {logging_mixin.py:188} INFO - [2026-01-05T16:08:46.569+0000] {dag.py:3823} INFO - Setting next_dagrun for co2_emissions_databricks_etl to None, run_after=None
[2026-01-05T16:08:46.605+0000] {processor.py:183} INFO - Processing /opt/airflow/dags/co2_emissions.py took 0.437 seconds
[2026-01-05T16:09:17.034+0000] {processor.py:161} INFO - Started process (PID=173) to work on /opt/airflow/dags/co2_emissions.py
[2026-01-05T16:09:17.044+0000] {processor.py:830} INFO - Processing file /opt/airflow/dags/co2_emissions.py for tasks to queue
[2026-01-05T16:09:17.048+0000] {logging_mixin.py:188} INFO - [2026-01-05T16:09:17.046+0000] {dagbag.py:538} INFO - Filling up the DagBag from /opt/airflow/dags/co2_emissions.py
[2026-01-05T16:09:17.107+0000] {processor.py:840} INFO - DAG(s) 'co2_emissions_databricks_etl' retrieved from /opt/airflow/dags/co2_emissions.py
[2026-01-05T16:09:17.242+0000] {logging_mixin.py:188} INFO - [2026-01-05T16:09:17.241+0000] {dag.py:3036} INFO - Sync 1 DAGs
[2026-01-05T16:09:17.279+0000] {logging_mixin.py:188} INFO - [2026-01-05T16:09:17.279+0000] {dag.py:3823} INFO - Setting next_dagrun for co2_emissions_databricks_etl to None, run_after=None
[2026-01-05T16:09:17.343+0000] {processor.py:183} INFO - Processing /opt/airflow/dags/co2_emissions.py took 0.340 seconds
[2026-01-05T16:09:47.662+0000] {processor.py:161} INFO - Started process (PID=178) to work on /opt/airflow/dags/co2_emissions.py
[2026-01-05T16:09:47.665+0000] {processor.py:830} INFO - Processing file /opt/airflow/dags/co2_emissions.py for tasks to queue
[2026-01-05T16:09:47.667+0000] {logging_mixin.py:188} INFO - [2026-01-05T16:09:47.666+0000] {dagbag.py:538} INFO - Filling up the DagBag from /opt/airflow/dags/co2_emissions.py
[2026-01-05T16:09:47.716+0000] {processor.py:840} INFO - DAG(s) 'co2_emissions_databricks_etl' retrieved from /opt/airflow/dags/co2_emissions.py
[2026-01-05T16:09:47.814+0000] {logging_mixin.py:188} INFO - [2026-01-05T16:09:47.814+0000] {dag.py:3036} INFO - Sync 1 DAGs
[2026-01-05T16:09:47.849+0000] {logging_mixin.py:188} INFO - [2026-01-05T16:09:47.849+0000] {dag.py:3823} INFO - Setting next_dagrun for co2_emissions_databricks_etl to None, run_after=None
[2026-01-05T16:09:47.882+0000] {processor.py:183} INFO - Processing /opt/airflow/dags/co2_emissions.py took 0.226 seconds
[2026-01-05T16:10:18.194+0000] {processor.py:161} INFO - Started process (PID=186) to work on /opt/airflow/dags/co2_emissions.py
[2026-01-05T16:10:18.196+0000] {processor.py:830} INFO - Processing file /opt/airflow/dags/co2_emissions.py for tasks to queue
[2026-01-05T16:10:18.198+0000] {logging_mixin.py:188} INFO - [2026-01-05T16:10:18.198+0000] {dagbag.py:538} INFO - Filling up the DagBag from /opt/airflow/dags/co2_emissions.py
[2026-01-05T16:10:18.228+0000] {processor.py:840} INFO - DAG(s) 'co2_emissions_databricks_etl' retrieved from /opt/airflow/dags/co2_emissions.py
[2026-01-05T16:10:18.300+0000] {logging_mixin.py:188} INFO - [2026-01-05T16:10:18.300+0000] {dag.py:3036} INFO - Sync 1 DAGs
[2026-01-05T16:10:18.317+0000] {logging_mixin.py:188} INFO - [2026-01-05T16:10:18.317+0000] {dag.py:3823} INFO - Setting next_dagrun for co2_emissions_databricks_etl to None, run_after=None
[2026-01-05T16:10:18.351+0000] {processor.py:183} INFO - Processing /opt/airflow/dags/co2_emissions.py took 0.162 seconds
[2026-01-05T16:10:48.529+0000] {processor.py:161} INFO - Started process (PID=192) to work on /opt/airflow/dags/co2_emissions.py
[2026-01-05T16:10:48.533+0000] {processor.py:830} INFO - Processing file /opt/airflow/dags/co2_emissions.py for tasks to queue
[2026-01-05T16:10:48.536+0000] {logging_mixin.py:188} INFO - [2026-01-05T16:10:48.535+0000] {dagbag.py:538} INFO - Filling up the DagBag from /opt/airflow/dags/co2_emissions.py
[2026-01-05T16:10:48.584+0000] {processor.py:840} INFO - DAG(s) 'co2_emissions_databricks_etl' retrieved from /opt/airflow/dags/co2_emissions.py
[2026-01-05T16:10:48.694+0000] {logging_mixin.py:188} INFO - [2026-01-05T16:10:48.693+0000] {dag.py:3036} INFO - Sync 1 DAGs
[2026-01-05T16:10:48.714+0000] {logging_mixin.py:188} INFO - [2026-01-05T16:10:48.713+0000] {dag.py:3823} INFO - Setting next_dagrun for co2_emissions_databricks_etl to None, run_after=None
[2026-01-05T16:10:48.744+0000] {processor.py:183} INFO - Processing /opt/airflow/dags/co2_emissions.py took 0.226 seconds
[2026-01-05T16:11:19.055+0000] {processor.py:161} INFO - Started process (PID=197) to work on /opt/airflow/dags/co2_emissions.py
[2026-01-05T16:11:19.058+0000] {processor.py:830} INFO - Processing file /opt/airflow/dags/co2_emissions.py for tasks to queue
[2026-01-05T16:11:19.060+0000] {logging_mixin.py:188} INFO - [2026-01-05T16:11:19.059+0000] {dagbag.py:538} INFO - Filling up the DagBag from /opt/airflow/dags/co2_emissions.py
[2026-01-05T16:11:19.110+0000] {processor.py:840} INFO - DAG(s) 'co2_emissions_databricks_etl' retrieved from /opt/airflow/dags/co2_emissions.py
[2026-01-05T16:11:19.213+0000] {logging_mixin.py:188} INFO - [2026-01-05T16:11:19.213+0000] {dag.py:3036} INFO - Sync 1 DAGs
[2026-01-05T16:11:19.237+0000] {logging_mixin.py:188} INFO - [2026-01-05T16:11:19.236+0000] {dag.py:3823} INFO - Setting next_dagrun for co2_emissions_databricks_etl to None, run_after=None
[2026-01-05T16:11:19.267+0000] {processor.py:183} INFO - Processing /opt/airflow/dags/co2_emissions.py took 0.222 seconds
[2026-01-05T16:11:49.711+0000] {processor.py:161} INFO - Started process (PID=202) to work on /opt/airflow/dags/co2_emissions.py
[2026-01-05T16:11:49.714+0000] {processor.py:830} INFO - Processing file /opt/airflow/dags/co2_emissions.py for tasks to queue
[2026-01-05T16:11:49.719+0000] {logging_mixin.py:188} INFO - [2026-01-05T16:11:49.715+0000] {dagbag.py:538} INFO - Filling up the DagBag from /opt/airflow/dags/co2_emissions.py
[2026-01-05T16:11:49.804+0000] {processor.py:840} INFO - DAG(s) 'co2_emissions_databricks_etl' retrieved from /opt/airflow/dags/co2_emissions.py
[2026-01-05T16:11:49.895+0000] {logging_mixin.py:188} INFO - [2026-01-05T16:11:49.895+0000] {dag.py:3036} INFO - Sync 1 DAGs
[2026-01-05T16:11:49.915+0000] {logging_mixin.py:188} INFO - [2026-01-05T16:11:49.915+0000] {dag.py:3823} INFO - Setting next_dagrun for co2_emissions_databricks_etl to None, run_after=None
[2026-01-05T16:11:49.945+0000] {processor.py:183} INFO - Processing /opt/airflow/dags/co2_emissions.py took 0.307 seconds
[2026-01-05T16:12:20.258+0000] {processor.py:161} INFO - Started process (PID=207) to work on /opt/airflow/dags/co2_emissions.py
[2026-01-05T16:12:20.260+0000] {processor.py:830} INFO - Processing file /opt/airflow/dags/co2_emissions.py for tasks to queue
[2026-01-05T16:12:20.262+0000] {logging_mixin.py:188} INFO - [2026-01-05T16:12:20.261+0000] {dagbag.py:538} INFO - Filling up the DagBag from /opt/airflow/dags/co2_emissions.py
[2026-01-05T16:12:20.291+0000] {processor.py:840} INFO - DAG(s) 'co2_emissions_databricks_etl' retrieved from /opt/airflow/dags/co2_emissions.py
[2026-01-05T16:12:20.406+0000] {logging_mixin.py:188} INFO - [2026-01-05T16:12:20.406+0000] {dag.py:3036} INFO - Sync 1 DAGs
[2026-01-05T16:12:20.428+0000] {logging_mixin.py:188} INFO - [2026-01-05T16:12:20.428+0000] {dag.py:3823} INFO - Setting next_dagrun for co2_emissions_databricks_etl to None, run_after=None
[2026-01-05T16:12:20.459+0000] {processor.py:183} INFO - Processing /opt/airflow/dags/co2_emissions.py took 0.208 seconds
[2026-01-05T16:12:50.546+0000] {processor.py:161} INFO - Started process (PID=212) to work on /opt/airflow/dags/co2_emissions.py
[2026-01-05T16:12:50.549+0000] {processor.py:830} INFO - Processing file /opt/airflow/dags/co2_emissions.py for tasks to queue
[2026-01-05T16:12:50.551+0000] {logging_mixin.py:188} INFO - [2026-01-05T16:12:50.550+0000] {dagbag.py:538} INFO - Filling up the DagBag from /opt/airflow/dags/co2_emissions.py
[2026-01-05T16:12:50.584+0000] {processor.py:840} INFO - DAG(s) 'co2_emissions_databricks_etl' retrieved from /opt/airflow/dags/co2_emissions.py
[2026-01-05T16:12:50.680+0000] {logging_mixin.py:188} INFO - [2026-01-05T16:12:50.680+0000] {dag.py:3036} INFO - Sync 1 DAGs
[2026-01-05T16:12:50.701+0000] {logging_mixin.py:188} INFO - [2026-01-05T16:12:50.701+0000] {dag.py:3823} INFO - Setting next_dagrun for co2_emissions_databricks_etl to None, run_after=None
[2026-01-05T16:12:50.734+0000] {processor.py:183} INFO - Processing /opt/airflow/dags/co2_emissions.py took 0.196 seconds
[2026-01-05T16:13:21.016+0000] {processor.py:161} INFO - Started process (PID=217) to work on /opt/airflow/dags/co2_emissions.py
[2026-01-05T16:13:21.018+0000] {processor.py:830} INFO - Processing file /opt/airflow/dags/co2_emissions.py for tasks to queue
[2026-01-05T16:13:21.020+0000] {logging_mixin.py:188} INFO - [2026-01-05T16:13:21.020+0000] {dagbag.py:538} INFO - Filling up the DagBag from /opt/airflow/dags/co2_emissions.py
[2026-01-05T16:13:21.064+0000] {processor.py:840} INFO - DAG(s) 'co2_emissions_databricks_etl' retrieved from /opt/airflow/dags/co2_emissions.py
[2026-01-05T16:13:21.143+0000] {logging_mixin.py:188} INFO - [2026-01-05T16:13:21.142+0000] {dag.py:3036} INFO - Sync 1 DAGs
[2026-01-05T16:13:21.164+0000] {logging_mixin.py:188} INFO - [2026-01-05T16:13:21.164+0000] {dag.py:3823} INFO - Setting next_dagrun for co2_emissions_databricks_etl to None, run_after=None
[2026-01-05T16:13:21.196+0000] {processor.py:183} INFO - Processing /opt/airflow/dags/co2_emissions.py took 0.184 seconds
[2026-01-05T16:13:51.340+0000] {processor.py:161} INFO - Started process (PID=224) to work on /opt/airflow/dags/co2_emissions.py
[2026-01-05T16:13:51.341+0000] {processor.py:830} INFO - Processing file /opt/airflow/dags/co2_emissions.py for tasks to queue
[2026-01-05T16:13:51.343+0000] {logging_mixin.py:188} INFO - [2026-01-05T16:13:51.343+0000] {dagbag.py:538} INFO - Filling up the DagBag from /opt/airflow/dags/co2_emissions.py
[2026-01-05T16:13:51.369+0000] {processor.py:840} INFO - DAG(s) 'co2_emissions_databricks_etl' retrieved from /opt/airflow/dags/co2_emissions.py
[2026-01-05T16:13:51.490+0000] {logging_mixin.py:188} INFO - [2026-01-05T16:13:51.489+0000] {dag.py:3036} INFO - Sync 1 DAGs
[2026-01-05T16:13:51.513+0000] {logging_mixin.py:188} INFO - [2026-01-05T16:13:51.513+0000] {dag.py:3823} INFO - Setting next_dagrun for co2_emissions_databricks_etl to None, run_after=None
[2026-01-05T16:13:51.543+0000] {processor.py:183} INFO - Processing /opt/airflow/dags/co2_emissions.py took 0.209 seconds
[2026-01-05T16:14:21.763+0000] {processor.py:161} INFO - Started process (PID=229) to work on /opt/airflow/dags/co2_emissions.py
[2026-01-05T16:14:21.765+0000] {processor.py:830} INFO - Processing file /opt/airflow/dags/co2_emissions.py for tasks to queue
[2026-01-05T16:14:21.767+0000] {logging_mixin.py:188} INFO - [2026-01-05T16:14:21.766+0000] {dagbag.py:538} INFO - Filling up the DagBag from /opt/airflow/dags/co2_emissions.py
[2026-01-05T16:14:21.802+0000] {processor.py:840} INFO - DAG(s) 'co2_emissions_databricks_etl' retrieved from /opt/airflow/dags/co2_emissions.py
[2026-01-05T16:14:21.877+0000] {logging_mixin.py:188} INFO - [2026-01-05T16:14:21.876+0000] {dag.py:3036} INFO - Sync 1 DAGs
[2026-01-05T16:14:21.898+0000] {logging_mixin.py:188} INFO - [2026-01-05T16:14:21.898+0000] {dag.py:3823} INFO - Setting next_dagrun for co2_emissions_databricks_etl to None, run_after=None
[2026-01-05T16:14:21.941+0000] {processor.py:183} INFO - Processing /opt/airflow/dags/co2_emissions.py took 0.187 seconds
[2026-01-05T16:14:52.056+0000] {processor.py:161} INFO - Started process (PID=234) to work on /opt/airflow/dags/co2_emissions.py
[2026-01-05T16:14:52.058+0000] {processor.py:830} INFO - Processing file /opt/airflow/dags/co2_emissions.py for tasks to queue
[2026-01-05T16:14:52.060+0000] {logging_mixin.py:188} INFO - [2026-01-05T16:14:52.059+0000] {dagbag.py:538} INFO - Filling up the DagBag from /opt/airflow/dags/co2_emissions.py
[2026-01-05T16:14:52.086+0000] {processor.py:840} INFO - DAG(s) 'co2_emissions_databricks_etl' retrieved from /opt/airflow/dags/co2_emissions.py
[2026-01-05T16:14:52.147+0000] {logging_mixin.py:188} INFO - [2026-01-05T16:14:52.147+0000] {dag.py:3036} INFO - Sync 1 DAGs
[2026-01-05T16:14:52.166+0000] {logging_mixin.py:188} INFO - [2026-01-05T16:14:52.166+0000] {dag.py:3823} INFO - Setting next_dagrun for co2_emissions_databricks_etl to None, run_after=None
[2026-01-05T16:14:52.194+0000] {processor.py:183} INFO - Processing /opt/airflow/dags/co2_emissions.py took 0.143 seconds
[2026-01-05T16:15:22.476+0000] {processor.py:161} INFO - Started process (PID=239) to work on /opt/airflow/dags/co2_emissions.py
[2026-01-05T16:15:22.478+0000] {processor.py:830} INFO - Processing file /opt/airflow/dags/co2_emissions.py for tasks to queue
[2026-01-05T16:15:22.479+0000] {logging_mixin.py:188} INFO - [2026-01-05T16:15:22.479+0000] {dagbag.py:538} INFO - Filling up the DagBag from /opt/airflow/dags/co2_emissions.py
[2026-01-05T16:15:22.524+0000] {processor.py:840} INFO - DAG(s) 'co2_emissions_databricks_etl' retrieved from /opt/airflow/dags/co2_emissions.py
[2026-01-05T16:15:22.616+0000] {logging_mixin.py:188} INFO - [2026-01-05T16:15:22.616+0000] {dag.py:3036} INFO - Sync 1 DAGs
[2026-01-05T16:15:22.634+0000] {logging_mixin.py:188} INFO - [2026-01-05T16:15:22.634+0000] {dag.py:3823} INFO - Setting next_dagrun for co2_emissions_databricks_etl to None, run_after=None
[2026-01-05T16:15:22.670+0000] {processor.py:183} INFO - Processing /opt/airflow/dags/co2_emissions.py took 0.198 seconds
[2026-01-05T16:15:52.971+0000] {processor.py:161} INFO - Started process (PID=244) to work on /opt/airflow/dags/co2_emissions.py
[2026-01-05T16:15:52.973+0000] {processor.py:830} INFO - Processing file /opt/airflow/dags/co2_emissions.py for tasks to queue
[2026-01-05T16:15:52.975+0000] {logging_mixin.py:188} INFO - [2026-01-05T16:15:52.974+0000] {dagbag.py:538} INFO - Filling up the DagBag from /opt/airflow/dags/co2_emissions.py
[2026-01-05T16:15:53.019+0000] {processor.py:840} INFO - DAG(s) 'co2_emissions_databricks_etl' retrieved from /opt/airflow/dags/co2_emissions.py
[2026-01-05T16:15:53.090+0000] {logging_mixin.py:188} INFO - [2026-01-05T16:15:53.090+0000] {dag.py:3036} INFO - Sync 1 DAGs
[2026-01-05T16:15:53.104+0000] {logging_mixin.py:188} INFO - [2026-01-05T16:15:53.104+0000] {dag.py:3823} INFO - Setting next_dagrun for co2_emissions_databricks_etl to None, run_after=None
[2026-01-05T16:15:53.132+0000] {processor.py:183} INFO - Processing /opt/airflow/dags/co2_emissions.py took 0.166 seconds
[2026-01-05T16:16:23.211+0000] {processor.py:161} INFO - Started process (PID=249) to work on /opt/airflow/dags/co2_emissions.py
[2026-01-05T16:16:23.214+0000] {processor.py:830} INFO - Processing file /opt/airflow/dags/co2_emissions.py for tasks to queue
[2026-01-05T16:16:23.216+0000] {logging_mixin.py:188} INFO - [2026-01-05T16:16:23.215+0000] {dagbag.py:538} INFO - Filling up the DagBag from /opt/airflow/dags/co2_emissions.py
[2026-01-05T16:16:23.247+0000] {processor.py:840} INFO - DAG(s) 'co2_emissions_databricks_etl' retrieved from /opt/airflow/dags/co2_emissions.py
[2026-01-05T16:16:23.314+0000] {logging_mixin.py:188} INFO - [2026-01-05T16:16:23.314+0000] {dag.py:3036} INFO - Sync 1 DAGs
[2026-01-05T16:16:23.335+0000] {logging_mixin.py:188} INFO - [2026-01-05T16:16:23.334+0000] {dag.py:3823} INFO - Setting next_dagrun for co2_emissions_databricks_etl to None, run_after=None
[2026-01-05T16:16:23.368+0000] {processor.py:183} INFO - Processing /opt/airflow/dags/co2_emissions.py took 0.164 seconds
[2026-01-05T16:16:53.677+0000] {processor.py:161} INFO - Started process (PID=254) to work on /opt/airflow/dags/co2_emissions.py
[2026-01-05T16:16:53.679+0000] {processor.py:830} INFO - Processing file /opt/airflow/dags/co2_emissions.py for tasks to queue
[2026-01-05T16:16:53.680+0000] {logging_mixin.py:188} INFO - [2026-01-05T16:16:53.680+0000] {dagbag.py:538} INFO - Filling up the DagBag from /opt/airflow/dags/co2_emissions.py
[2026-01-05T16:16:53.706+0000] {processor.py:840} INFO - DAG(s) 'co2_emissions_databricks_etl' retrieved from /opt/airflow/dags/co2_emissions.py
[2026-01-05T16:16:53.772+0000] {logging_mixin.py:188} INFO - [2026-01-05T16:16:53.771+0000] {dag.py:3036} INFO - Sync 1 DAGs
[2026-01-05T16:16:53.789+0000] {logging_mixin.py:188} INFO - [2026-01-05T16:16:53.788+0000] {dag.py:3823} INFO - Setting next_dagrun for co2_emissions_databricks_etl to None, run_after=None
[2026-01-05T16:16:53.814+0000] {processor.py:183} INFO - Processing /opt/airflow/dags/co2_emissions.py took 0.141 seconds
[2026-01-05T16:17:24.009+0000] {processor.py:161} INFO - Started process (PID=259) to work on /opt/airflow/dags/co2_emissions.py
[2026-01-05T16:17:24.012+0000] {processor.py:830} INFO - Processing file /opt/airflow/dags/co2_emissions.py for tasks to queue
[2026-01-05T16:17:24.013+0000] {logging_mixin.py:188} INFO - [2026-01-05T16:17:24.013+0000] {dagbag.py:538} INFO - Filling up the DagBag from /opt/airflow/dags/co2_emissions.py
[2026-01-05T16:17:24.040+0000] {processor.py:840} INFO - DAG(s) 'co2_emissions_databricks_etl' retrieved from /opt/airflow/dags/co2_emissions.py
[2026-01-05T16:17:24.124+0000] {logging_mixin.py:188} INFO - [2026-01-05T16:17:24.123+0000] {dag.py:3036} INFO - Sync 1 DAGs
[2026-01-05T16:17:24.143+0000] {logging_mixin.py:188} INFO - [2026-01-05T16:17:24.142+0000] {dag.py:3823} INFO - Setting next_dagrun for co2_emissions_databricks_etl to None, run_after=None
[2026-01-05T16:17:24.235+0000] {processor.py:183} INFO - Processing /opt/airflow/dags/co2_emissions.py took 0.231 seconds
[2026-01-05T16:17:54.368+0000] {processor.py:161} INFO - Started process (PID=264) to work on /opt/airflow/dags/co2_emissions.py
[2026-01-05T16:17:54.370+0000] {processor.py:830} INFO - Processing file /opt/airflow/dags/co2_emissions.py for tasks to queue
[2026-01-05T16:17:54.371+0000] {logging_mixin.py:188} INFO - [2026-01-05T16:17:54.371+0000] {dagbag.py:538} INFO - Filling up the DagBag from /opt/airflow/dags/co2_emissions.py
[2026-01-05T16:17:54.399+0000] {processor.py:840} INFO - DAG(s) 'co2_emissions_databricks_etl' retrieved from /opt/airflow/dags/co2_emissions.py
[2026-01-05T16:17:54.474+0000] {logging_mixin.py:188} INFO - [2026-01-05T16:17:54.473+0000] {dag.py:3036} INFO - Sync 1 DAGs
[2026-01-05T16:17:54.493+0000] {logging_mixin.py:188} INFO - [2026-01-05T16:17:54.492+0000] {dag.py:3823} INFO - Setting next_dagrun for co2_emissions_databricks_etl to None, run_after=None
[2026-01-05T16:17:54.525+0000] {processor.py:183} INFO - Processing /opt/airflow/dags/co2_emissions.py took 0.160 seconds
[2026-01-05T16:18:24.870+0000] {processor.py:161} INFO - Started process (PID=269) to work on /opt/airflow/dags/co2_emissions.py
[2026-01-05T16:18:24.873+0000] {processor.py:830} INFO - Processing file /opt/airflow/dags/co2_emissions.py for tasks to queue
[2026-01-05T16:18:24.875+0000] {logging_mixin.py:188} INFO - [2026-01-05T16:18:24.874+0000] {dagbag.py:538} INFO - Filling up the DagBag from /opt/airflow/dags/co2_emissions.py
[2026-01-05T16:18:24.911+0000] {processor.py:840} INFO - DAG(s) 'co2_emissions_databricks_etl' retrieved from /opt/airflow/dags/co2_emissions.py
[2026-01-05T16:18:24.976+0000] {logging_mixin.py:188} INFO - [2026-01-05T16:18:24.976+0000] {dag.py:3036} INFO - Sync 1 DAGs
[2026-01-05T16:18:24.997+0000] {logging_mixin.py:188} INFO - [2026-01-05T16:18:24.996+0000] {dag.py:3823} INFO - Setting next_dagrun for co2_emissions_databricks_etl to None, run_after=None
[2026-01-05T16:18:25.027+0000] {processor.py:183} INFO - Processing /opt/airflow/dags/co2_emissions.py took 0.162 seconds
[2026-01-05T16:18:55.254+0000] {processor.py:161} INFO - Started process (PID=274) to work on /opt/airflow/dags/co2_emissions.py
[2026-01-05T16:18:55.257+0000] {processor.py:830} INFO - Processing file /opt/airflow/dags/co2_emissions.py for tasks to queue
[2026-01-05T16:18:55.259+0000] {logging_mixin.py:188} INFO - [2026-01-05T16:18:55.258+0000] {dagbag.py:538} INFO - Filling up the DagBag from /opt/airflow/dags/co2_emissions.py
[2026-01-05T16:18:55.322+0000] {processor.py:840} INFO - DAG(s) 'co2_emissions_databricks_etl' retrieved from /opt/airflow/dags/co2_emissions.py
[2026-01-05T16:18:55.390+0000] {logging_mixin.py:188} INFO - [2026-01-05T16:18:55.390+0000] {dag.py:3036} INFO - Sync 1 DAGs
[2026-01-05T16:18:55.416+0000] {logging_mixin.py:188} INFO - [2026-01-05T16:18:55.416+0000] {dag.py:3823} INFO - Setting next_dagrun for co2_emissions_databricks_etl to None, run_after=None
[2026-01-05T16:18:55.456+0000] {processor.py:183} INFO - Processing /opt/airflow/dags/co2_emissions.py took 0.212 seconds
[2026-01-05T16:19:25.905+0000] {processor.py:161} INFO - Started process (PID=279) to work on /opt/airflow/dags/co2_emissions.py
[2026-01-05T16:19:25.907+0000] {processor.py:830} INFO - Processing file /opt/airflow/dags/co2_emissions.py for tasks to queue
[2026-01-05T16:19:25.909+0000] {logging_mixin.py:188} INFO - [2026-01-05T16:19:25.908+0000] {dagbag.py:538} INFO - Filling up the DagBag from /opt/airflow/dags/co2_emissions.py
[2026-01-05T16:19:25.942+0000] {processor.py:840} INFO - DAG(s) 'co2_emissions_databricks_etl' retrieved from /opt/airflow/dags/co2_emissions.py
[2026-01-05T16:19:26.017+0000] {logging_mixin.py:188} INFO - [2026-01-05T16:19:26.016+0000] {dag.py:3036} INFO - Sync 1 DAGs
[2026-01-05T16:19:26.040+0000] {logging_mixin.py:188} INFO - [2026-01-05T16:19:26.040+0000] {dag.py:3823} INFO - Setting next_dagrun for co2_emissions_databricks_etl to None, run_after=None
[2026-01-05T16:19:26.067+0000] {processor.py:183} INFO - Processing /opt/airflow/dags/co2_emissions.py took 0.167 seconds
[2026-01-05T16:19:56.176+0000] {processor.py:161} INFO - Started process (PID=284) to work on /opt/airflow/dags/co2_emissions.py
[2026-01-05T16:19:56.178+0000] {processor.py:830} INFO - Processing file /opt/airflow/dags/co2_emissions.py for tasks to queue
[2026-01-05T16:19:56.180+0000] {logging_mixin.py:188} INFO - [2026-01-05T16:19:56.180+0000] {dagbag.py:538} INFO - Filling up the DagBag from /opt/airflow/dags/co2_emissions.py
[2026-01-05T16:19:56.211+0000] {processor.py:840} INFO - DAG(s) 'co2_emissions_databricks_etl' retrieved from /opt/airflow/dags/co2_emissions.py
[2026-01-05T16:19:56.282+0000] {logging_mixin.py:188} INFO - [2026-01-05T16:19:56.282+0000] {dag.py:3036} INFO - Sync 1 DAGs
[2026-01-05T16:19:56.301+0000] {logging_mixin.py:188} INFO - [2026-01-05T16:19:56.301+0000] {dag.py:3823} INFO - Setting next_dagrun for co2_emissions_databricks_etl to None, run_after=None
[2026-01-05T16:19:56.340+0000] {processor.py:183} INFO - Processing /opt/airflow/dags/co2_emissions.py took 0.171 seconds
[2026-01-05T16:20:26.471+0000] {processor.py:161} INFO - Started process (PID=289) to work on /opt/airflow/dags/co2_emissions.py
[2026-01-05T16:20:26.473+0000] {processor.py:830} INFO - Processing file /opt/airflow/dags/co2_emissions.py for tasks to queue
[2026-01-05T16:20:26.475+0000] {logging_mixin.py:188} INFO - [2026-01-05T16:20:26.474+0000] {dagbag.py:538} INFO - Filling up the DagBag from /opt/airflow/dags/co2_emissions.py
[2026-01-05T16:20:26.504+0000] {processor.py:840} INFO - DAG(s) 'co2_emissions_databricks_etl' retrieved from /opt/airflow/dags/co2_emissions.py
[2026-01-05T16:20:26.581+0000] {logging_mixin.py:188} INFO - [2026-01-05T16:20:26.581+0000] {dag.py:3036} INFO - Sync 1 DAGs
[2026-01-05T16:20:26.611+0000] {logging_mixin.py:188} INFO - [2026-01-05T16:20:26.611+0000] {dag.py:3823} INFO - Setting next_dagrun for co2_emissions_databricks_etl to None, run_after=None
[2026-01-05T16:20:26.635+0000] {processor.py:183} INFO - Processing /opt/airflow/dags/co2_emissions.py took 0.170 seconds
[2026-01-05T16:20:56.899+0000] {processor.py:161} INFO - Started process (PID=294) to work on /opt/airflow/dags/co2_emissions.py
[2026-01-05T16:20:56.902+0000] {processor.py:830} INFO - Processing file /opt/airflow/dags/co2_emissions.py for tasks to queue
[2026-01-05T16:20:56.904+0000] {logging_mixin.py:188} INFO - [2026-01-05T16:20:56.903+0000] {dagbag.py:538} INFO - Filling up the DagBag from /opt/airflow/dags/co2_emissions.py
[2026-01-05T16:20:56.943+0000] {processor.py:840} INFO - DAG(s) 'co2_emissions_databricks_etl' retrieved from /opt/airflow/dags/co2_emissions.py
[2026-01-05T16:20:57.009+0000] {logging_mixin.py:188} INFO - [2026-01-05T16:20:57.009+0000] {dag.py:3036} INFO - Sync 1 DAGs
[2026-01-05T16:20:57.030+0000] {logging_mixin.py:188} INFO - [2026-01-05T16:20:57.030+0000] {dag.py:3823} INFO - Setting next_dagrun for co2_emissions_databricks_etl to None, run_after=None
[2026-01-05T16:20:57.061+0000] {processor.py:183} INFO - Processing /opt/airflow/dags/co2_emissions.py took 0.172 seconds
[2026-01-05T16:21:27.176+0000] {processor.py:161} INFO - Started process (PID=299) to work on /opt/airflow/dags/co2_emissions.py
[2026-01-05T16:21:27.178+0000] {processor.py:830} INFO - Processing file /opt/airflow/dags/co2_emissions.py for tasks to queue
[2026-01-05T16:21:27.179+0000] {logging_mixin.py:188} INFO - [2026-01-05T16:21:27.179+0000] {dagbag.py:538} INFO - Filling up the DagBag from /opt/airflow/dags/co2_emissions.py
[2026-01-05T16:21:27.208+0000] {processor.py:840} INFO - DAG(s) 'co2_emissions_databricks_etl' retrieved from /opt/airflow/dags/co2_emissions.py
[2026-01-05T16:21:27.276+0000] {logging_mixin.py:188} INFO - [2026-01-05T16:21:27.275+0000] {dag.py:3036} INFO - Sync 1 DAGs
[2026-01-05T16:21:27.294+0000] {logging_mixin.py:188} INFO - [2026-01-05T16:21:27.293+0000] {dag.py:3823} INFO - Setting next_dagrun for co2_emissions_databricks_etl to None, run_after=None
[2026-01-05T16:21:27.320+0000] {processor.py:183} INFO - Processing /opt/airflow/dags/co2_emissions.py took 0.150 seconds
[2026-01-05T16:21:57.575+0000] {processor.py:161} INFO - Started process (PID=304) to work on /opt/airflow/dags/co2_emissions.py
[2026-01-05T16:21:57.578+0000] {processor.py:830} INFO - Processing file /opt/airflow/dags/co2_emissions.py for tasks to queue
[2026-01-05T16:21:57.579+0000] {logging_mixin.py:188} INFO - [2026-01-05T16:21:57.579+0000] {dagbag.py:538} INFO - Filling up the DagBag from /opt/airflow/dags/co2_emissions.py
[2026-01-05T16:21:57.613+0000] {processor.py:840} INFO - DAG(s) 'co2_emissions_databricks_etl' retrieved from /opt/airflow/dags/co2_emissions.py
[2026-01-05T16:21:57.689+0000] {logging_mixin.py:188} INFO - [2026-01-05T16:21:57.689+0000] {dag.py:3036} INFO - Sync 1 DAGs
[2026-01-05T16:21:57.704+0000] {logging_mixin.py:188} INFO - [2026-01-05T16:21:57.704+0000] {dag.py:3823} INFO - Setting next_dagrun for co2_emissions_databricks_etl to None, run_after=None
[2026-01-05T16:21:57.735+0000] {processor.py:183} INFO - Processing /opt/airflow/dags/co2_emissions.py took 0.164 seconds
[2026-01-05T16:22:27.881+0000] {processor.py:161} INFO - Started process (PID=309) to work on /opt/airflow/dags/co2_emissions.py
[2026-01-05T16:22:27.887+0000] {processor.py:830} INFO - Processing file /opt/airflow/dags/co2_emissions.py for tasks to queue
[2026-01-05T16:22:27.892+0000] {logging_mixin.py:188} INFO - [2026-01-05T16:22:27.891+0000] {dagbag.py:538} INFO - Filling up the DagBag from /opt/airflow/dags/co2_emissions.py
[2026-01-05T16:22:27.937+0000] {processor.py:840} INFO - DAG(s) 'co2_emissions_databricks_etl' retrieved from /opt/airflow/dags/co2_emissions.py
[2026-01-05T16:22:28.025+0000] {logging_mixin.py:188} INFO - [2026-01-05T16:22:28.025+0000] {dag.py:3036} INFO - Sync 1 DAGs
[2026-01-05T16:22:28.044+0000] {logging_mixin.py:188} INFO - [2026-01-05T16:22:28.044+0000] {dag.py:3823} INFO - Setting next_dagrun for co2_emissions_databricks_etl to None, run_after=None
[2026-01-05T16:22:28.072+0000] {processor.py:183} INFO - Processing /opt/airflow/dags/co2_emissions.py took 0.197 seconds
[2026-01-05T16:22:58.388+0000] {processor.py:161} INFO - Started process (PID=314) to work on /opt/airflow/dags/co2_emissions.py
[2026-01-05T16:22:58.390+0000] {processor.py:830} INFO - Processing file /opt/airflow/dags/co2_emissions.py for tasks to queue
[2026-01-05T16:22:58.392+0000] {logging_mixin.py:188} INFO - [2026-01-05T16:22:58.392+0000] {dagbag.py:538} INFO - Filling up the DagBag from /opt/airflow/dags/co2_emissions.py
[2026-01-05T16:22:58.422+0000] {processor.py:840} INFO - DAG(s) 'co2_emissions_databricks_etl' retrieved from /opt/airflow/dags/co2_emissions.py
[2026-01-05T16:22:58.494+0000] {logging_mixin.py:188} INFO - [2026-01-05T16:22:58.493+0000] {dag.py:3036} INFO - Sync 1 DAGs
[2026-01-05T16:22:58.513+0000] {logging_mixin.py:188} INFO - [2026-01-05T16:22:58.513+0000] {dag.py:3823} INFO - Setting next_dagrun for co2_emissions_databricks_etl to None, run_after=None
[2026-01-05T16:22:58.551+0000] {processor.py:183} INFO - Processing /opt/airflow/dags/co2_emissions.py took 0.168 seconds
[2026-01-05T16:23:28.637+0000] {processor.py:161} INFO - Started process (PID=319) to work on /opt/airflow/dags/co2_emissions.py
[2026-01-05T16:23:28.639+0000] {processor.py:830} INFO - Processing file /opt/airflow/dags/co2_emissions.py for tasks to queue
[2026-01-05T16:23:28.641+0000] {logging_mixin.py:188} INFO - [2026-01-05T16:23:28.640+0000] {dagbag.py:538} INFO - Filling up the DagBag from /opt/airflow/dags/co2_emissions.py
[2026-01-05T16:23:28.668+0000] {processor.py:840} INFO - DAG(s) 'co2_emissions_databricks_etl' retrieved from /opt/airflow/dags/co2_emissions.py
[2026-01-05T16:23:28.740+0000] {logging_mixin.py:188} INFO - [2026-01-05T16:23:28.740+0000] {dag.py:3036} INFO - Sync 1 DAGs
[2026-01-05T16:23:28.756+0000] {logging_mixin.py:188} INFO - [2026-01-05T16:23:28.755+0000] {dag.py:3823} INFO - Setting next_dagrun for co2_emissions_databricks_etl to None, run_after=None
[2026-01-05T16:23:28.795+0000] {processor.py:183} INFO - Processing /opt/airflow/dags/co2_emissions.py took 0.163 seconds
[2026-01-05T16:23:59.130+0000] {processor.py:161} INFO - Started process (PID=324) to work on /opt/airflow/dags/co2_emissions.py
[2026-01-05T16:23:59.132+0000] {processor.py:830} INFO - Processing file /opt/airflow/dags/co2_emissions.py for tasks to queue
[2026-01-05T16:23:59.133+0000] {logging_mixin.py:188} INFO - [2026-01-05T16:23:59.133+0000] {dagbag.py:538} INFO - Filling up the DagBag from /opt/airflow/dags/co2_emissions.py
[2026-01-05T16:23:59.160+0000] {processor.py:840} INFO - DAG(s) 'co2_emissions_databricks_etl' retrieved from /opt/airflow/dags/co2_emissions.py
[2026-01-05T16:23:59.234+0000] {logging_mixin.py:188} INFO - [2026-01-05T16:23:59.234+0000] {dag.py:3036} INFO - Sync 1 DAGs
[2026-01-05T16:23:59.258+0000] {logging_mixin.py:188} INFO - [2026-01-05T16:23:59.257+0000] {dag.py:3823} INFO - Setting next_dagrun for co2_emissions_databricks_etl to None, run_after=None
[2026-01-05T16:23:59.302+0000] {processor.py:183} INFO - Processing /opt/airflow/dags/co2_emissions.py took 0.176 seconds
[2026-01-05T16:24:29.402+0000] {processor.py:161} INFO - Started process (PID=329) to work on /opt/airflow/dags/co2_emissions.py
[2026-01-05T16:24:29.404+0000] {processor.py:830} INFO - Processing file /opt/airflow/dags/co2_emissions.py for tasks to queue
[2026-01-05T16:24:29.406+0000] {logging_mixin.py:188} INFO - [2026-01-05T16:24:29.406+0000] {dagbag.py:538} INFO - Filling up the DagBag from /opt/airflow/dags/co2_emissions.py
[2026-01-05T16:24:29.431+0000] {processor.py:840} INFO - DAG(s) 'co2_emissions_databricks_etl' retrieved from /opt/airflow/dags/co2_emissions.py
[2026-01-05T16:24:29.502+0000] {logging_mixin.py:188} INFO - [2026-01-05T16:24:29.501+0000] {dag.py:3036} INFO - Sync 1 DAGs
[2026-01-05T16:24:29.529+0000] {logging_mixin.py:188} INFO - [2026-01-05T16:24:29.529+0000] {dag.py:3823} INFO - Setting next_dagrun for co2_emissions_databricks_etl to None, run_after=None
[2026-01-05T16:24:29.570+0000] {processor.py:183} INFO - Processing /opt/airflow/dags/co2_emissions.py took 0.173 seconds
[2026-01-05T16:24:59.817+0000] {processor.py:161} INFO - Started process (PID=334) to work on /opt/airflow/dags/co2_emissions.py
[2026-01-05T16:24:59.818+0000] {processor.py:830} INFO - Processing file /opt/airflow/dags/co2_emissions.py for tasks to queue
[2026-01-05T16:24:59.820+0000] {logging_mixin.py:188} INFO - [2026-01-05T16:24:59.820+0000] {dagbag.py:538} INFO - Filling up the DagBag from /opt/airflow/dags/co2_emissions.py
[2026-01-05T16:24:59.848+0000] {processor.py:840} INFO - DAG(s) 'co2_emissions_databricks_etl' retrieved from /opt/airflow/dags/co2_emissions.py
[2026-01-05T16:24:59.930+0000] {logging_mixin.py:188} INFO - [2026-01-05T16:24:59.929+0000] {dag.py:3036} INFO - Sync 1 DAGs
[2026-01-05T16:24:59.947+0000] {logging_mixin.py:188} INFO - [2026-01-05T16:24:59.947+0000] {dag.py:3823} INFO - Setting next_dagrun for co2_emissions_databricks_etl to None, run_after=None
[2026-01-05T16:24:59.978+0000] {processor.py:183} INFO - Processing /opt/airflow/dags/co2_emissions.py took 0.166 seconds
[2026-01-05T16:25:30.134+0000] {processor.py:161} INFO - Started process (PID=339) to work on /opt/airflow/dags/co2_emissions.py
[2026-01-05T16:25:30.136+0000] {processor.py:830} INFO - Processing file /opt/airflow/dags/co2_emissions.py for tasks to queue
[2026-01-05T16:25:30.138+0000] {logging_mixin.py:188} INFO - [2026-01-05T16:25:30.137+0000] {dagbag.py:538} INFO - Filling up the DagBag from /opt/airflow/dags/co2_emissions.py
[2026-01-05T16:25:30.166+0000] {processor.py:840} INFO - DAG(s) 'co2_emissions_databricks_etl' retrieved from /opt/airflow/dags/co2_emissions.py
[2026-01-05T16:25:30.259+0000] {logging_mixin.py:188} INFO - [2026-01-05T16:25:30.259+0000] {dag.py:3036} INFO - Sync 1 DAGs
[2026-01-05T16:25:30.281+0000] {logging_mixin.py:188} INFO - [2026-01-05T16:25:30.280+0000] {dag.py:3823} INFO - Setting next_dagrun for co2_emissions_databricks_etl to None, run_after=None
[2026-01-05T16:25:30.311+0000] {processor.py:183} INFO - Processing /opt/airflow/dags/co2_emissions.py took 0.184 seconds
[2026-01-05T16:26:00.624+0000] {processor.py:161} INFO - Started process (PID=344) to work on /opt/airflow/dags/co2_emissions.py
[2026-01-05T16:26:00.625+0000] {processor.py:830} INFO - Processing file /opt/airflow/dags/co2_emissions.py for tasks to queue
[2026-01-05T16:26:00.627+0000] {logging_mixin.py:188} INFO - [2026-01-05T16:26:00.627+0000] {dagbag.py:538} INFO - Filling up the DagBag from /opt/airflow/dags/co2_emissions.py
[2026-01-05T16:26:00.662+0000] {processor.py:840} INFO - DAG(s) 'co2_emissions_databricks_etl' retrieved from /opt/airflow/dags/co2_emissions.py
[2026-01-05T16:26:00.725+0000] {logging_mixin.py:188} INFO - [2026-01-05T16:26:00.724+0000] {dag.py:3036} INFO - Sync 1 DAGs
[2026-01-05T16:26:00.742+0000] {logging_mixin.py:188} INFO - [2026-01-05T16:26:00.741+0000] {dag.py:3823} INFO - Setting next_dagrun for co2_emissions_databricks_etl to None, run_after=None
[2026-01-05T16:26:00.780+0000] {processor.py:183} INFO - Processing /opt/airflow/dags/co2_emissions.py took 0.160 seconds
[2026-01-05T16:26:30.967+0000] {processor.py:161} INFO - Started process (PID=349) to work on /opt/airflow/dags/co2_emissions.py
[2026-01-05T16:26:30.970+0000] {processor.py:830} INFO - Processing file /opt/airflow/dags/co2_emissions.py for tasks to queue
[2026-01-05T16:26:30.972+0000] {logging_mixin.py:188} INFO - [2026-01-05T16:26:30.972+0000] {dagbag.py:538} INFO - Filling up the DagBag from /opt/airflow/dags/co2_emissions.py
[2026-01-05T16:26:31.003+0000] {processor.py:840} INFO - DAG(s) 'co2_emissions_databricks_etl' retrieved from /opt/airflow/dags/co2_emissions.py
[2026-01-05T16:26:31.092+0000] {logging_mixin.py:188} INFO - [2026-01-05T16:26:31.092+0000] {dag.py:3036} INFO - Sync 1 DAGs
[2026-01-05T16:26:31.109+0000] {logging_mixin.py:188} INFO - [2026-01-05T16:26:31.108+0000] {dag.py:3823} INFO - Setting next_dagrun for co2_emissions_databricks_etl to None, run_after=None
[2026-01-05T16:26:31.138+0000] {processor.py:183} INFO - Processing /opt/airflow/dags/co2_emissions.py took 0.177 seconds
[2026-01-05T16:27:01.277+0000] {processor.py:161} INFO - Started process (PID=354) to work on /opt/airflow/dags/co2_emissions.py
[2026-01-05T16:27:01.279+0000] {processor.py:830} INFO - Processing file /opt/airflow/dags/co2_emissions.py for tasks to queue
[2026-01-05T16:27:01.281+0000] {logging_mixin.py:188} INFO - [2026-01-05T16:27:01.281+0000] {dagbag.py:538} INFO - Filling up the DagBag from /opt/airflow/dags/co2_emissions.py
[2026-01-05T16:27:01.320+0000] {processor.py:840} INFO - DAG(s) 'co2_emissions_databricks_etl' retrieved from /opt/airflow/dags/co2_emissions.py
[2026-01-05T16:27:01.400+0000] {logging_mixin.py:188} INFO - [2026-01-05T16:27:01.400+0000] {dag.py:3036} INFO - Sync 1 DAGs
[2026-01-05T16:27:01.417+0000] {logging_mixin.py:188} INFO - [2026-01-05T16:27:01.416+0000] {dag.py:3823} INFO - Setting next_dagrun for co2_emissions_databricks_etl to None, run_after=None
[2026-01-05T16:27:01.447+0000] {processor.py:183} INFO - Processing /opt/airflow/dags/co2_emissions.py took 0.175 seconds
[2026-01-05T16:27:31.736+0000] {processor.py:161} INFO - Started process (PID=359) to work on /opt/airflow/dags/co2_emissions.py
[2026-01-05T16:27:31.738+0000] {processor.py:830} INFO - Processing file /opt/airflow/dags/co2_emissions.py for tasks to queue
[2026-01-05T16:27:31.740+0000] {logging_mixin.py:188} INFO - [2026-01-05T16:27:31.739+0000] {dagbag.py:538} INFO - Filling up the DagBag from /opt/airflow/dags/co2_emissions.py
[2026-01-05T16:27:31.775+0000] {processor.py:840} INFO - DAG(s) 'co2_emissions_databricks_etl' retrieved from /opt/airflow/dags/co2_emissions.py
[2026-01-05T16:27:31.847+0000] {logging_mixin.py:188} INFO - [2026-01-05T16:27:31.847+0000] {dag.py:3036} INFO - Sync 1 DAGs
[2026-01-05T16:27:31.908+0000] {logging_mixin.py:188} INFO - [2026-01-05T16:27:31.907+0000] {dag.py:3823} INFO - Setting next_dagrun for co2_emissions_databricks_etl to None, run_after=None
[2026-01-05T16:27:31.949+0000] {processor.py:183} INFO - Processing /opt/airflow/dags/co2_emissions.py took 0.217 seconds
[2026-01-05T16:28:02.404+0000] {processor.py:161} INFO - Started process (PID=364) to work on /opt/airflow/dags/co2_emissions.py
[2026-01-05T16:28:02.407+0000] {processor.py:830} INFO - Processing file /opt/airflow/dags/co2_emissions.py for tasks to queue
[2026-01-05T16:28:02.409+0000] {logging_mixin.py:188} INFO - [2026-01-05T16:28:02.408+0000] {dagbag.py:538} INFO - Filling up the DagBag from /opt/airflow/dags/co2_emissions.py
[2026-01-05T16:28:02.472+0000] {processor.py:840} INFO - DAG(s) 'co2_emissions_databricks_etl' retrieved from /opt/airflow/dags/co2_emissions.py
[2026-01-05T16:28:02.545+0000] {logging_mixin.py:188} INFO - [2026-01-05T16:28:02.545+0000] {dag.py:3036} INFO - Sync 1 DAGs
[2026-01-05T16:28:02.561+0000] {logging_mixin.py:188} INFO - [2026-01-05T16:28:02.561+0000] {dag.py:3823} INFO - Setting next_dagrun for co2_emissions_databricks_etl to None, run_after=None
[2026-01-05T16:28:02.608+0000] {processor.py:183} INFO - Processing /opt/airflow/dags/co2_emissions.py took 0.213 seconds
[2026-01-05T16:28:32.910+0000] {processor.py:161} INFO - Started process (PID=369) to work on /opt/airflow/dags/co2_emissions.py
[2026-01-05T16:28:32.912+0000] {processor.py:830} INFO - Processing file /opt/airflow/dags/co2_emissions.py for tasks to queue
[2026-01-05T16:28:32.914+0000] {logging_mixin.py:188} INFO - [2026-01-05T16:28:32.914+0000] {dagbag.py:538} INFO - Filling up the DagBag from /opt/airflow/dags/co2_emissions.py
[2026-01-05T16:28:32.943+0000] {processor.py:840} INFO - DAG(s) 'co2_emissions_databricks_etl' retrieved from /opt/airflow/dags/co2_emissions.py
[2026-01-05T16:28:33.014+0000] {logging_mixin.py:188} INFO - [2026-01-05T16:28:33.014+0000] {dag.py:3036} INFO - Sync 1 DAGs
[2026-01-05T16:28:33.032+0000] {logging_mixin.py:188} INFO - [2026-01-05T16:28:33.032+0000] {dag.py:3823} INFO - Setting next_dagrun for co2_emissions_databricks_etl to None, run_after=None
[2026-01-05T16:28:33.060+0000] {processor.py:183} INFO - Processing /opt/airflow/dags/co2_emissions.py took 0.163 seconds
[2026-01-05T16:29:03.323+0000] {processor.py:161} INFO - Started process (PID=374) to work on /opt/airflow/dags/co2_emissions.py
[2026-01-05T16:29:03.330+0000] {processor.py:830} INFO - Processing file /opt/airflow/dags/co2_emissions.py for tasks to queue
[2026-01-05T16:29:03.332+0000] {logging_mixin.py:188} INFO - [2026-01-05T16:29:03.332+0000] {dagbag.py:538} INFO - Filling up the DagBag from /opt/airflow/dags/co2_emissions.py
[2026-01-05T16:29:03.375+0000] {processor.py:840} INFO - DAG(s) 'co2_emissions_databricks_etl' retrieved from /opt/airflow/dags/co2_emissions.py
[2026-01-05T16:29:03.497+0000] {logging_mixin.py:188} INFO - [2026-01-05T16:29:03.496+0000] {dag.py:3036} INFO - Sync 1 DAGs
[2026-01-05T16:29:03.520+0000] {logging_mixin.py:188} INFO - [2026-01-05T16:29:03.520+0000] {dag.py:3823} INFO - Setting next_dagrun for co2_emissions_databricks_etl to None, run_after=None
[2026-01-05T16:29:03.577+0000] {processor.py:183} INFO - Processing /opt/airflow/dags/co2_emissions.py took 0.269 seconds
[2026-01-05T16:29:33.705+0000] {processor.py:161} INFO - Started process (PID=379) to work on /opt/airflow/dags/co2_emissions.py
[2026-01-05T16:29:33.708+0000] {processor.py:830} INFO - Processing file /opt/airflow/dags/co2_emissions.py for tasks to queue
[2026-01-05T16:29:33.709+0000] {logging_mixin.py:188} INFO - [2026-01-05T16:29:33.709+0000] {dagbag.py:538} INFO - Filling up the DagBag from /opt/airflow/dags/co2_emissions.py
[2026-01-05T16:29:33.742+0000] {processor.py:840} INFO - DAG(s) 'co2_emissions_databricks_etl' retrieved from /opt/airflow/dags/co2_emissions.py
[2026-01-05T16:29:33.825+0000] {logging_mixin.py:188} INFO - [2026-01-05T16:29:33.825+0000] {dag.py:3036} INFO - Sync 1 DAGs
[2026-01-05T16:29:33.842+0000] {logging_mixin.py:188} INFO - [2026-01-05T16:29:33.842+0000] {dag.py:3823} INFO - Setting next_dagrun for co2_emissions_databricks_etl to None, run_after=None
[2026-01-05T16:29:33.878+0000] {processor.py:183} INFO - Processing /opt/airflow/dags/co2_emissions.py took 0.184 seconds
[2026-01-05T16:30:04.156+0000] {processor.py:161} INFO - Started process (PID=384) to work on /opt/airflow/dags/co2_emissions.py
[2026-01-05T16:30:04.159+0000] {processor.py:830} INFO - Processing file /opt/airflow/dags/co2_emissions.py for tasks to queue
[2026-01-05T16:30:04.161+0000] {logging_mixin.py:188} INFO - [2026-01-05T16:30:04.161+0000] {dagbag.py:538} INFO - Filling up the DagBag from /opt/airflow/dags/co2_emissions.py
[2026-01-05T16:30:04.210+0000] {processor.py:840} INFO - DAG(s) 'co2_emissions_databricks_etl' retrieved from /opt/airflow/dags/co2_emissions.py
[2026-01-05T16:30:04.320+0000] {logging_mixin.py:188} INFO - [2026-01-05T16:30:04.320+0000] {dag.py:3036} INFO - Sync 1 DAGs
[2026-01-05T16:30:04.357+0000] {logging_mixin.py:188} INFO - [2026-01-05T16:30:04.356+0000] {dag.py:3823} INFO - Setting next_dagrun for co2_emissions_databricks_etl to None, run_after=None
[2026-01-05T16:30:04.398+0000] {processor.py:183} INFO - Processing /opt/airflow/dags/co2_emissions.py took 0.246 seconds
[2026-01-05T16:30:34.715+0000] {processor.py:161} INFO - Started process (PID=389) to work on /opt/airflow/dags/co2_emissions.py
[2026-01-05T16:30:34.717+0000] {processor.py:830} INFO - Processing file /opt/airflow/dags/co2_emissions.py for tasks to queue
[2026-01-05T16:30:34.718+0000] {logging_mixin.py:188} INFO - [2026-01-05T16:30:34.718+0000] {dagbag.py:538} INFO - Filling up the DagBag from /opt/airflow/dags/co2_emissions.py
[2026-01-05T16:30:34.751+0000] {processor.py:840} INFO - DAG(s) 'co2_emissions_databricks_etl' retrieved from /opt/airflow/dags/co2_emissions.py
[2026-01-05T16:30:34.851+0000] {logging_mixin.py:188} INFO - [2026-01-05T16:30:34.851+0000] {dag.py:3036} INFO - Sync 1 DAGs
[2026-01-05T16:30:34.873+0000] {logging_mixin.py:188} INFO - [2026-01-05T16:30:34.873+0000] {dag.py:3823} INFO - Setting next_dagrun for co2_emissions_databricks_etl to None, run_after=None
[2026-01-05T16:30:34.908+0000] {processor.py:183} INFO - Processing /opt/airflow/dags/co2_emissions.py took 0.199 seconds
[2026-01-05T16:31:05.155+0000] {processor.py:161} INFO - Started process (PID=394) to work on /opt/airflow/dags/co2_emissions.py
[2026-01-05T16:31:05.157+0000] {processor.py:830} INFO - Processing file /opt/airflow/dags/co2_emissions.py for tasks to queue
[2026-01-05T16:31:05.160+0000] {logging_mixin.py:188} INFO - [2026-01-05T16:31:05.159+0000] {dagbag.py:538} INFO - Filling up the DagBag from /opt/airflow/dags/co2_emissions.py
[2026-01-05T16:31:05.205+0000] {processor.py:840} INFO - DAG(s) 'co2_emissions_databricks_etl' retrieved from /opt/airflow/dags/co2_emissions.py
[2026-01-05T16:31:05.296+0000] {logging_mixin.py:188} INFO - [2026-01-05T16:31:05.296+0000] {dag.py:3036} INFO - Sync 1 DAGs
[2026-01-05T16:31:05.315+0000] {logging_mixin.py:188} INFO - [2026-01-05T16:31:05.314+0000] {dag.py:3823} INFO - Setting next_dagrun for co2_emissions_databricks_etl to None, run_after=None
[2026-01-05T16:31:05.365+0000] {processor.py:183} INFO - Processing /opt/airflow/dags/co2_emissions.py took 0.220 seconds
[2026-01-05T16:31:35.717+0000] {processor.py:161} INFO - Started process (PID=399) to work on /opt/airflow/dags/co2_emissions.py
[2026-01-05T16:31:35.719+0000] {processor.py:830} INFO - Processing file /opt/airflow/dags/co2_emissions.py for tasks to queue
[2026-01-05T16:31:35.721+0000] {logging_mixin.py:188} INFO - [2026-01-05T16:31:35.721+0000] {dagbag.py:538} INFO - Filling up the DagBag from /opt/airflow/dags/co2_emissions.py
[2026-01-05T16:31:35.773+0000] {processor.py:840} INFO - DAG(s) 'co2_emissions_databricks_etl' retrieved from /opt/airflow/dags/co2_emissions.py
[2026-01-05T16:31:35.859+0000] {logging_mixin.py:188} INFO - [2026-01-05T16:31:35.858+0000] {dag.py:3036} INFO - Sync 1 DAGs
[2026-01-05T16:31:35.884+0000] {logging_mixin.py:188} INFO - [2026-01-05T16:31:35.883+0000] {dag.py:3823} INFO - Setting next_dagrun for co2_emissions_databricks_etl to None, run_after=None
[2026-01-05T16:31:35.914+0000] {processor.py:183} INFO - Processing /opt/airflow/dags/co2_emissions.py took 0.202 seconds
[2026-01-05T16:32:06.242+0000] {processor.py:161} INFO - Started process (PID=404) to work on /opt/airflow/dags/co2_emissions.py
[2026-01-05T16:32:06.249+0000] {processor.py:830} INFO - Processing file /opt/airflow/dags/co2_emissions.py for tasks to queue
[2026-01-05T16:32:06.254+0000] {logging_mixin.py:188} INFO - [2026-01-05T16:32:06.253+0000] {dagbag.py:538} INFO - Filling up the DagBag from /opt/airflow/dags/co2_emissions.py
[2026-01-05T16:32:06.307+0000] {processor.py:840} INFO - DAG(s) 'co2_emissions_databricks_etl' retrieved from /opt/airflow/dags/co2_emissions.py
[2026-01-05T16:32:06.430+0000] {logging_mixin.py:188} INFO - [2026-01-05T16:32:06.430+0000] {dag.py:3036} INFO - Sync 1 DAGs
[2026-01-05T16:32:06.456+0000] {logging_mixin.py:188} INFO - [2026-01-05T16:32:06.455+0000] {dag.py:3823} INFO - Setting next_dagrun for co2_emissions_databricks_etl to None, run_after=None
[2026-01-05T16:32:06.489+0000] {processor.py:183} INFO - Processing /opt/airflow/dags/co2_emissions.py took 0.254 seconds
[2026-01-05T16:32:36.823+0000] {processor.py:161} INFO - Started process (PID=409) to work on /opt/airflow/dags/co2_emissions.py
[2026-01-05T16:32:36.826+0000] {processor.py:830} INFO - Processing file /opt/airflow/dags/co2_emissions.py for tasks to queue
[2026-01-05T16:32:36.829+0000] {logging_mixin.py:188} INFO - [2026-01-05T16:32:36.828+0000] {dagbag.py:538} INFO - Filling up the DagBag from /opt/airflow/dags/co2_emissions.py
[2026-01-05T16:32:36.857+0000] {processor.py:840} INFO - DAG(s) 'co2_emissions_databricks_etl' retrieved from /opt/airflow/dags/co2_emissions.py
[2026-01-05T16:32:36.927+0000] {logging_mixin.py:188} INFO - [2026-01-05T16:32:36.927+0000] {dag.py:3036} INFO - Sync 1 DAGs
[2026-01-05T16:32:36.944+0000] {logging_mixin.py:188} INFO - [2026-01-05T16:32:36.944+0000] {dag.py:3823} INFO - Setting next_dagrun for co2_emissions_databricks_etl to None, run_after=None
[2026-01-05T16:32:36.970+0000] {processor.py:183} INFO - Processing /opt/airflow/dags/co2_emissions.py took 0.153 seconds
[2026-01-05T16:33:07.128+0000] {processor.py:161} INFO - Started process (PID=414) to work on /opt/airflow/dags/co2_emissions.py
[2026-01-05T16:33:07.130+0000] {processor.py:830} INFO - Processing file /opt/airflow/dags/co2_emissions.py for tasks to queue
[2026-01-05T16:33:07.132+0000] {logging_mixin.py:188} INFO - [2026-01-05T16:33:07.131+0000] {dagbag.py:538} INFO - Filling up the DagBag from /opt/airflow/dags/co2_emissions.py
[2026-01-05T16:33:07.156+0000] {processor.py:840} INFO - DAG(s) 'co2_emissions_databricks_etl' retrieved from /opt/airflow/dags/co2_emissions.py
[2026-01-05T16:33:07.240+0000] {logging_mixin.py:188} INFO - [2026-01-05T16:33:07.240+0000] {dag.py:3036} INFO - Sync 1 DAGs
[2026-01-05T16:33:07.259+0000] {logging_mixin.py:188} INFO - [2026-01-05T16:33:07.259+0000] {dag.py:3823} INFO - Setting next_dagrun for co2_emissions_databricks_etl to None, run_after=None
[2026-01-05T16:33:07.290+0000] {processor.py:183} INFO - Processing /opt/airflow/dags/co2_emissions.py took 0.167 seconds
[2026-01-05T16:33:37.611+0000] {processor.py:161} INFO - Started process (PID=419) to work on /opt/airflow/dags/co2_emissions.py
[2026-01-05T16:33:37.613+0000] {processor.py:830} INFO - Processing file /opt/airflow/dags/co2_emissions.py for tasks to queue
[2026-01-05T16:33:37.615+0000] {logging_mixin.py:188} INFO - [2026-01-05T16:33:37.615+0000] {dagbag.py:538} INFO - Filling up the DagBag from /opt/airflow/dags/co2_emissions.py
[2026-01-05T16:33:37.661+0000] {processor.py:840} INFO - DAG(s) 'co2_emissions_databricks_etl' retrieved from /opt/airflow/dags/co2_emissions.py
[2026-01-05T16:33:37.767+0000] {logging_mixin.py:188} INFO - [2026-01-05T16:33:37.767+0000] {dag.py:3036} INFO - Sync 1 DAGs
[2026-01-05T16:33:37.797+0000] {logging_mixin.py:188} INFO - [2026-01-05T16:33:37.796+0000] {dag.py:3823} INFO - Setting next_dagrun for co2_emissions_databricks_etl to None, run_after=None
[2026-01-05T16:33:37.854+0000] {processor.py:183} INFO - Processing /opt/airflow/dags/co2_emissions.py took 0.249 seconds
[2026-01-05T16:34:08.090+0000] {processor.py:161} INFO - Started process (PID=424) to work on /opt/airflow/dags/co2_emissions.py
[2026-01-05T16:34:08.092+0000] {processor.py:830} INFO - Processing file /opt/airflow/dags/co2_emissions.py for tasks to queue
[2026-01-05T16:34:08.093+0000] {logging_mixin.py:188} INFO - [2026-01-05T16:34:08.093+0000] {dagbag.py:538} INFO - Filling up the DagBag from /opt/airflow/dags/co2_emissions.py
[2026-01-05T16:34:08.115+0000] {processor.py:840} INFO - DAG(s) 'co2_emissions_databricks_etl' retrieved from /opt/airflow/dags/co2_emissions.py
[2026-01-05T16:34:08.175+0000] {logging_mixin.py:188} INFO - [2026-01-05T16:34:08.175+0000] {dag.py:3036} INFO - Sync 1 DAGs
[2026-01-05T16:34:08.198+0000] {logging_mixin.py:188} INFO - [2026-01-05T16:34:08.198+0000] {dag.py:3823} INFO - Setting next_dagrun for co2_emissions_databricks_etl to None, run_after=None
[2026-01-05T16:34:08.235+0000] {processor.py:183} INFO - Processing /opt/airflow/dags/co2_emissions.py took 0.153 seconds
[2026-01-05T16:34:38.471+0000] {processor.py:161} INFO - Started process (PID=429) to work on /opt/airflow/dags/co2_emissions.py
[2026-01-05T16:34:38.476+0000] {processor.py:830} INFO - Processing file /opt/airflow/dags/co2_emissions.py for tasks to queue
[2026-01-05T16:34:38.479+0000] {logging_mixin.py:188} INFO - [2026-01-05T16:34:38.478+0000] {dagbag.py:538} INFO - Filling up the DagBag from /opt/airflow/dags/co2_emissions.py
[2026-01-05T16:34:38.529+0000] {processor.py:840} INFO - DAG(s) 'co2_emissions_databricks_etl' retrieved from /opt/airflow/dags/co2_emissions.py
[2026-01-05T16:34:38.683+0000] {logging_mixin.py:188} INFO - [2026-01-05T16:34:38.682+0000] {dag.py:3036} INFO - Sync 1 DAGs
[2026-01-05T16:34:38.720+0000] {logging_mixin.py:188} INFO - [2026-01-05T16:34:38.719+0000] {dag.py:3823} INFO - Setting next_dagrun for co2_emissions_databricks_etl to None, run_after=None
[2026-01-05T16:34:38.772+0000] {processor.py:183} INFO - Processing /opt/airflow/dags/co2_emissions.py took 0.310 seconds
[2026-01-05T16:35:08.929+0000] {processor.py:161} INFO - Started process (PID=434) to work on /opt/airflow/dags/co2_emissions.py
[2026-01-05T16:35:08.932+0000] {processor.py:830} INFO - Processing file /opt/airflow/dags/co2_emissions.py for tasks to queue
[2026-01-05T16:35:08.933+0000] {logging_mixin.py:188} INFO - [2026-01-05T16:35:08.933+0000] {dagbag.py:538} INFO - Filling up the DagBag from /opt/airflow/dags/co2_emissions.py
[2026-01-05T16:35:08.979+0000] {processor.py:840} INFO - DAG(s) 'co2_emissions_databricks_etl' retrieved from /opt/airflow/dags/co2_emissions.py
[2026-01-05T16:35:09.080+0000] {logging_mixin.py:188} INFO - [2026-01-05T16:35:09.080+0000] {dag.py:3036} INFO - Sync 1 DAGs
[2026-01-05T16:35:09.101+0000] {logging_mixin.py:188} INFO - [2026-01-05T16:35:09.100+0000] {dag.py:3823} INFO - Setting next_dagrun for co2_emissions_databricks_etl to None, run_after=None
[2026-01-05T16:35:09.151+0000] {processor.py:183} INFO - Processing /opt/airflow/dags/co2_emissions.py took 0.225 seconds
[2026-01-05T16:35:39.486+0000] {processor.py:161} INFO - Started process (PID=439) to work on /opt/airflow/dags/co2_emissions.py
[2026-01-05T16:35:39.488+0000] {processor.py:830} INFO - Processing file /opt/airflow/dags/co2_emissions.py for tasks to queue
[2026-01-05T16:35:39.491+0000] {logging_mixin.py:188} INFO - [2026-01-05T16:35:39.490+0000] {dagbag.py:538} INFO - Filling up the DagBag from /opt/airflow/dags/co2_emissions.py
[2026-01-05T16:35:39.528+0000] {processor.py:840} INFO - DAG(s) 'co2_emissions_databricks_etl' retrieved from /opt/airflow/dags/co2_emissions.py
[2026-01-05T16:35:39.621+0000] {logging_mixin.py:188} INFO - [2026-01-05T16:35:39.621+0000] {dag.py:3036} INFO - Sync 1 DAGs
[2026-01-05T16:35:39.659+0000] {logging_mixin.py:188} INFO - [2026-01-05T16:35:39.659+0000] {dag.py:3823} INFO - Setting next_dagrun for co2_emissions_databricks_etl to None, run_after=None
[2026-01-05T16:35:39.712+0000] {processor.py:183} INFO - Processing /opt/airflow/dags/co2_emissions.py took 0.232 seconds
[2026-01-05T16:36:09.790+0000] {processor.py:161} INFO - Started process (PID=444) to work on /opt/airflow/dags/co2_emissions.py
[2026-01-05T16:36:09.792+0000] {processor.py:830} INFO - Processing file /opt/airflow/dags/co2_emissions.py for tasks to queue
[2026-01-05T16:36:09.794+0000] {logging_mixin.py:188} INFO - [2026-01-05T16:36:09.794+0000] {dagbag.py:538} INFO - Filling up the DagBag from /opt/airflow/dags/co2_emissions.py
[2026-01-05T16:36:09.819+0000] {processor.py:840} INFO - DAG(s) 'co2_emissions_databricks_etl' retrieved from /opt/airflow/dags/co2_emissions.py
[2026-01-05T16:36:09.892+0000] {logging_mixin.py:188} INFO - [2026-01-05T16:36:09.892+0000] {dag.py:3036} INFO - Sync 1 DAGs
[2026-01-05T16:36:09.908+0000] {logging_mixin.py:188} INFO - [2026-01-05T16:36:09.907+0000] {dag.py:3823} INFO - Setting next_dagrun for co2_emissions_databricks_etl to None, run_after=None
[2026-01-05T16:36:09.934+0000] {processor.py:183} INFO - Processing /opt/airflow/dags/co2_emissions.py took 0.150 seconds
[2026-01-05T16:36:40.092+0000] {processor.py:161} INFO - Started process (PID=449) to work on /opt/airflow/dags/co2_emissions.py
[2026-01-05T16:36:40.095+0000] {processor.py:830} INFO - Processing file /opt/airflow/dags/co2_emissions.py for tasks to queue
[2026-01-05T16:36:40.097+0000] {logging_mixin.py:188} INFO - [2026-01-05T16:36:40.096+0000] {dagbag.py:538} INFO - Filling up the DagBag from /opt/airflow/dags/co2_emissions.py
[2026-01-05T16:36:40.144+0000] {processor.py:840} INFO - DAG(s) 'co2_emissions_databricks_etl' retrieved from /opt/airflow/dags/co2_emissions.py
[2026-01-05T16:36:40.243+0000] {logging_mixin.py:188} INFO - [2026-01-05T16:36:40.242+0000] {dag.py:3036} INFO - Sync 1 DAGs
[2026-01-05T16:36:40.263+0000] {logging_mixin.py:188} INFO - [2026-01-05T16:36:40.263+0000] {dag.py:3823} INFO - Setting next_dagrun for co2_emissions_databricks_etl to None, run_after=None
[2026-01-05T16:36:40.297+0000] {processor.py:183} INFO - Processing /opt/airflow/dags/co2_emissions.py took 0.211 seconds
[2026-01-05T16:37:10.656+0000] {processor.py:161} INFO - Started process (PID=454) to work on /opt/airflow/dags/co2_emissions.py
[2026-01-05T16:37:10.660+0000] {processor.py:830} INFO - Processing file /opt/airflow/dags/co2_emissions.py for tasks to queue
[2026-01-05T16:37:10.664+0000] {logging_mixin.py:188} INFO - [2026-01-05T16:37:10.662+0000] {dagbag.py:538} INFO - Filling up the DagBag from /opt/airflow/dags/co2_emissions.py
[2026-01-05T16:37:10.710+0000] {processor.py:840} INFO - DAG(s) 'co2_emissions_databricks_etl' retrieved from /opt/airflow/dags/co2_emissions.py
[2026-01-05T16:37:10.810+0000] {logging_mixin.py:188} INFO - [2026-01-05T16:37:10.809+0000] {dag.py:3036} INFO - Sync 1 DAGs
[2026-01-05T16:37:10.832+0000] {logging_mixin.py:188} INFO - [2026-01-05T16:37:10.831+0000] {dag.py:3823} INFO - Setting next_dagrun for co2_emissions_databricks_etl to None, run_after=None
[2026-01-05T16:37:10.866+0000] {processor.py:183} INFO - Processing /opt/airflow/dags/co2_emissions.py took 0.220 seconds
[2026-01-05T16:37:40.999+0000] {processor.py:161} INFO - Started process (PID=459) to work on /opt/airflow/dags/co2_emissions.py
[2026-01-05T16:37:41.001+0000] {processor.py:830} INFO - Processing file /opt/airflow/dags/co2_emissions.py for tasks to queue
[2026-01-05T16:37:41.004+0000] {logging_mixin.py:188} INFO - [2026-01-05T16:37:41.003+0000] {dagbag.py:538} INFO - Filling up the DagBag from /opt/airflow/dags/co2_emissions.py
[2026-01-05T16:37:41.044+0000] {processor.py:840} INFO - DAG(s) 'co2_emissions_databricks_etl' retrieved from /opt/airflow/dags/co2_emissions.py
[2026-01-05T16:37:41.126+0000] {logging_mixin.py:188} INFO - [2026-01-05T16:37:41.126+0000] {dag.py:3036} INFO - Sync 1 DAGs
[2026-01-05T16:37:41.144+0000] {logging_mixin.py:188} INFO - [2026-01-05T16:37:41.143+0000] {dag.py:3823} INFO - Setting next_dagrun for co2_emissions_databricks_etl to None, run_after=None
[2026-01-05T16:37:41.174+0000] {processor.py:183} INFO - Processing /opt/airflow/dags/co2_emissions.py took 0.182 seconds
[2026-01-05T16:38:11.461+0000] {processor.py:161} INFO - Started process (PID=464) to work on /opt/airflow/dags/co2_emissions.py
[2026-01-05T16:38:11.464+0000] {processor.py:830} INFO - Processing file /opt/airflow/dags/co2_emissions.py for tasks to queue
[2026-01-05T16:38:11.466+0000] {logging_mixin.py:188} INFO - [2026-01-05T16:38:11.465+0000] {dagbag.py:538} INFO - Filling up the DagBag from /opt/airflow/dags/co2_emissions.py
[2026-01-05T16:38:11.500+0000] {processor.py:840} INFO - DAG(s) 'co2_emissions_databricks_etl' retrieved from /opt/airflow/dags/co2_emissions.py
[2026-01-05T16:38:11.579+0000] {logging_mixin.py:188} INFO - [2026-01-05T16:38:11.578+0000] {dag.py:3036} INFO - Sync 1 DAGs
[2026-01-05T16:38:11.602+0000] {logging_mixin.py:188} INFO - [2026-01-05T16:38:11.601+0000] {dag.py:3823} INFO - Setting next_dagrun for co2_emissions_databricks_etl to None, run_after=None
[2026-01-05T16:38:11.647+0000] {processor.py:183} INFO - Processing /opt/airflow/dags/co2_emissions.py took 0.190 seconds
[2026-01-05T16:38:41.777+0000] {processor.py:161} INFO - Started process (PID=469) to work on /opt/airflow/dags/co2_emissions.py
[2026-01-05T16:38:41.779+0000] {processor.py:830} INFO - Processing file /opt/airflow/dags/co2_emissions.py for tasks to queue
[2026-01-05T16:38:41.782+0000] {logging_mixin.py:188} INFO - [2026-01-05T16:38:41.781+0000] {dagbag.py:538} INFO - Filling up the DagBag from /opt/airflow/dags/co2_emissions.py
[2026-01-05T16:38:41.820+0000] {processor.py:840} INFO - DAG(s) 'co2_emissions_databricks_etl' retrieved from /opt/airflow/dags/co2_emissions.py
[2026-01-05T16:38:41.910+0000] {logging_mixin.py:188} INFO - [2026-01-05T16:38:41.909+0000] {dag.py:3036} INFO - Sync 1 DAGs
[2026-01-05T16:38:41.933+0000] {logging_mixin.py:188} INFO - [2026-01-05T16:38:41.933+0000] {dag.py:3823} INFO - Setting next_dagrun for co2_emissions_databricks_etl to None, run_after=None
[2026-01-05T16:38:41.973+0000] {processor.py:183} INFO - Processing /opt/airflow/dags/co2_emissions.py took 0.201 seconds
[2026-01-05T16:39:12.283+0000] {processor.py:161} INFO - Started process (PID=474) to work on /opt/airflow/dags/co2_emissions.py
[2026-01-05T16:39:12.286+0000] {processor.py:830} INFO - Processing file /opt/airflow/dags/co2_emissions.py for tasks to queue
[2026-01-05T16:39:12.288+0000] {logging_mixin.py:188} INFO - [2026-01-05T16:39:12.287+0000] {dagbag.py:538} INFO - Filling up the DagBag from /opt/airflow/dags/co2_emissions.py
[2026-01-05T16:39:12.328+0000] {processor.py:840} INFO - DAG(s) 'co2_emissions_databricks_etl' retrieved from /opt/airflow/dags/co2_emissions.py
[2026-01-05T16:39:12.413+0000] {logging_mixin.py:188} INFO - [2026-01-05T16:39:12.412+0000] {dag.py:3036} INFO - Sync 1 DAGs
[2026-01-05T16:39:12.434+0000] {logging_mixin.py:188} INFO - [2026-01-05T16:39:12.433+0000] {dag.py:3823} INFO - Setting next_dagrun for co2_emissions_databricks_etl to None, run_after=None
[2026-01-05T16:39:12.471+0000] {processor.py:183} INFO - Processing /opt/airflow/dags/co2_emissions.py took 0.192 seconds
[2026-01-05T16:39:42.581+0000] {processor.py:161} INFO - Started process (PID=479) to work on /opt/airflow/dags/co2_emissions.py
[2026-01-05T16:39:42.583+0000] {processor.py:830} INFO - Processing file /opt/airflow/dags/co2_emissions.py for tasks to queue
[2026-01-05T16:39:42.585+0000] {logging_mixin.py:188} INFO - [2026-01-05T16:39:42.585+0000] {dagbag.py:538} INFO - Filling up the DagBag from /opt/airflow/dags/co2_emissions.py
[2026-01-05T16:39:42.621+0000] {processor.py:840} INFO - DAG(s) 'co2_emissions_databricks_etl' retrieved from /opt/airflow/dags/co2_emissions.py
[2026-01-05T16:39:42.708+0000] {logging_mixin.py:188} INFO - [2026-01-05T16:39:42.708+0000] {dag.py:3036} INFO - Sync 1 DAGs
[2026-01-05T16:39:42.725+0000] {logging_mixin.py:188} INFO - [2026-01-05T16:39:42.725+0000] {dag.py:3823} INFO - Setting next_dagrun for co2_emissions_databricks_etl to None, run_after=None
[2026-01-05T16:39:42.756+0000] {processor.py:183} INFO - Processing /opt/airflow/dags/co2_emissions.py took 0.179 seconds
