[2026-01-06T05:55:01.729+0000] {taskinstance.py:1956} INFO - Dependencies all met for dep_context=non-requeueable deps ti=<TaskInstance: co2_emissions_databricks_etl.send_emission_alert_email manual__2026-01-06T05:47:04.568653+00:00 [queued]>
[2026-01-06T05:55:01.743+0000] {taskinstance.py:1956} INFO - Dependencies all met for dep_context=requeueable deps ti=<TaskInstance: co2_emissions_databricks_etl.send_emission_alert_email manual__2026-01-06T05:47:04.568653+00:00 [queued]>
[2026-01-06T05:55:01.744+0000] {taskinstance.py:2170} INFO - Starting attempt 1 of 3
[2026-01-06T05:55:01.759+0000] {taskinstance.py:2191} INFO - Executing <Task(EmailOperator): send_emission_alert_email> on 2026-01-06 05:47:04.568653+00:00
[2026-01-06T05:55:01.769+0000] {standard_task_runner.py:60} INFO - Started process 293 to run task
[2026-01-06T05:55:01.773+0000] {standard_task_runner.py:87} INFO - Running: ['***', 'tasks', 'run', 'co2_emissions_databricks_etl', 'send_emission_alert_email', 'manual__2026-01-06T05:47:04.568653+00:00', '--job-id', '7', '--raw', '--subdir', 'DAGS_FOLDER/co2_emissions.py', '--cfg-path', '/tmp/tmpiejjc1ev']
[2026-01-06T05:55:01.776+0000] {standard_task_runner.py:88} INFO - Job 7: Subtask send_emission_alert_email
[2026-01-06T05:55:01.866+0000] {task_command.py:423} INFO - Running <TaskInstance: co2_emissions_databricks_etl.send_emission_alert_email manual__2026-01-06T05:47:04.568653+00:00 [running]> on host f2fb2b408209
[2026-01-06T05:55:01.959+0000] {taskinstance.py:2480} INFO - Exporting env vars: AIRFLOW_CTX_DAG_OWNER='Nikhitha' AIRFLOW_CTX_DAG_ID='co2_emissions_databricks_etl' AIRFLOW_CTX_TASK_ID='send_emission_alert_email' AIRFLOW_CTX_EXECUTION_DATE='2026-01-06T05:47:04.568653+00:00' AIRFLOW_CTX_TRY_NUMBER='1' AIRFLOW_CTX_DAG_RUN_ID='manual__2026-01-06T05:47:04.568653+00:00'
[2026-01-06T05:55:01.982+0000] {logging_mixin.py:188} WARNING - /home/***/.local/lib/python3.8/site-packages/***/utils/email.py:154 RemovedInAirflow3Warning: Fetching SMTP credentials from configuration variables will be deprecated in a future release. Please set credentials using a connection instead.
[2026-01-06T05:55:01.983+0000] {configuration.py:1046} WARNING - section/key [smtp/smtp_user] not found in config
[2026-01-06T05:55:01.984+0000] {email.py:270} INFO - Email alerting: attempt 1
[2026-01-06T05:55:03.294+0000] {email.py:281} INFO - Sent an alert email to ['bandelanikhithareddy5555@gmail.com']
[2026-01-06T05:55:04.472+0000] {taskinstance.py:2698} ERROR - Task failed with exception
Traceback (most recent call last):
  File "/home/airflow/.local/lib/python3.8/site-packages/airflow/models/taskinstance.py", line 433, in _execute_task
    result = execute_callable(context=context, **execute_callable_kwargs)
  File "/home/airflow/.local/lib/python3.8/site-packages/airflow/operators/email.py", line 79, in execute
    send_email(
  File "/home/airflow/.local/lib/python3.8/site-packages/airflow/utils/email.py", line 80, in send_email
    return backend(
  File "/home/airflow/.local/lib/python3.8/site-packages/airflow/utils/email.py", line 154, in send_email_smtp
    send_mime_email(e_from=mail_from, e_to=recipients, mime_msg=msg, conn_id=conn_id, dryrun=dryrun)
  File "/home/airflow/.local/lib/python3.8/site-packages/airflow/utils/email.py", line 282, in send_mime_email
    smtp_conn.sendmail(e_from, e_to, mime_msg.as_string())
  File "/usr/local/lib/python3.8/smtplib.py", line 885, in sendmail
    raise SMTPSenderRefused(code, resp, from_addr)
smtplib.SMTPSenderRefused: (530, b'5.7.0 Authentication Required. For more information, go to\n5.7.0  https://support.google.com/accounts/troubleshooter/2402620. 98e67ed59e1d1-34f5fb75902sm1035305a91.16 - gsmtp', 'bandelanikithareddy5555@gmail.com')
[2026-01-06T05:55:04.505+0000] {taskinstance.py:1138} INFO - Marking task as UP_FOR_RETRY. dag_id=co2_emissions_databricks_etl, task_id=send_emission_alert_email, execution_date=20260106T054704, start_date=20260106T055501, end_date=20260106T055504
[2026-01-06T05:55:04.526+0000] {standard_task_runner.py:107} ERROR - Failed to execute job 7 for task send_emission_alert_email ((530, b'5.7.0 Authentication Required. For more information, go to\n5.7.0  https://support.google.com/accounts/troubleshooter/2402620. 98e67ed59e1d1-34f5fb75902sm1035305a91.16 - gsmtp', 'bandelanikithareddy5555@gmail.com'); 293)
[2026-01-06T05:55:04.570+0000] {local_task_job_runner.py:234} INFO - Task exited with return code 1
[2026-01-06T05:55:04.595+0000] {taskinstance.py:3280} INFO - 0 downstream tasks scheduled from follow-on schedule check
