[2026-01-06T05:26:57.161+0000] {taskinstance.py:1956} INFO - Dependencies all met for dep_context=non-requeueable deps ti=<TaskInstance: co2_emissions_databricks_etl.run_co2_emissions_serverless_job manual__2026-01-06T05:26:55.018021+00:00 [queued]>
[2026-01-06T05:26:57.174+0000] {taskinstance.py:1956} INFO - Dependencies all met for dep_context=requeueable deps ti=<TaskInstance: co2_emissions_databricks_etl.run_co2_emissions_serverless_job manual__2026-01-06T05:26:55.018021+00:00 [queued]>
[2026-01-06T05:26:57.175+0000] {taskinstance.py:2170} INFO - Starting attempt 1 of 3
[2026-01-06T05:26:57.192+0000] {taskinstance.py:2191} INFO - Executing <Task(DatabricksRunNowOperator): run_co2_emissions_serverless_job> on 2026-01-06 05:26:55.018021+00:00
[2026-01-06T05:26:57.203+0000] {standard_task_runner.py:60} INFO - Started process 349 to run task
[2026-01-06T05:26:57.211+0000] {standard_task_runner.py:87} INFO - Running: ['***', 'tasks', 'run', 'co2_emissions_databricks_etl', 'run_co2_emissions_serverless_job', 'manual__2026-01-06T05:26:55.018021+00:00', '--job-id', '14', '--raw', '--subdir', 'DAGS_FOLDER/co2_emissions.py', '--cfg-path', '/tmp/tmpbe44q_7_']
[2026-01-06T05:26:57.223+0000] {standard_task_runner.py:88} INFO - Job 14: Subtask run_co2_emissions_serverless_job
[2026-01-06T05:26:57.344+0000] {task_command.py:423} INFO - Running <TaskInstance: co2_emissions_databricks_etl.run_co2_emissions_serverless_job manual__2026-01-06T05:26:55.018021+00:00 [running]> on host e80096be5062
[2026-01-06T05:26:57.460+0000] {taskinstance.py:2480} INFO - Exporting env vars: AIRFLOW_CTX_DAG_OWNER='Nikhitha' AIRFLOW_CTX_DAG_ID='co2_emissions_databricks_etl' AIRFLOW_CTX_TASK_ID='run_co2_emissions_serverless_job' AIRFLOW_CTX_EXECUTION_DATE='2026-01-06T05:26:55.018021+00:00' AIRFLOW_CTX_TRY_NUMBER='1' AIRFLOW_CTX_DAG_RUN_ID='manual__2026-01-06T05:26:55.018021+00:00'
[2026-01-06T05:26:57.480+0000] {base.py:83} INFO - Using connection ID 'databricks_default' for task execution.
[2026-01-06T05:27:00.212+0000] {databricks.py:66} INFO - Run submitted with run_id: 611049502789161
[2026-01-06T05:27:02.507+0000] {databricks.py:128} INFO - run_co2_emissions_serverless_job in run state: {'life_cycle_state': 'RUNNING', 'result_state': '', 'state_message': ''}
[2026-01-06T05:27:02.510+0000] {databricks.py:129} INFO - View run status, Spark UI, and logs at https://dbc-389d0d10-a61e.cloud.databricks.com/?o=4190360109511435#job/166685760796878/run/611049502789161
[2026-01-06T05:27:02.511+0000] {databricks.py:130} INFO - Sleeping for 30 seconds.
[2026-01-06T05:27:33.695+0000] {databricks.py:128} INFO - run_co2_emissions_serverless_job in run state: {'life_cycle_state': 'RUNNING', 'result_state': '', 'state_message': ''}
[2026-01-06T05:27:33.697+0000] {databricks.py:129} INFO - View run status, Spark UI, and logs at https://dbc-389d0d10-a61e.cloud.databricks.com/?o=4190360109511435#job/166685760796878/run/611049502789161
[2026-01-06T05:27:33.698+0000] {databricks.py:130} INFO - Sleeping for 30 seconds.
[2026-01-06T05:28:04.884+0000] {databricks.py:128} INFO - run_co2_emissions_serverless_job in run state: {'life_cycle_state': 'RUNNING', 'result_state': '', 'state_message': ''}
[2026-01-06T05:28:04.886+0000] {databricks.py:129} INFO - View run status, Spark UI, and logs at https://dbc-389d0d10-a61e.cloud.databricks.com/?o=4190360109511435#job/166685760796878/run/611049502789161
[2026-01-06T05:28:04.887+0000] {databricks.py:130} INFO - Sleeping for 30 seconds.
[2026-01-06T05:28:36.465+0000] {databricks.py:128} INFO - run_co2_emissions_serverless_job in run state: {'life_cycle_state': 'RUNNING', 'result_state': '', 'state_message': ''}
[2026-01-06T05:28:36.467+0000] {databricks.py:129} INFO - View run status, Spark UI, and logs at https://dbc-389d0d10-a61e.cloud.databricks.com/?o=4190360109511435#job/166685760796878/run/611049502789161
[2026-01-06T05:28:36.469+0000] {databricks.py:130} INFO - Sleeping for 30 seconds.
[2026-01-06T05:29:07.699+0000] {databricks.py:128} INFO - run_co2_emissions_serverless_job in run state: {'life_cycle_state': 'RUNNING', 'result_state': '', 'state_message': ''}
[2026-01-06T05:29:07.700+0000] {databricks.py:129} INFO - View run status, Spark UI, and logs at https://dbc-389d0d10-a61e.cloud.databricks.com/?o=4190360109511435#job/166685760796878/run/611049502789161
[2026-01-06T05:29:07.701+0000] {databricks.py:130} INFO - Sleeping for 30 seconds.
[2026-01-06T05:29:39.006+0000] {databricks.py:128} INFO - run_co2_emissions_serverless_job in run state: {'life_cycle_state': 'RUNNING', 'result_state': '', 'state_message': ''}
[2026-01-06T05:29:39.008+0000] {databricks.py:129} INFO - View run status, Spark UI, and logs at https://dbc-389d0d10-a61e.cloud.databricks.com/?o=4190360109511435#job/166685760796878/run/611049502789161
[2026-01-06T05:29:39.009+0000] {databricks.py:130} INFO - Sleeping for 30 seconds.
[2026-01-06T05:30:10.277+0000] {databricks.py:77} INFO - run_co2_emissions_serverless_job completed successfully.
[2026-01-06T05:30:10.279+0000] {databricks.py:78} INFO - View run status, Spark UI, and logs at https://dbc-389d0d10-a61e.cloud.databricks.com/?o=4190360109511435#job/166685760796878/run/611049502789161
[2026-01-06T05:30:10.295+0000] {taskinstance.py:1138} INFO - Marking task as SUCCESS. dag_id=co2_emissions_databricks_etl, task_id=run_co2_emissions_serverless_job, execution_date=20260106T052655, start_date=20260106T052657, end_date=20260106T053010
[2026-01-06T05:30:10.297+0000] {co2_emissions.py:47} INFO - ✅ Pipeline completed in 193.132642s
[2026-01-06T05:30:10.359+0000] {local_task_job_runner.py:234} INFO - Task exited with return code 0
[2026-01-06T05:30:10.395+0000] {taskinstance.py:3280} INFO - 1 downstream tasks scheduled from follow-on schedule check
