[2026-01-06T11:59:04.409+0000] {taskinstance.py:1956} INFO - Dependencies all met for dep_context=non-requeueable deps ti=<TaskInstance: co2_emissions_databricks_etl.run_co2_emissions_serverless_job manual__2026-01-06T11:58:58.132575+00:00 [queued]>
[2026-01-06T11:59:04.422+0000] {taskinstance.py:1956} INFO - Dependencies all met for dep_context=requeueable deps ti=<TaskInstance: co2_emissions_databricks_etl.run_co2_emissions_serverless_job manual__2026-01-06T11:58:58.132575+00:00 [queued]>
[2026-01-06T11:59:04.423+0000] {taskinstance.py:2170} INFO - Starting attempt 1 of 3
[2026-01-06T11:59:04.440+0000] {taskinstance.py:2191} INFO - Executing <Task(DatabricksRunNowOperator): run_co2_emissions_serverless_job> on 2026-01-06 11:58:58.132575+00:00
[2026-01-06T11:59:04.446+0000] {standard_task_runner.py:60} INFO - Started process 3961 to run task
[2026-01-06T11:59:04.451+0000] {standard_task_runner.py:87} INFO - Running: ['***', 'tasks', 'run', 'co2_emissions_databricks_etl', 'run_co2_emissions_serverless_job', 'manual__2026-01-06T11:58:58.132575+00:00', '--job-id', '34', '--raw', '--subdir', 'DAGS_FOLDER/co2_emissions.py', '--cfg-path', '/tmp/tmp07rrms6j']
[2026-01-06T11:59:04.456+0000] {standard_task_runner.py:88} INFO - Job 34: Subtask run_co2_emissions_serverless_job
[2026-01-06T11:59:04.624+0000] {task_command.py:423} INFO - Running <TaskInstance: co2_emissions_databricks_etl.run_co2_emissions_serverless_job manual__2026-01-06T11:58:58.132575+00:00 [running]> on host f2fb2b408209
[2026-01-06T11:59:04.733+0000] {taskinstance.py:2480} INFO - Exporting env vars: AIRFLOW_CTX_DAG_OWNER='Nikhitha' AIRFLOW_CTX_DAG_ID='co2_emissions_databricks_etl' AIRFLOW_CTX_TASK_ID='run_co2_emissions_serverless_job' AIRFLOW_CTX_EXECUTION_DATE='2026-01-06T11:58:58.132575+00:00' AIRFLOW_CTX_TRY_NUMBER='1' AIRFLOW_CTX_DAG_RUN_ID='manual__2026-01-06T11:58:58.132575+00:00'
[2026-01-06T11:59:04.787+0000] {base.py:83} INFO - Using connection ID 'databricks_default' for task execution.
[2026-01-06T11:59:07.173+0000] {databricks.py:66} INFO - Run submitted with run_id: 653702044069876
[2026-01-06T11:59:09.543+0000] {databricks.py:128} INFO - run_co2_emissions_serverless_job in run state: {'life_cycle_state': 'RUNNING', 'result_state': '', 'state_message': ''}
[2026-01-06T11:59:09.545+0000] {databricks.py:129} INFO - View run status, Spark UI, and logs at https://dbc-389d0d10-a61e.cloud.databricks.com/?o=4190360109511435#job/166685760796878/run/653702044069876
[2026-01-06T11:59:09.546+0000] {databricks.py:130} INFO - Sleeping for 30 seconds.
[2026-01-06T11:59:41.019+0000] {databricks.py:128} INFO - run_co2_emissions_serverless_job in run state: {'life_cycle_state': 'RUNNING', 'result_state': '', 'state_message': ''}
[2026-01-06T11:59:41.020+0000] {databricks.py:129} INFO - View run status, Spark UI, and logs at https://dbc-389d0d10-a61e.cloud.databricks.com/?o=4190360109511435#job/166685760796878/run/653702044069876
[2026-01-06T11:59:41.021+0000] {databricks.py:130} INFO - Sleeping for 30 seconds.
[2026-01-06T12:00:12.274+0000] {databricks.py:128} INFO - run_co2_emissions_serverless_job in run state: {'life_cycle_state': 'RUNNING', 'result_state': '', 'state_message': ''}
[2026-01-06T12:00:12.278+0000] {databricks.py:129} INFO - View run status, Spark UI, and logs at https://dbc-389d0d10-a61e.cloud.databricks.com/?o=4190360109511435#job/166685760796878/run/653702044069876
[2026-01-06T12:00:12.279+0000] {databricks.py:130} INFO - Sleeping for 30 seconds.
[2026-01-06T12:00:43.594+0000] {databricks.py:128} INFO - run_co2_emissions_serverless_job in run state: {'life_cycle_state': 'RUNNING', 'result_state': '', 'state_message': ''}
[2026-01-06T12:00:43.596+0000] {databricks.py:129} INFO - View run status, Spark UI, and logs at https://dbc-389d0d10-a61e.cloud.databricks.com/?o=4190360109511435#job/166685760796878/run/653702044069876
[2026-01-06T12:00:43.597+0000] {databricks.py:130} INFO - Sleeping for 30 seconds.
[2026-01-06T12:01:14.923+0000] {databricks.py:128} INFO - run_co2_emissions_serverless_job in run state: {'life_cycle_state': 'RUNNING', 'result_state': '', 'state_message': ''}
[2026-01-06T12:01:14.925+0000] {databricks.py:129} INFO - View run status, Spark UI, and logs at https://dbc-389d0d10-a61e.cloud.databricks.com/?o=4190360109511435#job/166685760796878/run/653702044069876
[2026-01-06T12:01:14.927+0000] {databricks.py:130} INFO - Sleeping for 30 seconds.
[2026-01-06T12:01:46.156+0000] {databricks.py:128} INFO - run_co2_emissions_serverless_job in run state: {'life_cycle_state': 'RUNNING', 'result_state': '', 'state_message': ''}
[2026-01-06T12:01:46.158+0000] {databricks.py:129} INFO - View run status, Spark UI, and logs at https://dbc-389d0d10-a61e.cloud.databricks.com/?o=4190360109511435#job/166685760796878/run/653702044069876
[2026-01-06T12:01:46.158+0000] {databricks.py:130} INFO - Sleeping for 30 seconds.
[2026-01-06T12:02:17.533+0000] {databricks.py:77} INFO - run_co2_emissions_serverless_job completed successfully.
[2026-01-06T12:02:17.535+0000] {databricks.py:78} INFO - View run status, Spark UI, and logs at https://dbc-389d0d10-a61e.cloud.databricks.com/?o=4190360109511435#job/166685760796878/run/653702044069876
[2026-01-06T12:02:17.557+0000] {taskinstance.py:1138} INFO - Marking task as SUCCESS. dag_id=co2_emissions_databricks_etl, task_id=run_co2_emissions_serverless_job, execution_date=20260106T115858, start_date=20260106T115904, end_date=20260106T120217
[2026-01-06T12:02:17.558+0000] {co2_emissions.py:136} INFO - ✅ Pipeline completed in 193.146039s
[2026-01-06T12:02:17.633+0000] {local_task_job_runner.py:234} INFO - Task exited with return code 0
[2026-01-06T12:02:17.667+0000] {taskinstance.py:3280} INFO - 1 downstream tasks scheduled from follow-on schedule check
