[2026-01-06T08:05:33.499+0000] {taskinstance.py:1956} INFO - Dependencies all met for dep_context=non-requeueable deps ti=<TaskInstance: co2_emissions_databricks_etl.run_co2_emissions_serverless_job manual__2026-01-06T08:05:28.391197+00:00 [queued]>
[2026-01-06T08:05:33.509+0000] {taskinstance.py:1956} INFO - Dependencies all met for dep_context=requeueable deps ti=<TaskInstance: co2_emissions_databricks_etl.run_co2_emissions_serverless_job manual__2026-01-06T08:05:28.391197+00:00 [queued]>
[2026-01-06T08:05:33.511+0000] {taskinstance.py:2170} INFO - Starting attempt 1 of 3
[2026-01-06T08:05:33.529+0000] {taskinstance.py:2191} INFO - Executing <Task(DatabricksRunNowOperator): run_co2_emissions_serverless_job> on 2026-01-06 08:05:28.391197+00:00
[2026-01-06T08:05:33.538+0000] {standard_task_runner.py:60} INFO - Started process 1652 to run task
[2026-01-06T08:05:33.542+0000] {standard_task_runner.py:87} INFO - Running: ['***', 'tasks', 'run', 'co2_emissions_databricks_etl', 'run_co2_emissions_serverless_job', 'manual__2026-01-06T08:05:28.391197+00:00', '--job-id', '28', '--raw', '--subdir', 'DAGS_FOLDER/co2_emissions.py', '--cfg-path', '/tmp/tmpawylkcmx']
[2026-01-06T08:05:33.545+0000] {standard_task_runner.py:88} INFO - Job 28: Subtask run_co2_emissions_serverless_job
[2026-01-06T08:05:33.697+0000] {task_command.py:423} INFO - Running <TaskInstance: co2_emissions_databricks_etl.run_co2_emissions_serverless_job manual__2026-01-06T08:05:28.391197+00:00 [running]> on host f2fb2b408209
[2026-01-06T08:05:33.801+0000] {taskinstance.py:2480} INFO - Exporting env vars: AIRFLOW_CTX_DAG_OWNER='Nikhitha' AIRFLOW_CTX_DAG_ID='co2_emissions_databricks_etl' AIRFLOW_CTX_TASK_ID='run_co2_emissions_serverless_job' AIRFLOW_CTX_EXECUTION_DATE='2026-01-06T08:05:28.391197+00:00' AIRFLOW_CTX_TRY_NUMBER='1' AIRFLOW_CTX_DAG_RUN_ID='manual__2026-01-06T08:05:28.391197+00:00'
[2026-01-06T08:05:33.835+0000] {base.py:83} INFO - Using connection ID 'databricks_default' for task execution.
[2026-01-06T08:05:35.922+0000] {databricks.py:66} INFO - Run submitted with run_id: 934370181604665
[2026-01-06T08:05:38.137+0000] {databricks.py:128} INFO - run_co2_emissions_serverless_job in run state: {'life_cycle_state': 'RUNNING', 'result_state': '', 'state_message': ''}
[2026-01-06T08:05:38.138+0000] {databricks.py:129} INFO - View run status, Spark UI, and logs at https://dbc-389d0d10-a61e.cloud.databricks.com/?o=4190360109511435#job/166685760796878/run/934370181604665
[2026-01-06T08:05:38.139+0000] {databricks.py:130} INFO - Sleeping for 30 seconds.
[2026-01-06T08:06:09.377+0000] {databricks.py:128} INFO - run_co2_emissions_serverless_job in run state: {'life_cycle_state': 'RUNNING', 'result_state': '', 'state_message': ''}
[2026-01-06T08:06:09.379+0000] {databricks.py:129} INFO - View run status, Spark UI, and logs at https://dbc-389d0d10-a61e.cloud.databricks.com/?o=4190360109511435#job/166685760796878/run/934370181604665
[2026-01-06T08:06:09.380+0000] {databricks.py:130} INFO - Sleeping for 30 seconds.
[2026-01-06T08:06:40.572+0000] {databricks.py:128} INFO - run_co2_emissions_serverless_job in run state: {'life_cycle_state': 'RUNNING', 'result_state': '', 'state_message': ''}
[2026-01-06T08:06:40.574+0000] {databricks.py:129} INFO - View run status, Spark UI, and logs at https://dbc-389d0d10-a61e.cloud.databricks.com/?o=4190360109511435#job/166685760796878/run/934370181604665
[2026-01-06T08:06:40.575+0000] {databricks.py:130} INFO - Sleeping for 30 seconds.
[2026-01-06T08:07:13.331+0000] {databricks.py:128} INFO - run_co2_emissions_serverless_job in run state: {'life_cycle_state': 'RUNNING', 'result_state': '', 'state_message': ''}
[2026-01-06T08:07:13.356+0000] {databricks.py:129} INFO - View run status, Spark UI, and logs at https://dbc-389d0d10-a61e.cloud.databricks.com/?o=4190360109511435#job/166685760796878/run/934370181604665
[2026-01-06T08:07:13.358+0000] {databricks.py:130} INFO - Sleeping for 30 seconds.
[2026-01-06T08:07:44.500+0000] {databricks.py:128} INFO - run_co2_emissions_serverless_job in run state: {'life_cycle_state': 'RUNNING', 'result_state': '', 'state_message': ''}
[2026-01-06T08:07:44.501+0000] {databricks.py:129} INFO - View run status, Spark UI, and logs at https://dbc-389d0d10-a61e.cloud.databricks.com/?o=4190360109511435#job/166685760796878/run/934370181604665
[2026-01-06T08:07:44.502+0000] {databricks.py:130} INFO - Sleeping for 30 seconds.
[2026-01-06T08:08:15.692+0000] {databricks.py:128} INFO - run_co2_emissions_serverless_job in run state: {'life_cycle_state': 'RUNNING', 'result_state': '', 'state_message': ''}
[2026-01-06T08:08:15.693+0000] {databricks.py:129} INFO - View run status, Spark UI, and logs at https://dbc-389d0d10-a61e.cloud.databricks.com/?o=4190360109511435#job/166685760796878/run/934370181604665
[2026-01-06T08:08:15.693+0000] {databricks.py:130} INFO - Sleeping for 30 seconds.
[2026-01-06T08:08:46.828+0000] {databricks.py:77} INFO - run_co2_emissions_serverless_job completed successfully.
[2026-01-06T08:08:46.830+0000] {databricks.py:78} INFO - View run status, Spark UI, and logs at https://dbc-389d0d10-a61e.cloud.databricks.com/?o=4190360109511435#job/166685760796878/run/934370181604665
[2026-01-06T08:08:47.048+0000] {taskinstance.py:1138} INFO - Marking task as SUCCESS. dag_id=co2_emissions_databricks_etl, task_id=run_co2_emissions_serverless_job, execution_date=20260106T080528, start_date=20260106T080533, end_date=20260106T080847
[2026-01-06T08:08:47.051+0000] {co2_emissions.py:136} INFO - ✅ Pipeline completed in 193.54531s
[2026-01-06T08:08:47.173+0000] {local_task_job_runner.py:234} INFO - Task exited with return code 0
[2026-01-06T08:08:47.277+0000] {taskinstance.py:3280} INFO - 1 downstream tasks scheduled from follow-on schedule check
